INFO:main:*** Character model ***
INFO:model:Loading model from checkpoint at spelling_model/model_50_spelling.pt
INFO:main:*** Character model ***
INFO:model:Loading model from checkpoint at spelling_model/model_50_spelling.pt
INFO:model:* number of parameters: 10437793
INFO:main:Namespace(attention=True, backward_splits=None, batch_size=500, bias=True, bos=True, brnn=True, char_model=None, correct_unique_mappings=False, cuda=True, data_augm=True, dropout=0.5, emb_size=256, end_epoch=50, eos=True, eval=False, gpu=0, input='spelling', interactive=False, layers=3, learning_rate_decay=0.05, load_from=None, log_interval=1, logfolder=True, lowercase=True, lr=0.001, max_grad_norm=5.0, max_train_decode_len=50, maxlen=None, noise_ratio=0.1, optim='adam', rnn_size=500, rnn_type='LSTM', save_dir='spelling_model', save_interval=51, seed=3435, self_tok=False, share_embeddings=True, share_vocab=True, start_decay_after=30, start_epoch=1, teacher_forcing_ratio=0.6, testdata='dataset/test_truth.json', tie_decoder_embeddings=True, traindata='dataset/train_data.json', valsplit=0, vocab_size=None)
INFO:main:Loading test data for character model from "dataset/test_truth.json"
INFO:main:Loading training data for character model from "dataset/train_data.json"
INFO:main: * Character model vocabulary size. source = 41; target = 41
INFO:main: * Character model maximum batch size. 500
INFO:main:Seq2Seq(
  (encoder): EncoderRNN(
    (embedding): Embedding(41, 256, padding_idx=0)
    (rnn): LSTM(256, 250, num_layers=3, dropout=0.5, bidirectional=True)
  )
  (decoder): LuongAttnDecoderRNN(
    (tanh): Tanh()
    (embedding): Embedding(41, 256, padding_idx=0)
    (rnn): LSTM(256, 500, num_layers=3, dropout=0.5)
    (W_a): Linear(in_features=500, out_features=500, bias=True)
    (W_c): Linear(in_features=1000, out_features=500, bias=True)
    (W_proj): Linear(in_features=500, out_features=256, bias=True)
    (W_s): Linear(in_features=256, out_features=41, bias=True)
  )
)
INFO:main:=======Char eval on test set=============
INFO:main:*** Character model ***
INFO:model:Loading model from checkpoint at spelling_model/model_50_spelling.pt
INFO:model:* number of parameters: 10437793
INFO:main:Namespace(attention=True, backward_splits=None, batch_size=500, bias=True, bos=True, brnn=True, char_model=None, correct_unique_mappings=False, cuda=True, data_augm=True, dropout=0.5, emb_size=256, end_epoch=50, eos=True, eval=False, gpu=0, input='spelling', interactive=False, layers=3, learning_rate_decay=0.05, load_from=None, log_interval=1, logfolder=True, lowercase=True, lr=0.001, max_grad_norm=5.0, max_train_decode_len=50, maxlen=None, noise_ratio=0.1, optim='adam', rnn_size=500, rnn_type='LSTM', save_dir='spelling_model', save_interval=51, seed=3435, self_tok=False, share_embeddings=True, share_vocab=True, start_decay_after=30, start_epoch=1, teacher_forcing_ratio=0.6, testdata='dataset/test_truth.json', tie_decoder_embeddings=True, traindata='dataset/train_data.json', valsplit=0, vocab_size=None)
INFO:main:Loading test data for character model from "dataset/test_truth.json"
INFO:main:Loading training data for character model from "dataset/train_data.json"
INFO:main: * Character model vocabulary size. source = 41; target = 41
INFO:main: * Character model maximum batch size. 500
INFO:main:Seq2Seq(
  (encoder): EncoderRNN(
    (embedding): Embedding(41, 256, padding_idx=0)
    (rnn): LSTM(256, 250, num_layers=3, dropout=0.5, bidirectional=True)
  )
  (decoder): LuongAttnDecoderRNN(
    (tanh): Tanh()
    (embedding): Embedding(41, 256, padding_idx=0)
    (rnn): LSTM(256, 500, num_layers=3, dropout=0.5)
    (W_a): Linear(in_features=500, out_features=500, bias=True)
    (W_c): Linear(in_features=1000, out_features=500, bias=True)
    (W_proj): Linear(in_features=500, out_features=256, bias=True)
    (W_s): Linear(in_features=256, out_features=41, bias=True)
  )
)
INFO:main:=======Char eval on test set=============
INFO:main:*** Character model ***
INFO:model:Loading model from checkpoint at spelling_model/model_50_spelling.pt
INFO:model:* number of parameters: 10437793
INFO:main:Namespace(attention=True, backward_splits=None, batch_size=500, bias=True, bos=True, brnn=True, char_model=None, correct_unique_mappings=False, cuda=True, data_augm=True, dropout=0.5, emb_size=256, end_epoch=50, eos=True, eval=False, gpu=0, input='spelling', interactive=False, layers=3, learning_rate_decay=0.05, load_from=None, log_interval=1, logfolder=True, lowercase=True, lr=0.001, max_grad_norm=5.0, max_train_decode_len=50, maxlen=None, noise_ratio=0.1, optim='adam', rnn_size=500, rnn_type='LSTM', save_dir='spelling_model', save_interval=51, seed=3435, self_tok=False, share_embeddings=True, share_vocab=True, start_decay_after=30, start_epoch=1, teacher_forcing_ratio=0.6, testdata='dataset/test_truth.json', tie_decoder_embeddings=True, traindata='dataset/train_data.json', valsplit=0, vocab_size=None)
INFO:main:Loading test data for character model from "dataset/test_truth.json"
INFO:main:Loading training data for character model from "dataset/train_data.json"
INFO:main: * Character model vocabulary size. source = 41; target = 41
INFO:main: * Character model maximum batch size. 500
INFO:main:Seq2Seq(
  (encoder): EncoderRNN(
    (embedding): Embedding(41, 256, padding_idx=0)
    (rnn): LSTM(256, 250, num_layers=3, dropout=0.5, bidirectional=True)
  )
  (decoder): LuongAttnDecoderRNN(
    (tanh): Tanh()
    (embedding): Embedding(41, 256, padding_idx=0)
    (rnn): LSTM(256, 500, num_layers=3, dropout=0.5)
    (W_a): Linear(in_features=500, out_features=500, bias=True)
    (W_c): Linear(in_features=1000, out_features=500, bias=True)
    (W_proj): Linear(in_features=500, out_features=256, bias=True)
    (W_s): Linear(in_features=256, out_features=41, bias=True)
  )
)
INFO:main:=======Char eval on test set=============
INFO:main:*** Character model ***
INFO:model:Loading model from checkpoint at spelling_model/model_50_spelling.pt
INFO:model:* number of parameters: 10437793
INFO:main:Namespace(attention=True, backward_splits=None, batch_size=500, bias=True, bos=True, brnn=True, char_model=None, correct_unique_mappings=False, cuda=True, data_augm=True, dropout=0.5, emb_size=256, end_epoch=50, eos=True, eval=False, gpu=0, input='spelling', interactive=False, layers=3, learning_rate_decay=0.05, load_from=None, log_interval=1, logfolder=True, lowercase=True, lr=0.001, max_grad_norm=5.0, max_train_decode_len=50, maxlen=None, noise_ratio=0.1, optim='adam', rnn_size=500, rnn_type='LSTM', save_dir='spelling_model', save_interval=51, seed=3435, self_tok=False, share_embeddings=True, share_vocab=True, start_decay_after=30, start_epoch=1, teacher_forcing_ratio=0.6, testdata='dataset/test_truth.json', tie_decoder_embeddings=True, traindata='dataset/train_data.json', valsplit=0, vocab_size=None)
INFO:main:Loading test data for character model from "dataset/test_truth.json"
INFO:main:Loading training data for character model from "dataset/train_data.json"
INFO:main: * Character model vocabulary size. source = 41; target = 41
INFO:main: * Character model maximum batch size. 500
INFO:main:Seq2Seq(
  (encoder): EncoderRNN(
    (embedding): Embedding(41, 256, padding_idx=0)
    (rnn): LSTM(256, 250, num_layers=3, dropout=0.5, bidirectional=True)
  )
  (decoder): LuongAttnDecoderRNN(
    (tanh): Tanh()
    (embedding): Embedding(41, 256, padding_idx=0)
    (rnn): LSTM(256, 500, num_layers=3, dropout=0.5)
    (W_a): Linear(in_features=500, out_features=500, bias=True)
    (W_c): Linear(in_features=1000, out_features=500, bias=True)
    (W_proj): Linear(in_features=500, out_features=256, bias=True)
    (W_s): Linear(in_features=256, out_features=41, bias=True)
  )
)
INFO:main:=======Char eval on test set=============
INFO:main:*** Character model ***
INFO:model:Loading model from checkpoint at spelling_model/model_50_spelling.pt
INFO:model:* number of parameters: 10437793
INFO:main:Namespace(attention=True, backward_splits=None, batch_size=500, bias=True, bos=True, brnn=True, char_model=None, correct_unique_mappings=False, cuda=True, data_augm=True, dropout=0.5, emb_size=256, end_epoch=50, eos=True, eval=False, gpu=0, input='spelling', interactive=False, layers=3, learning_rate_decay=0.05, load_from=None, log_interval=1, logfolder=True, lowercase=True, lr=0.001, max_grad_norm=5.0, max_train_decode_len=50, maxlen=None, noise_ratio=0.1, optim='adam', rnn_size=500, rnn_type='LSTM', save_dir='spelling_model', save_interval=51, seed=3435, self_tok=False, share_embeddings=True, share_vocab=True, start_decay_after=30, start_epoch=1, teacher_forcing_ratio=0.6, testdata='dataset/test_truth.json', tie_decoder_embeddings=True, traindata='dataset/train_data.json', valsplit=0, vocab_size=None)
INFO:main:Loading test data for character model from "dataset/test_truth.json"
INFO:main:Loading training data for character model from "dataset/train_data.json"
INFO:main: * Character model vocabulary size. source = 41; target = 41
INFO:main: * Character model maximum batch size. 500
INFO:main:Seq2Seq(
  (encoder): EncoderRNN(
    (embedding): Embedding(41, 256, padding_idx=0)
    (rnn): LSTM(256, 250, num_layers=3, dropout=0.5, bidirectional=True)
  )
  (decoder): LuongAttnDecoderRNN(
    (tanh): Tanh()
    (embedding): Embedding(41, 256, padding_idx=0)
    (rnn): LSTM(256, 500, num_layers=3, dropout=0.5)
    (W_a): Linear(in_features=500, out_features=500, bias=True)
    (W_c): Linear(in_features=1000, out_features=500, bias=True)
    (W_proj): Linear(in_features=500, out_features=256, bias=True)
    (W_s): Linear(in_features=256, out_features=41, bias=True)
  )
)
INFO:main:=======Char eval on test set=============
INFO:eval:correct_norm:1250.0, total_norm:2043.0, total_nsw:2087.0
INFO:eval:precision:0.611845325502, recall:0.598945855295, f1:0.605326876513

INFO:eval:ind:2461 tid:470148142088736768 
input:lailahaillallah
target:lailahaillallah
prediction:lailahaillalah

INFO:eval:ind:2461 tid:470148142088736768 
input:alhamdulillah
target:alhamdulillah
prediction:alhamdulillah

INFO:eval:ind:2444 tid:471477967164411904 
input:championship
target:championship
prediction:championship

INFO:eval:ind:2445 tid:470774443963609089 
input:marltoooooon
target:marlton
prediction:marltoooooon

INFO:eval:ind:2445 tid:470774443963609089 
input:marltoooooon
target:marlton
prediction:marltoooooon

INFO:eval:Corpus F1 score: 60.53
INFO:eval:Predictions saved to hybrid_model/test.pred.char
INFO:main:=======Char eval on validation set=============
INFO:eval:correct_norm:2670.0, total_norm:3794.0, total_nsw:3008.0
INFO:eval:precision:0.703742751713, recall:0.887632978723, f1:0.785063216701

INFO:eval:ind:2453 tid:470354589930512384 
input:wolfnsheepclothing140
target:wolfnsheepclothing140
prediction:wolfnsheepclothing140

INFO:eval:ind:2446 tid:471600545665265664 
input:investissement
target:investissement
prediction:investissement

INFO:eval:ind:2460 tid:472015563670036481 
input:receptionist
target:receptionist
prediction:receptionist

INFO:eval:ind:2418 tid:469947163615952896 
input:councillors
target:councillors
prediction:councillors

INFO:eval:ind:2429 tid:469819040219664384 
input:personality
target:personality
prediction:personality

INFO:eval:Corpus F1 score: 78.51
INFO:eval:Predictions saved to hybrid_model/valid.pred.char
INFO:model:Loading model from checkpoint at word_model/model_50_word.pt
INFO:model:* number of parameters: 2688584
INFO:main:Namespace(attention=True, backward_splits=None, batch_size=32, bias=True, bos=True, brnn=True, char_model=None, correct_unique_mappings=False, cuda=True, data_augm=False, dropout=0.5, emb_size=100, end_epoch=50, eos=True, eval=False, gpu=0, input='word', interactive=False, layers=3, learning_rate_decay=0.05, load_from=None, log_interval=1, logfolder=True, lowercase=True, lr=0.01, max_grad_norm=5.0, max_train_decode_len=50, maxlen=None, noise_ratio=0.4, optim='adam', rnn_size=200, rnn_type='LSTM', save_dir='word_model', save_interval=51, seed=3435, self_tok=False, share_embeddings=True, share_vocab=True, start_decay_after=15, start_epoch=1, teacher_forcing_ratio=0.6, testdata='dataset/test_truth.json', tie_decoder_embeddings=True, traindata='dataset/train_data.json', valsplit=0, vocab_size=None)
INFO:main:Loading test data from "dataset/test_truth.json"
INFO:main:Loading training data from "dataset/train_data.json"
INFO:main: * Vocabulary size. source = 10084; target = 10084
INFO:main: * Maximum batch size. 32
INFO:main:Seq2Seq(
  (encoder): EncoderRNN(
    (embedding): Embedding(10084, 100, padding_idx=0)
    (rnn): LSTM(100, 100, num_layers=3, dropout=0.5, bidirectional=True)
  )
  (decoder): LuongAttnDecoderRNN(
    (tanh): Tanh()
    (embedding): Embedding(10084, 100, padding_idx=0)
    (rnn): LSTM(100, 200, num_layers=3, dropout=0.5)
    (W_a): Linear(in_features=200, out_features=200, bias=True)
    (W_c): Linear(in_features=400, out_features=200, bias=True)
    (W_proj): Linear(in_features=200, out_features=100, bias=True)
    (W_s): Linear(in_features=100, out_features=10084, bias=True)
  )
)
INFO:main:=======Eval on test set=============
INFO:model:secondary model confidence:50.7621498108, unk_word:diid, prediction:did
INFO:model:secondary model confidence:70.4585800171, unk_word:lailahaillallah, prediction:lailahaillalah
INFO:model:secondary model confidence:63.5755653381, unk_word:speakin, prediction:speaking
INFO:model:secondary model confidence:62.9138870239, unk_word:thisnewssoccer, prediction:thisnewssocer
INFO:model:secondary model confidence:52.1735496521, unk_word:havin, prediction:having
INFO:model:secondary model confidence:57.2370147705, unk_word:bars, prediction:bads
INFO:model:secondary model confidence:52.9341545105, unk_word:timeee, prediction:time
INFO:model:secondary model confidence:62.1293640137, unk_word:casue, prediction:basue
INFO:model:secondary model confidence:58.9685668945, unk_word:btfol, prediction:bitol
INFO:model:secondary model confidence:51.3632774353, unk_word:lolll, prediction:loll
INFO:model:secondary model confidence:55.7439041138, unk_word:becos, prediction:becouse
INFO:model:secondary model confidence:60.1764450073, unk_word:workin, prediction:working
INFO:model:secondary model confidence:62.6980285645, unk_word:iight, prediction:algith
INFO:model:secondary model confidence:53.9290466309, unk_word:alrightt, prediction:alright
INFO:model:secondary model confidence:55.3626060486, unk_word:sooo, prediction:so
INFO:model:secondary model confidence:56.4798469543, unk_word:whta, prediction:whate
INFO:model:secondary model confidence:64.8783416748, unk_word:slackin, prediction:slacking
INFO:model:secondary model confidence:51.6710014343, unk_word:yesssssss, prediction:yes
INFO:model:secondary model confidence:52.7846450806, unk_word:tuk, prediction:tuck
INFO:model:secondary model confidence:53.8596611023, unk_word:lovin, prediction:loving
INFO:model:secondary model confidence:55.959815979, unk_word:bwt, prediction:bawth
INFO:model:secondary model confidence:52.2731246948, unk_word:chillll, prediction:chill
INFO:model:secondary model confidence:51.6230239868, unk_word:board, prediction:bord
INFO:model:secondary model confidence:58.4353408813, unk_word:tosee, prediction:tose
INFO:model:secondary model confidence:58.4365997314, unk_word:redtour, prediction:redtor
INFO:model:secondary model confidence:51.6138534546, unk_word:lkt, prediction:lit
INFO:model:secondary model confidence:66.478302002, unk_word:lukkk, prediction:luck
INFO:model:secondary model confidence:54.4220695496, unk_word:dudeeeeee, prediction:dude
INFO:model:secondary model confidence:51.8430900574, unk_word:gonul, prediction:gonna
INFO:model:secondary model confidence:53.6312332153, unk_word:beguilin, prediction:beguiling
INFO:model:secondary model confidence:64.6491317749, unk_word:disrespectful, prediction:disrespectull
INFO:model:secondary model confidence:59.7943000793, unk_word:disappearin, prediction:disappearing
INFO:model:secondary model confidence:55.3310203552, unk_word:wtt, prediction:with
INFO:model:secondary model confidence:62.046749115, unk_word:samin, prediction:saming
INFO:model:secondary model confidence:52.767375946, unk_word:tlkin, prediction:talking
INFO:model:secondary model confidence:53.2535057068, unk_word:btch, prediction:bitch
INFO:model:secondary model confidence:58.2209129333, unk_word:haaaaaabibiiiiiiii, prediction:haaaaaabibiia
INFO:model:secondary model confidence:73.6968383789, unk_word:frickin, prediction:fricking
INFO:model:secondary model confidence:60.7038574219, unk_word:sorrynotsorry, prediction:sorrynotsory
INFO:model:secondary model confidence:50.7580413818, unk_word:accs, prediction:accuased
INFO:model:secondary model confidence:53.1361923218, unk_word:luxe, prediction:luse
INFO:model:secondary model confidence:53.1361923218, unk_word:luxe, prediction:luse
INFO:model:secondary model confidence:51.2223968506, unk_word:viz, prediction:via
INFO:model:secondary model confidence:60.0465698242, unk_word:wiz, prediction:wis
INFO:model:secondary model confidence:59.76537323, unk_word:sometime, prediction:sometimes
INFO:model:secondary model confidence:64.8783416748, unk_word:slackin, prediction:slacking
INFO:model:secondary model confidence:63.3873786926, unk_word:facee, prediction:face
INFO:model:secondary model confidence:62.9631538391, unk_word:brothas, prediction:brothers
INFO:model:secondary model confidence:54.5140647888, unk_word:buggin, prediction:bugging
INFO:model:secondary model confidence:57.9409408569, unk_word:trapgodwin, prediction:trapgodwing
INFO:model:secondary model confidence:79.9842147827, unk_word:fuuck, prediction:fuck
INFO:model:secondary model confidence:50.6234664917, unk_word:loll, prediction:lold
INFO:model:secondary model confidence:67.0057067871, unk_word:missin, prediction:missing
INFO:model:secondary model confidence:51.5554389954, unk_word:shih, prediction:shit
INFO:model:secondary model confidence:55.0446052551, unk_word:cuttin, prediction:cutting
INFO:model:secondary model confidence:64.4263916016, unk_word:parkd, prediction:parked
INFO:model:secondary model confidence:57.0386772156, unk_word:yessir, prediction:yes
INFO:model:secondary model confidence:65.3802719116, unk_word:bareskin, prediction:baresking
INFO:model:secondary model confidence:53.9419212341, unk_word:babyy, prediction:baby
INFO:model:secondary model confidence:60.0157394409, unk_word:likee, prediction:like
INFO:model:secondary model confidence:53.1448783875, unk_word:liv, prediction:live
INFO:model:secondary model confidence:56.2417526245, unk_word:latin, prediction:lating
INFO:model:secondary model confidence:57.0386772156, unk_word:yessir, prediction:yes
INFO:model:secondary model confidence:50.7452964783, unk_word:fwy, prediction:faw
INFO:model:secondary model confidence:68.7812805176, unk_word:swthat, prediction:swith
INFO:model:secondary model confidence:57.3937835693, unk_word:girlfrnd, prediction:girlfriend
INFO:model:secondary model confidence:53.2621650696, unk_word:mddrrr, prediction:mddrr
INFO:model:secondary model confidence:60.0465698242, unk_word:wiz, prediction:wis
INFO:model:secondary model confidence:53.1059532166, unk_word:sht, prediction:shit
INFO:model:secondary model confidence:54.7732391357, unk_word:fuc, prediction:fuck
INFO:model:secondary model confidence:55.5670509338, unk_word:girllll, prediction:girll
INFO:model:secondary model confidence:50.2384338379, unk_word:niggaz, prediction:niggers
INFO:model:secondary model confidence:72.928352356, unk_word:bitchessssss, prediction:bitchesssss
INFO:model:secondary model confidence:59.8892478943, unk_word:cuteee, prediction:cute
INFO:model:secondary model confidence:59.6219940186, unk_word:wherr, prediction:where
INFO:model:secondary model confidence:54.2263374329, unk_word:hottttt, prediction:hot
INFO:model:secondary model confidence:60.1764450073, unk_word:workin, prediction:working
INFO:model:secondary model confidence:74.4025039673, unk_word:bitchs, prediction:bitches
INFO:model:secondary model confidence:52.8578033447, unk_word:cruz, prediction:crus
INFO:model:secondary model confidence:55.3626060486, unk_word:sooo, prediction:so
INFO:model:secondary model confidence:62.6980285645, unk_word:iight, prediction:algith
INFO:model:secondary model confidence:55.0944862366, unk_word:thottin, prediction:thotting
INFO:model:secondary model confidence:60.4590148926, unk_word:considerin, prediction:considering
INFO:model:secondary model confidence:55.4677047729, unk_word:thnk, prediction:think
INFO:model:secondary model confidence:57.2495689392, unk_word:sled, prediction:sleed
INFO:model:secondary model confidence:64.8881988525, unk_word:puddin, prediction:pudding
INFO:model:secondary model confidence:63.0157814026, unk_word:settin, prediction:setting
INFO:model:secondary model confidence:52.5860176086, unk_word:oneee, prediction:one
INFO:model:secondary model confidence:69.5693893433, unk_word:frontin, prediction:fronting
INFO:model:secondary model confidence:54.8920516968, unk_word:motha, prediction:mother
INFO:model:secondary model confidence:64.7597885132, unk_word:sides, prediction:sidee
INFO:model:secondary model confidence:72.6497116089, unk_word:pissin, prediction:pissing
INFO:model:secondary model confidence:66.0494842529, unk_word:shite, prediction:shit
INFO:model:secondary model confidence:66.9456481934, unk_word:championssssss, prediction:championssss
INFO:model:secondary model confidence:54.5315055847, unk_word:clownin, prediction:clowning
INFO:model:secondary model confidence:56.738658905, unk_word:peel, prediction:peeple
INFO:model:secondary model confidence:50.0080375671, unk_word:bfor, prediction:boor
INFO:model:secondary model confidence:52.8888549805, unk_word:whs, prediction:whas
INFO:model:secondary model confidence:56.0639305115, unk_word:couse, prediction:bocause
INFO:model:secondary model confidence:50.1086730957, unk_word:wrkd, prediction:work
INFO:model:secondary model confidence:51.1260871887, unk_word:tommee, prediction:tomm
INFO:model:secondary model confidence:51.1260871887, unk_word:tommee, prediction:tomm
INFO:model:secondary model confidence:54.6237487793, unk_word:jumpin, prediction:jumping
INFO:model:secondary model confidence:57.9786758423, unk_word:borealis, prediction:borealiz
INFO:model:secondary model confidence:63.7783355713, unk_word:niiiikkkaaarrr, prediction:niniikkaaaarr
INFO:model:secondary model confidence:62.2959785461, unk_word:wildin, prediction:wilding
INFO:model:secondary model confidence:51.748626709, unk_word:saad, prediction:sadd
INFO:model:secondary model confidence:61.1835327148, unk_word:sellin, prediction:selling
INFO:model:secondary model confidence:57.6022796631, unk_word:pdhl, prediction:pohl
INFO:model:secondary model confidence:52.3376502991, unk_word:wkend, prediction:weend
INFO:model:secondary model confidence:65.7897720337, unk_word:fuxked, prediction:fucked
INFO:model:secondary model confidence:55.2435493469, unk_word:tmmrow, prediction:tomorrow
INFO:model:secondary model confidence:60.0465698242, unk_word:wiz, prediction:wis
INFO:model:secondary model confidence:60.9585609436, unk_word:lordt, prediction:lord
INFO:model:secondary model confidence:61.0075111389, unk_word:fckng, prediction:fucking
INFO:model:secondary model confidence:54.557510376, unk_word:wrks, prediction:works
INFO:model:secondary model confidence:55.811416626, unk_word:cuase, prediction:because
INFO:model:secondary model confidence:66.8114471436, unk_word:judgemental, prediction:judgmentall
INFO:model:secondary model confidence:76.8733444214, unk_word:friendswithyou, prediction:friendswithoy
INFO:model:secondary model confidence:53.0142402649, unk_word:mohs, prediction:moth
INFO:model:secondary model confidence:53.9941101074, unk_word:sehr, prediction:sehor
INFO:model:secondary model confidence:56.2992401123, unk_word:clappin, prediction:clapping
INFO:model:secondary model confidence:62.4285926819, unk_word:schneiderlin, prediction:schneiderling
INFO:model:secondary model confidence:58.4049568176, unk_word:ilorin, prediction:iloring
INFO:model:secondary model confidence:55.3626060486, unk_word:sooo, prediction:so
INFO:model:secondary model confidence:58.8664894104, unk_word:mahashivratri, prediction:mahashivrati
INFO:model:secondary model confidence:54.3483161926, unk_word:yousuf, prediction:yousu
INFO:model:secondary model confidence:57.8863182068, unk_word:bettr, prediction:better
INFO:model:secondary model confidence:55.8818397522, unk_word:sept, prediction:september
INFO:model:secondary model confidence:61.3974571228, unk_word:kikkin, prediction:kikking
INFO:model:secondary model confidence:54.4651451111, unk_word:turnin, prediction:turning
INFO:model:secondary model confidence:50.1649665833, unk_word:naww, prediction:noww
INFO:model:secondary model confidence:71.5728683472, unk_word:primitive, prediction:premitive
INFO:model:secondary model confidence:53.3999633789, unk_word:niggss, prediction:niggers
INFO:model:secondary model confidence:57.6838493347, unk_word:makinng, prediction:making
INFO:model:secondary model confidence:53.9901313782, unk_word:wdlive, prediction:wodlive
INFO:model:secondary model confidence:52.5536766052, unk_word:leakd, prediction:leaked
INFO:model:secondary model confidence:61.6084289551, unk_word:startin, prediction:starting
INFO:model:secondary model confidence:52.1735496521, unk_word:havin, prediction:having
INFO:model:secondary model confidence:50.2384338379, unk_word:niggaz, prediction:niggers
INFO:model:secondary model confidence:72.8963699341, unk_word:perfomance, prediction:performance
INFO:model:secondary model confidence:67.4846801758, unk_word:birthdayyyyy, prediction:birthday
INFO:model:secondary model confidence:57.670917511, unk_word:mooooneeeeey, prediction:moo
INFO:model:secondary model confidence:52.5318717957, unk_word:comeee, prediction:come
INFO:model:secondary model confidence:67.6323242188, unk_word:witte, prediction:with
INFO:model:secondary model confidence:72.135848999, unk_word:fcuk, prediction:fuck
INFO:model:secondary model confidence:65.8485565186, unk_word:pantsareneveranoption, prediction:pantsarenever
INFO:model:secondary model confidence:52.8619880676, unk_word:pppp, prediction:people
INFO:model:secondary model confidence:53.3627815247, unk_word:brohh, prediction:brother
INFO:model:secondary model confidence:61.9187965393, unk_word:brotherr, prediction:brother
INFO:model:secondary model confidence:50.2376785278, unk_word:commin, prediction:comming
INFO:model:secondary model confidence:60.4826087952, unk_word:ibru, prediction:ibro
INFO:model:secondary model confidence:58.405254364, unk_word:wiw, prediction:with
INFO:model:secondary model confidence:55.4147987366, unk_word:tradin, prediction:trading
INFO:model:secondary model confidence:59.6882362366, unk_word:lameek, prediction:lame
INFO:model:secondary model confidence:51.1859054565, unk_word:knob, prediction:know
INFO:model:secondary model confidence:68.1238479614, unk_word:switchin, prediction:switching
INFO:model:secondary model confidence:53.9614601135, unk_word:broo, prediction:brother
INFO:model:secondary model confidence:50.6737365723, unk_word:notttt, prediction:not
INFO:model:secondary model confidence:52.8862571716, unk_word:obvs, prediction:obvsoretomons
INFO:model:secondary model confidence:52.2832565308, unk_word:mlk, prediction:mll
INFO:model:secondary model confidence:55.3626060486, unk_word:sooo, prediction:so
INFO:model:secondary model confidence:54.7732391357, unk_word:fuc, prediction:fuck
INFO:model:secondary model confidence:57.8946113586, unk_word:defendin, prediction:defending
INFO:model:secondary model confidence:51.1327056885, unk_word:blkd, prediction:buld
INFO:model:secondary model confidence:56.0230979919, unk_word:zeppelin, prediction:zeppeling
INFO:model:secondary model confidence:50.502872467, unk_word:homeee, prediction:home
INFO:model:secondary model confidence:52.7511978149, unk_word:niigga, prediction:niigger
INFO:model:secondary model confidence:56.5267181396, unk_word:abwt, prediction:about
INFO:model:secondary model confidence:62.4167671204, unk_word:becase, prediction:because
INFO:model:secondary model confidence:63.2433662415, unk_word:pepole, prediction:people
INFO:model:secondary model confidence:70.7486419678, unk_word:bsidez, prediction:baidez
INFO:model:secondary model confidence:63.7450256348, unk_word:faking, prediction:fucking
INFO:eval:correct_norm:2170.0, total_norm:2419.0, total_nsw:2759.0
INFO:eval:precision:0.897064902852, recall:0.786516853933, f1:0.838161452298

INFO:eval:ind:2416 tid:469980151821111297 
input:<mention> <mention> <mention> card in 5 mins is with wh but this was the game so far bk lol but how to find who the ref is
target:<mention> <mention> <mention> card in 5 minutes is with wh but this was the game so far bk laughing out loud but how to find who the ref is
prediction:<mention> <mention> <mention> card in 5 minutes is with what but this was the game so far bk laughing out loud but how to find who the ref is

INFO:eval:ind:2412 tid:471538092478722050 
input:ucsb i fear the next rampage will b cuz media told us everything <hash> ever diid . to get ratings . <hash> <hash> <hash>
target:ucsb i fear the next rampage will because  media told us everything <hash> ever did . to get ratings . <hash> <hash> <hash>
prediction:ucsb i fear the next rampage will be because media told us everything <hash> ever did . to get ratings . <hash> <hash> <hash>

INFO:eval:ind:2444 tid:471477967164411904 
input:rt <mention> : [ hq ] 140526 xiumin , luhan <mention> mbc idol futsal championship ( cr . shade of the bloom ) <url>
target:rt <mention> : [ hq ] 140526 xiumin , luhan <mention> mbc idol futsal championship ( cr . shade of the bloom ) <url>
prediction:rt <mention> : [ hq ] 140526 xiumin , luhan <mention> mbc idol futsal championship ( cr . shade of the bloom ) <url>

INFO:eval:ind:2433 tid:471343036375396352 
input:enter to <hash> a prize pack of lindor truffles and lindor sticks ( arcv $52 ) from lindt & <mention> ! <hash> <url>
target:enter to <hash> a prize pack of lindor truffles and lindor sticks ( arcv $52 ) from lindt & <mention> ! <hash> <url>
prediction:enter to <hash> a prize pack of lindor truffles and lindor sticks ( arcv $52 ) from lindt & <mention> ! <hash> <url>

INFO:eval:ind:2439 tid:471820398502629376 
input:rt <mention> : we r doin a fucken movie with lionsgate how did we even get here from barking on a train bahahahaha
target:rt <mention> : we are doing a fucking movie with lionsgate how did we even get here from barking on a train bahahahaha
prediction:rt <mention> : we are doing a fucken movie with lionsgate how did we even get here from barking on a train bahahahaha

INFO:eval:Corpus F1 score: 83.82
INFO:eval:Predictions saved to hybrid_model/test.pred
INFO:main:=======Eval on validation set=============
INFO:eval:correct_norm:3871.0, total_norm:3918.0, total_nsw:3928.0
INFO:eval:precision:0.988004083716, recall:0.985488798371, f1:0.986744838134

INFO:eval:ind:2437 tid:470222872003096577 
input:rt <mention> : < haru hana > q : something you can't do despite being the golden maknae ? jeongguk : i can't talk . and studying ( laughs )
target:rt <mention> : < haru hana > q : something you can't do despite being the golden maknae ? jeongguk : i can't talk . and studying ( laughs )
prediction:rt <mention> : < haru hana > q : something you can't do despite being the golden maknae ? jeongguk : i can't talk . and studying ( laughs )

INFO:eval:ind:2404 tid:471594635899326464 
input:i miss u my bie ! where u wanna out wif me ? have a wonderful day like a swan day .. haha ..
target:i miss you my bie ! where you wanna out with me ? have a wonderful day like a swan day .. haha ..
prediction:i miss you my bie ! where you wanna out with me ? have a wonderful day like a swan day .. haha ..

INFO:eval:ind:2429 tid:469819040219664384 
input:<mention> i just love the way u are , your fun personality and how u arent afraid to express yourself so openly on youtube
target:<mention> i just love the way you are , your fun personality and how you aren't afraid to express yourself so openly on youtube
prediction:<mention> i just love the way you are , your fun personality and how you aren't afraid to express yourself so openly on youtube

INFO:eval:ind:2438 tid:469978360865517568 
input:<hash> : dremel sm844 crown molding guide : dremel sm844 crown molding guide by dremel ( 1)buy new : $26.99 $22.26 4 ... <url>
target:<hash> : dremel sm844 crown molding guide : dremel sm844 crown molding guide by dremel ( 1)buy new : $26.99 $22.26 4 ... <url>
prediction:<hash> : dremel sm844 crown molding guide : dremel sm844 crown molding guide by dremel ( 1)buy new : $26.99 $22.26 4 ... <url>

INFO:eval:ind:2409 tid:472164134293749760 
input:<mention> <mention> pshh i went and got mine done regardless ! ! im sick of not being able to be a girl haha
target:<mention> <mention> pshh i went and got mine done regardless ! ! i'm sick of not being able to be a girl haha
prediction:<mention> <mention> pshh i went and got mine done regardless ! ! i'm sick of not being able to be a girl haha

INFO:eval:Corpus F1 score: 98.67
INFO:eval:Predictions saved to hybrid_model/valid.pred
INFO:main:*** Character model ***
INFO:model:Loading model from checkpoint at spelling_model/model_50_spelling.pt
INFO:model:* number of parameters: 10437793
INFO:main:Namespace(attention=True, backward_splits=None, batch_size=500, bias=True, bos=True, brnn=True, char_model=None, correct_unique_mappings=False, cuda=True, data_augm=True, dropout=0.5, emb_size=256, end_epoch=50, eos=True, eval=False, gpu=0, input='spelling', interactive=False, layers=3, learning_rate_decay=0.05, load_from=None, log_interval=1, logfolder=True, lowercase=True, lr=0.001, max_grad_norm=5.0, max_train_decode_len=50, maxlen=None, noise_ratio=0.1, optim='adam', rnn_size=500, rnn_type='LSTM', save_dir='spelling_model', save_interval=51, seed=3435, self_tok=False, share_embeddings=True, share_vocab=True, start_decay_after=30, start_epoch=1, teacher_forcing_ratio=0.6, testdata='dataset/test_truth.json', tie_decoder_embeddings=True, traindata='dataset/train_data.json', valsplit=0, vocab_size=None)
INFO:main:Loading test data for character model from "dataset/test_truth.json"
INFO:main:Loading training data for character model from "dataset/train_data.json"
INFO:main: * Character model vocabulary size. source = 41; target = 41
INFO:main: * Character model maximum batch size. 500
INFO:main:Seq2Seq(
  (encoder): EncoderRNN(
    (embedding): Embedding(41, 256, padding_idx=0)
    (rnn): LSTM(256, 250, num_layers=3, dropout=0.5, bidirectional=True)
  )
  (decoder): LuongAttnDecoderRNN(
    (tanh): Tanh()
    (embedding): Embedding(41, 256, padding_idx=0)
    (rnn): LSTM(256, 500, num_layers=3, dropout=0.5)
    (W_a): Linear(in_features=500, out_features=500, bias=True)
    (W_c): Linear(in_features=1000, out_features=500, bias=True)
    (W_proj): Linear(in_features=500, out_features=256, bias=True)
    (W_s): Linear(in_features=256, out_features=41, bias=True)
  )
)
INFO:main:=======Char eval on test set=============
INFO:eval:correct_norm:1268.0, total_norm:2158.0, total_nsw:3443.0
INFO:eval:precision:0.587581093605, recall:0.368283473715, f1:0.452776289948

INFO:eval:ind:2461 tid:470148142088736768 
input:lailahaillallah
target:lailahaillallah
prediction:lailahaillalah

INFO:eval:ind:2461 tid:470148142088736768 
input:alhamdulillah
target:alhamdulillah
prediction:alhamdulillah

INFO:eval:ind:2461 tid:470148142088736768 
input:xlhamdulillah
target:alhamdulillah
prediction:xlhamdulillah

INFO:eval:ind:2444 tid:471477967164411904 
input:championship
target:championship
prediction:championship

INFO:eval:ind:2445 tid:470774443963609089 
input:marltoooooon
target:marlton
prediction:marltoooooon

INFO:eval:Corpus F1 score: 45.28
INFO:eval:Predictions saved to hybrid_model/test.pred.char
INFO:main:=======Char eval on validation set=============
INFO:eval:correct_norm:2458.0, total_norm:3282.0, total_nsw:5095.0
INFO:eval:precision:0.748933577087, recall:0.482433758587, f1:0.586844932553

INFO:eval:ind:2453 tid:470354589930512384 
input:wolfnsheepclothing140
target:wolfnsheepclothing140
prediction:wolfnsheepclothing140

INFO:eval:ind:2446 tid:471600545665265664 
input:investissement
target:investissement
prediction:investissement

INFO:eval:ind:2460 tid:472015563670036481 
input:receptionist
target:receptionist
prediction:receptionist

INFO:eval:ind:2418 tid:469947163615952896 
input:councillors
target:councillors
prediction:councillors

INFO:eval:ind:2429 tid:469819040219664384 
input:personality
target:personality
prediction:personality

INFO:eval:Corpus F1 score: 58.68
INFO:eval:Predictions saved to hybrid_model/valid.pred.char
INFO:model:Loading model from checkpoint at word_model/model_50_word.pt
INFO:model:* number of parameters: 2688584
INFO:main:Namespace(attention=True, backward_splits=None, batch_size=32, bias=True, bos=True, brnn=True, char_model=None, correct_unique_mappings=False, cuda=True, data_augm=False, dropout=0.5, emb_size=100, end_epoch=50, eos=True, eval=False, gpu=0, input='word', interactive=False, layers=3, learning_rate_decay=0.05, load_from=None, log_interval=1, logfolder=True, lowercase=True, lr=0.01, max_grad_norm=5.0, max_train_decode_len=50, maxlen=None, noise_ratio=0.4, optim='adam', rnn_size=200, rnn_type='LSTM', save_dir='word_model', save_interval=51, seed=3435, self_tok=False, share_embeddings=True, share_vocab=True, start_decay_after=15, start_epoch=1, teacher_forcing_ratio=0.6, testdata='dataset/test_truth.json', tie_decoder_embeddings=True, traindata='dataset/train_data.json', valsplit=0, vocab_size=None)
INFO:main:Loading test data from "dataset/test_truth.json"
INFO:main:Loading training data from "dataset/train_data.json"
INFO:main: * Vocabulary size. source = 10084; target = 10084
INFO:main: * Maximum batch size. 32
INFO:main:Seq2Seq(
  (encoder): EncoderRNN(
    (embedding): Embedding(10084, 100, padding_idx=0)
    (rnn): LSTM(100, 100, num_layers=3, dropout=0.5, bidirectional=True)
  )
  (decoder): LuongAttnDecoderRNN(
    (tanh): Tanh()
    (embedding): Embedding(10084, 100, padding_idx=0)
    (rnn): LSTM(100, 200, num_layers=3, dropout=0.5)
    (W_a): Linear(in_features=200, out_features=200, bias=True)
    (W_c): Linear(in_features=400, out_features=200, bias=True)
    (W_proj): Linear(in_features=200, out_features=100, bias=True)
    (W_s): Linear(in_features=100, out_features=10084, bias=True)
  )
)
INFO:main:=======Eval on test set=============
INFO:model:secondary model confidence:50.7621498108, unk_word:diid, prediction:did
INFO:model:secondary model confidence:70.4585800171, unk_word:lailahaillallah, prediction:lailahaillalah
INFO:model:secondary model confidence:63.5755653381, unk_word:speakin, prediction:speaking
INFO:model:secondary model confidence:62.9138870239, unk_word:thisnewssoccer, prediction:thisnewssocer
INFO:model:secondary model confidence:52.1735496521, unk_word:havin, prediction:having
INFO:model:secondary model confidence:57.2370147705, unk_word:bars, prediction:bads
INFO:main:*** Character model ***
INFO:model:Loading model from checkpoint at spelling_model/model_50_spelling.pt
INFO:model:* number of parameters: 10437793
INFO:main:Namespace(attention=True, backward_splits=None, batch_size=500, bias=True, bos=True, brnn=True, char_model=None, correct_unique_mappings=False, cuda=True, data_augm=True, dropout=0.5, emb_size=256, end_epoch=50, eos=True, eval=False, gpu=0, input='spelling', interactive=False, layers=3, learning_rate_decay=0.05, load_from=None, log_interval=1, logfolder=True, lowercase=True, lr=0.001, max_grad_norm=5.0, max_train_decode_len=50, maxlen=None, noise_ratio=0.1, optim='adam', rnn_size=500, rnn_type='LSTM', save_dir='spelling_model', save_interval=51, seed=3435, self_tok=False, share_embeddings=True, share_vocab=True, start_decay_after=30, start_epoch=1, teacher_forcing_ratio=0.6, testdata='dataset/test_truth.json', tie_decoder_embeddings=True, traindata='dataset/train_data.json', valsplit=0, vocab_size=None)
INFO:main:Loading test data for character model from "dataset/test_truth.json"
INFO:main:Loading training data for character model from "dataset/train_data.json"
INFO:main: * Character model vocabulary size. source = 41; target = 41
INFO:main: * Character model maximum batch size. 500
INFO:main:Seq2Seq(
  (encoder): EncoderRNN(
    (embedding): Embedding(41, 256, padding_idx=0)
    (rnn): LSTM(256, 250, num_layers=3, dropout=0.5, bidirectional=True)
  )
  (decoder): LuongAttnDecoderRNN(
    (tanh): Tanh()
    (embedding): Embedding(41, 256, padding_idx=0)
    (rnn): LSTM(256, 500, num_layers=3, dropout=0.5)
    (W_a): Linear(in_features=500, out_features=500, bias=True)
    (W_c): Linear(in_features=1000, out_features=500, bias=True)
    (W_proj): Linear(in_features=500, out_features=256, bias=True)
    (W_s): Linear(in_features=256, out_features=41, bias=True)
  )
)
INFO:main:=======Char eval on test set=============
INFO:eval:correct_norm:1268.0, total_norm:2158.0, total_nsw:3443.0
INFO:eval:precision:0.587581093605, recall:0.368283473715, f1:0.452776289948

INFO:eval:ind:2461 tid:470148142088736768 
input:lailahaillallah
target:lailahaillallah
prediction:lailahaillalah

INFO:eval:ind:2461 tid:470148142088736768 
input:alhamdulillah
target:alhamdulillah
prediction:alhamdulillah

INFO:eval:ind:2461 tid:470148142088736768 
input:xlhamdulillah
target:alhamdulillah
prediction:xlhamdulillah

INFO:eval:ind:2444 tid:471477967164411904 
input:championship
target:championship
prediction:championship

INFO:eval:ind:2445 tid:470774443963609089 
input:marltoooooon
target:marlton
prediction:marltoooooon

INFO:eval:Corpus F1 score: 45.28
INFO:eval:Predictions saved to hybrid_model/test.pred.char
INFO:main:=======Char eval on validation set=============
INFO:eval:correct_norm:2458.0, total_norm:3282.0, total_nsw:5095.0
INFO:eval:precision:0.748933577087, recall:0.482433758587, f1:0.586844932553

INFO:eval:ind:2453 tid:470354589930512384 
input:wolfnsheepclothing140
target:wolfnsheepclothing140
prediction:wolfnsheepclothing140

INFO:eval:ind:2446 tid:471600545665265664 
input:investissement
target:investissement
prediction:investissement

INFO:eval:ind:2460 tid:472015563670036481 
input:receptionist
target:receptionist
prediction:receptionist

INFO:eval:ind:2418 tid:469947163615952896 
input:councillors
target:councillors
prediction:councillors

INFO:eval:ind:2429 tid:469819040219664384 
input:personality
target:personality
prediction:personality

INFO:eval:Corpus F1 score: 58.68
INFO:eval:Predictions saved to hybrid_model/valid.pred.char
INFO:model:Loading model from checkpoint at word_model/model_50_word.pt
INFO:model:* number of parameters: 2688584
INFO:main:Namespace(attention=True, backward_splits=None, batch_size=32, bias=True, bos=True, brnn=True, char_model=None, correct_unique_mappings=False, cuda=True, data_augm=False, dropout=0.5, emb_size=100, end_epoch=50, eos=True, eval=False, gpu=0, input='word', interactive=False, layers=3, learning_rate_decay=0.05, load_from=None, log_interval=1, logfolder=True, lowercase=True, lr=0.01, max_grad_norm=5.0, max_train_decode_len=50, maxlen=None, noise_ratio=0.4, optim='adam', rnn_size=200, rnn_type='LSTM', save_dir='word_model', save_interval=51, seed=3435, self_tok=False, share_embeddings=True, share_vocab=True, start_decay_after=15, start_epoch=1, teacher_forcing_ratio=0.6, testdata='dataset/test_truth.json', tie_decoder_embeddings=True, traindata='dataset/train_data.json', valsplit=0, vocab_size=None)
INFO:main:Loading test data from "dataset/test_truth.json"
INFO:main:Loading training data from "dataset/train_data.json"
INFO:main: * Vocabulary size. source = 10084; target = 10084
INFO:main: * Maximum batch size. 32
INFO:main:Seq2Seq(
  (encoder): EncoderRNN(
    (embedding): Embedding(10084, 100, padding_idx=0)
    (rnn): LSTM(100, 100, num_layers=3, dropout=0.5, bidirectional=True)
  )
  (decoder): LuongAttnDecoderRNN(
    (tanh): Tanh()
    (embedding): Embedding(10084, 100, padding_idx=0)
    (rnn): LSTM(100, 200, num_layers=3, dropout=0.5)
    (W_a): Linear(in_features=200, out_features=200, bias=True)
    (W_c): Linear(in_features=400, out_features=200, bias=True)
    (W_proj): Linear(in_features=200, out_features=100, bias=True)
    (W_s): Linear(in_features=100, out_features=10084, bias=True)
  )
)
INFO:main:=======Eval on test set=============
INFO:model:secondary model confidence:50.7621498108, unk_word:diid, prediction:did
INFO:model:secondary model confidence:70.4585800171, unk_word:lailahaillallah, prediction:lailahaillalah
INFO:model:secondary model confidence:63.5755653381, unk_word:speakin, prediction:speaking
INFO:model:secondary model confidence:62.9138870239, unk_word:thisnewssoccer, prediction:thisnewssocer
INFO:model:secondary model confidence:52.1735496521, unk_word:havin, prediction:having
INFO:model:secondary model confidence:57.2370147705, unk_word:bars, prediction:bads
INFO:model:secondary model confidence:52.9341545105, unk_word:timeee, prediction:time
INFO:model:secondary model confidence:62.1293640137, unk_word:casue, prediction:basue
INFO:model:secondary model confidence:58.9685668945, unk_word:btfol, prediction:bitol
INFO:model:secondary model confidence:51.3632774353, unk_word:lolll, prediction:loll
INFO:model:secondary model confidence:55.7439041138, unk_word:becos, prediction:becouse
INFO:model:secondary model confidence:60.1764450073, unk_word:workin, prediction:working
INFO:model:secondary model confidence:62.6980285645, unk_word:iight, prediction:algith
INFO:model:secondary model confidence:53.9290466309, unk_word:alrightt, prediction:alright
INFO:model:secondary model confidence:55.3626060486, unk_word:sooo, prediction:so
INFO:model:secondary model confidence:56.4798469543, unk_word:whta, prediction:whate
INFO:model:secondary model confidence:64.8783416748, unk_word:slackin, prediction:slacking
INFO:model:secondary model confidence:51.6710014343, unk_word:yesssssss, prediction:yes
INFO:model:secondary model confidence:52.7846450806, unk_word:tuk, prediction:tuck
INFO:model:secondary model confidence:53.8596611023, unk_word:lovin, prediction:loving
INFO:model:secondary model confidence:55.959815979, unk_word:bwt, prediction:bawth
INFO:model:secondary model confidence:52.2731246948, unk_word:chillll, prediction:chill
INFO:model:secondary model confidence:51.6230239868, unk_word:board, prediction:bord
INFO:model:secondary model confidence:58.4353408813, unk_word:tosee, prediction:tose
INFO:model:secondary model confidence:58.4365997314, unk_word:redtour, prediction:redtor
INFO:model:secondary model confidence:51.6138534546, unk_word:lkt, prediction:lit
INFO:model:secondary model confidence:66.478302002, unk_word:lukkk, prediction:luck
INFO:model:secondary model confidence:54.4220695496, unk_word:dudeeeeee, prediction:dude
INFO:model:secondary model confidence:51.8430900574, unk_word:gonul, prediction:gonna
INFO:model:secondary model confidence:53.6312332153, unk_word:beguilin, prediction:beguiling
INFO:model:secondary model confidence:64.6491317749, unk_word:disrespectful, prediction:disrespectull
INFO:model:secondary model confidence:59.7943000793, unk_word:disappearin, prediction:disappearing
INFO:model:secondary model confidence:55.3310203552, unk_word:wtt, prediction:with
INFO:model:secondary model confidence:62.046749115, unk_word:samin, prediction:saming
INFO:model:secondary model confidence:52.767375946, unk_word:tlkin, prediction:talking
INFO:model:secondary model confidence:53.2535057068, unk_word:btch, prediction:bitch
INFO:model:secondary model confidence:58.2209129333, unk_word:haaaaaabibiiiiiiii, prediction:haaaaaabibiia
INFO:model:secondary model confidence:73.6968383789, unk_word:frickin, prediction:fricking
INFO:model:secondary model confidence:60.7038574219, unk_word:sorrynotsorry, prediction:sorrynotsory
INFO:model:secondary model confidence:50.7580413818, unk_word:accs, prediction:accuased
INFO:model:secondary model confidence:53.1361923218, unk_word:luxe, prediction:luse
INFO:model:secondary model confidence:53.1361923218, unk_word:luxe, prediction:luse
INFO:model:secondary model confidence:51.2223968506, unk_word:viz, prediction:via
INFO:model:secondary model confidence:60.0465698242, unk_word:wiz, prediction:wis
INFO:model:secondary model confidence:59.76537323, unk_word:sometime, prediction:sometimes
INFO:model:secondary model confidence:64.8783416748, unk_word:slackin, prediction:slacking
INFO:model:secondary model confidence:63.3873786926, unk_word:facee, prediction:face
INFO:model:secondary model confidence:62.9631538391, unk_word:brothas, prediction:brothers
INFO:model:secondary model confidence:54.5140647888, unk_word:buggin, prediction:bugging
INFO:model:secondary model confidence:57.9409408569, unk_word:trapgodwin, prediction:trapgodwing
INFO:model:secondary model confidence:79.9842147827, unk_word:fuuck, prediction:fuck
INFO:model:secondary model confidence:50.6234664917, unk_word:loll, prediction:lold
INFO:model:secondary model confidence:67.0057067871, unk_word:missin, prediction:missing
INFO:model:secondary model confidence:51.5554389954, unk_word:shih, prediction:shit
INFO:model:secondary model confidence:55.0446052551, unk_word:cuttin, prediction:cutting
INFO:model:secondary model confidence:64.4263916016, unk_word:parkd, prediction:parked
INFO:model:secondary model confidence:57.0386772156, unk_word:yessir, prediction:yes
INFO:model:secondary model confidence:65.3802719116, unk_word:bareskin, prediction:baresking
INFO:model:secondary model confidence:53.9419212341, unk_word:babyy, prediction:baby
INFO:model:secondary model confidence:60.0157394409, unk_word:likee, prediction:like
INFO:model:secondary model confidence:53.1448783875, unk_word:liv, prediction:live
INFO:model:secondary model confidence:56.2417526245, unk_word:latin, prediction:lating
INFO:model:secondary model confidence:57.0386772156, unk_word:yessir, prediction:yes
INFO:model:secondary model confidence:50.7452964783, unk_word:fwy, prediction:faw
INFO:model:secondary model confidence:68.7812805176, unk_word:swthat, prediction:swith
INFO:model:secondary model confidence:57.3937835693, unk_word:girlfrnd, prediction:girlfriend
INFO:model:secondary model confidence:53.2621650696, unk_word:mddrrr, prediction:mddrr
INFO:model:secondary model confidence:60.0465698242, unk_word:wiz, prediction:wis
INFO:model:secondary model confidence:53.1059532166, unk_word:sht, prediction:shit
INFO:model:secondary model confidence:54.7732391357, unk_word:fuc, prediction:fuck
INFO:model:secondary model confidence:55.5670509338, unk_word:girllll, prediction:girll
INFO:model:secondary model confidence:50.2384338379, unk_word:niggaz, prediction:niggers
INFO:model:secondary model confidence:72.928352356, unk_word:bitchessssss, prediction:bitchesssss
INFO:model:secondary model confidence:59.8892478943, unk_word:cuteee, prediction:cute
INFO:model:secondary model confidence:59.6219940186, unk_word:wherr, prediction:where
INFO:model:secondary model confidence:54.2263374329, unk_word:hottttt, prediction:hot
INFO:model:secondary model confidence:60.1764450073, unk_word:workin, prediction:working
INFO:model:secondary model confidence:74.4025039673, unk_word:bitchs, prediction:bitches
INFO:model:secondary model confidence:52.8578033447, unk_word:cruz, prediction:crus
INFO:model:secondary model confidence:55.3626060486, unk_word:sooo, prediction:so
INFO:model:secondary model confidence:62.6980285645, unk_word:iight, prediction:algith
INFO:model:secondary model confidence:55.0944862366, unk_word:thottin, prediction:thotting
INFO:model:secondary model confidence:60.4590148926, unk_word:considerin, prediction:considering
INFO:model:secondary model confidence:55.4677047729, unk_word:thnk, prediction:think
INFO:model:secondary model confidence:57.2495689392, unk_word:sled, prediction:sleed
INFO:model:secondary model confidence:64.8881988525, unk_word:puddin, prediction:pudding
INFO:model:secondary model confidence:63.0157814026, unk_word:settin, prediction:setting
INFO:model:secondary model confidence:52.5860176086, unk_word:oneee, prediction:one
INFO:model:secondary model confidence:69.5693893433, unk_word:frontin, prediction:fronting
INFO:model:secondary model confidence:54.8920516968, unk_word:motha, prediction:mother
INFO:model:secondary model confidence:64.7597885132, unk_word:sides, prediction:sidee
INFO:model:secondary model confidence:72.6497116089, unk_word:pissin, prediction:pissing
INFO:model:secondary model confidence:66.0494842529, unk_word:shite, prediction:shit
INFO:model:secondary model confidence:66.9456481934, unk_word:championssssss, prediction:championssss
INFO:model:secondary model confidence:54.5315055847, unk_word:clownin, prediction:clowning
INFO:model:secondary model confidence:56.738658905, unk_word:peel, prediction:peeple
INFO:model:secondary model confidence:50.0080375671, unk_word:bfor, prediction:boor
INFO:model:secondary model confidence:52.8888549805, unk_word:whs, prediction:whas
INFO:model:secondary model confidence:56.0639305115, unk_word:couse, prediction:bocause
INFO:model:secondary model confidence:50.1086730957, unk_word:wrkd, prediction:work
INFO:model:secondary model confidence:51.1260871887, unk_word:tommee, prediction:tomm
INFO:model:secondary model confidence:51.1260871887, unk_word:tommee, prediction:tomm
INFO:model:secondary model confidence:54.6237487793, unk_word:jumpin, prediction:jumping
INFO:model:secondary model confidence:57.9786758423, unk_word:borealis, prediction:borealiz
INFO:model:secondary model confidence:63.7783355713, unk_word:niiiikkkaaarrr, prediction:niniikkaaaarr
INFO:model:secondary model confidence:62.2959785461, unk_word:wildin, prediction:wilding
INFO:model:secondary model confidence:51.748626709, unk_word:saad, prediction:sadd
INFO:model:secondary model confidence:61.1835327148, unk_word:sellin, prediction:selling
INFO:model:secondary model confidence:57.6022796631, unk_word:pdhl, prediction:pohl
INFO:model:secondary model confidence:52.3376502991, unk_word:wkend, prediction:weend
INFO:model:secondary model confidence:65.7897720337, unk_word:fuxked, prediction:fucked
INFO:model:secondary model confidence:55.2435493469, unk_word:tmmrow, prediction:tomorrow
INFO:model:secondary model confidence:60.0465698242, unk_word:wiz, prediction:wis
INFO:model:secondary model confidence:60.9585609436, unk_word:lordt, prediction:lord
INFO:model:secondary model confidence:61.0075111389, unk_word:fckng, prediction:fucking
INFO:model:secondary model confidence:54.557510376, unk_word:wrks, prediction:works
INFO:model:secondary model confidence:55.811416626, unk_word:cuase, prediction:because
INFO:model:secondary model confidence:66.8114471436, unk_word:judgemental, prediction:judgmentall
INFO:model:secondary model confidence:76.8733444214, unk_word:friendswithyou, prediction:friendswithoy
INFO:model:secondary model confidence:53.0142402649, unk_word:mohs, prediction:moth
INFO:model:secondary model confidence:53.9941101074, unk_word:sehr, prediction:sehor
INFO:model:secondary model confidence:56.2992401123, unk_word:clappin, prediction:clapping
INFO:model:secondary model confidence:62.4285926819, unk_word:schneiderlin, prediction:schneiderling
INFO:model:secondary model confidence:58.4049568176, unk_word:ilorin, prediction:iloring
INFO:model:secondary model confidence:55.3626060486, unk_word:sooo, prediction:so
INFO:model:secondary model confidence:58.8664894104, unk_word:mahashivratri, prediction:mahashivrati
INFO:model:secondary model confidence:54.3483161926, unk_word:yousuf, prediction:yousu
INFO:model:secondary model confidence:57.8863182068, unk_word:bettr, prediction:better
INFO:model:secondary model confidence:55.8818397522, unk_word:sept, prediction:september
INFO:model:secondary model confidence:61.3974571228, unk_word:kikkin, prediction:kikking
INFO:model:secondary model confidence:54.4651451111, unk_word:turnin, prediction:turning
INFO:model:secondary model confidence:50.1649665833, unk_word:naww, prediction:noww
INFO:model:secondary model confidence:71.5728683472, unk_word:primitive, prediction:premitive
INFO:model:secondary model confidence:53.3999633789, unk_word:niggss, prediction:niggers
INFO:model:secondary model confidence:57.6838493347, unk_word:makinng, prediction:making
INFO:model:secondary model confidence:53.9901313782, unk_word:wdlive, prediction:wodlive
INFO:model:secondary model confidence:52.5536766052, unk_word:leakd, prediction:leaked
INFO:model:secondary model confidence:61.6084289551, unk_word:startin, prediction:starting
INFO:model:secondary model confidence:52.1735496521, unk_word:havin, prediction:having
INFO:model:secondary model confidence:50.2384338379, unk_word:niggaz, prediction:niggers
INFO:model:secondary model confidence:72.8963699341, unk_word:perfomance, prediction:performance
INFO:model:secondary model confidence:67.4846801758, unk_word:birthdayyyyy, prediction:birthday
INFO:model:secondary model confidence:57.670917511, unk_word:mooooneeeeey, prediction:moo
INFO:model:secondary model confidence:52.5318717957, unk_word:comeee, prediction:come
INFO:model:secondary model confidence:67.6323242188, unk_word:witte, prediction:with
INFO:model:secondary model confidence:72.135848999, unk_word:fcuk, prediction:fuck
INFO:model:secondary model confidence:65.8485565186, unk_word:pantsareneveranoption, prediction:pantsarenever
INFO:model:secondary model confidence:52.8619880676, unk_word:pppp, prediction:people
INFO:model:secondary model confidence:53.3627815247, unk_word:brohh, prediction:brother
INFO:model:secondary model confidence:61.9187965393, unk_word:brotherr, prediction:brother
INFO:model:secondary model confidence:50.2376785278, unk_word:commin, prediction:comming
INFO:model:secondary model confidence:60.4826087952, unk_word:ibru, prediction:ibro
INFO:model:secondary model confidence:58.405254364, unk_word:wiw, prediction:with
INFO:model:secondary model confidence:55.4147987366, unk_word:tradin, prediction:trading
INFO:model:secondary model confidence:59.6882362366, unk_word:lameek, prediction:lame
INFO:model:secondary model confidence:51.1859054565, unk_word:knob, prediction:know
INFO:model:secondary model confidence:68.1238479614, unk_word:switchin, prediction:switching
INFO:model:secondary model confidence:53.9614601135, unk_word:broo, prediction:brother
INFO:model:secondary model confidence:50.6737365723, unk_word:notttt, prediction:not
INFO:model:secondary model confidence:52.8862571716, unk_word:obvs, prediction:obvsoretomons
INFO:model:secondary model confidence:52.2832565308, unk_word:mlk, prediction:mll
INFO:model:secondary model confidence:55.3626060486, unk_word:sooo, prediction:so
INFO:model:secondary model confidence:54.7732391357, unk_word:fuc, prediction:fuck
INFO:model:secondary model confidence:57.8946113586, unk_word:defendin, prediction:defending
INFO:model:secondary model confidence:51.1327056885, unk_word:blkd, prediction:buld
INFO:model:secondary model confidence:56.0230979919, unk_word:zeppelin, prediction:zeppeling
INFO:model:secondary model confidence:50.502872467, unk_word:homeee, prediction:home
INFO:model:secondary model confidence:52.7511978149, unk_word:niigga, prediction:niigger
INFO:model:secondary model confidence:56.5267181396, unk_word:abwt, prediction:about
INFO:model:secondary model confidence:62.4167671204, unk_word:becase, prediction:because
INFO:model:secondary model confidence:63.2433662415, unk_word:pepole, prediction:people
INFO:model:secondary model confidence:70.7486419678, unk_word:bsidez, prediction:baidez
INFO:model:secondary model confidence:63.7450256348, unk_word:faking, prediction:fucking
INFO:eval:correct_norm:2170.0, total_norm:2419.0, total_nsw:2759.0
INFO:eval:precision:0.897064902852, recall:0.786516853933, f1:0.838161452298

INFO:eval:ind:2416 tid:469980151821111297 
input:<mention> <mention> <mention> card in 5 mins is with wh but this was the game so far bk lol but how to find who the ref is
target:<mention> <mention> <mention> card in 5 minutes is with wh but this was the game so far bk laughing out loud but how to find who the ref is
prediction:<mention> <mention> <mention> card in 5 minutes is with what but this was the game so far bk laughing out loud but how to find who the ref is

INFO:eval:ind:2412 tid:471538092478722050 
input:ucsb i fear the next rampage will b cuz media told us everything <hash> ever diid . to get ratings . <hash> <hash> <hash>
target:ucsb i fear the next rampage will because  media told us everything <hash> ever did . to get ratings . <hash> <hash> <hash>
prediction:ucsb i fear the next rampage will be because media told us everything <hash> ever did . to get ratings . <hash> <hash> <hash>

INFO:eval:ind:2444 tid:471477967164411904 
input:rt <mention> : [ hq ] 140526 xiumin , luhan <mention> mbc idol futsal championship ( cr . shade of the bloom ) <url>
target:rt <mention> : [ hq ] 140526 xiumin , luhan <mention> mbc idol futsal championship ( cr . shade of the bloom ) <url>
prediction:rt <mention> : [ hq ] 140526 xiumin , luhan <mention> mbc idol futsal championship ( cr . shade of the bloom ) <url>

INFO:eval:ind:2433 tid:471343036375396352 
input:enter to <hash> a prize pack of lindor truffles and lindor sticks ( arcv $52 ) from lindt & <mention> ! <hash> <url>
target:enter to <hash> a prize pack of lindor truffles and lindor sticks ( arcv $52 ) from lindt & <mention> ! <hash> <url>
prediction:enter to <hash> a prize pack of lindor truffles and lindor sticks ( arcv $52 ) from lindt & <mention> ! <hash> <url>

INFO:eval:ind:2439 tid:471820398502629376 
input:rt <mention> : we r doin a fucken movie with lionsgate how did we even get here from barking on a train bahahahaha
target:rt <mention> : we are doing a fucking movie with lionsgate how did we even get here from barking on a train bahahahaha
prediction:rt <mention> : we are doing a fucken movie with lionsgate how did we even get here from barking on a train bahahahaha

INFO:eval:Corpus F1 score: 83.82
INFO:eval:Predictions saved to hybrid_model/test.pred
INFO:main:=======Eval on validation set=============
INFO:eval:correct_norm:3871.0, total_norm:3918.0, total_nsw:3928.0
INFO:eval:precision:0.988004083716, recall:0.985488798371, f1:0.986744838134

INFO:eval:ind:2437 tid:470222872003096577 
input:rt <mention> : < haru hana > q : something you can't do despite being the golden maknae ? jeongguk : i can't talk . and studying ( laughs )
target:rt <mention> : < haru hana > q : something you can't do despite being the golden maknae ? jeongguk : i can't talk . and studying ( laughs )
prediction:rt <mention> : < haru hana > q : something you can't do despite being the golden maknae ? jeongguk : i can't talk . and studying ( laughs )

INFO:eval:ind:2404 tid:471594635899326464 
input:i miss u my bie ! where u wanna out wif me ? have a wonderful day like a swan day .. haha ..
target:i miss you my bie ! where you wanna out with me ? have a wonderful day like a swan day .. haha ..
prediction:i miss you my bie ! where you wanna out with me ? have a wonderful day like a swan day .. haha ..

INFO:eval:ind:2429 tid:469819040219664384 
input:<mention> i just love the way u are , your fun personality and how u arent afraid to express yourself so openly on youtube
target:<mention> i just love the way you are , your fun personality and how you aren't afraid to express yourself so openly on youtube
prediction:<mention> i just love the way you are , your fun personality and how you aren't afraid to express yourself so openly on youtube

INFO:eval:ind:2438 tid:469978360865517568 
input:<hash> : dremel sm844 crown molding guide : dremel sm844 crown molding guide by dremel ( 1)buy new : $26.99 $22.26 4 ... <url>
target:<hash> : dremel sm844 crown molding guide : dremel sm844 crown molding guide by dremel ( 1)buy new : $26.99 $22.26 4 ... <url>
prediction:<hash> : dremel sm844 crown molding guide : dremel sm844 crown molding guide by dremel ( 1)buy new : $26.99 $22.26 4 ... <url>

INFO:eval:ind:2409 tid:472164134293749760 
input:<mention> <mention> pshh i went and got mine done regardless ! ! im sick of not being able to be a girl haha
target:<mention> <mention> pshh i went and got mine done regardless ! ! i'm sick of not being able to be a girl haha
prediction:<mention> <mention> pshh i went and got mine done regardless ! ! i'm sick of not being able to be a girl haha

INFO:eval:Corpus F1 score: 98.67
INFO:eval:Predictions saved to hybrid_model/valid.pred
