INFO:main:*** Character model ***
INFO:model:Building Model
INFO:model:* number of parameters: 10437536
INFO:main:Namespace(attention=True, backward_splits=None, batch_size=500, bias=True, bos=True, brnn=True, char_model=None, correct_unique_mappings=False, cuda=True, data_augm=True, dropout=0.5, emb_size=256, end_epoch=50, eos=True, eval=False, gpu=0, input='spelling', interactive=False, layers=3, learning_rate_decay=0.05, load_from=None, log_interval=1, logfolder=True, lowercase=True, lr=0.001, max_grad_norm=5.0, max_train_decode_len=50, maxlen=None, noise_ratio=0.1, optim='adam', rnn_size=500, rnn_type='LSTM', save_dir='spelling_model', save_interval=-1, seed=3435, self_tok=False, share_embeddings=True, share_vocab=True, start_decay_after=30, start_epoch=1, teacher_forcing_ratio=0.6, testdata='dataset/test_split_truth_40.json', tie_decoder_embeddings=True, traindata='dataset/train_split_37.json', valsplit=0, vocab_size=None)
INFO:main:Loading test data for character model from "dataset/test_split_truth_40.json"
INFO:main:Loading training data for character model from "dataset/train_split_37.json"
INFO:main: * Character model vocabulary size. source = 40; target = 40
INFO:main: * Character model maximum batch size. 500
INFO:main:Seq2Seq(
  (encoder): EncoderRNN(
    (embedding): Embedding(40, 256, padding_idx=0)
    (rnn): LSTM(256, 250, num_layers=3, dropout=0.5, bidirectional=True)
  )
  (decoder): LuongAttnDecoderRNN(
    (tanh): Tanh()
    (embedding): Embedding(40, 256, padding_idx=0)
    (rnn): LSTM(256, 500, num_layers=3, dropout=0.5)
    (W_a): Linear(in_features=500, out_features=500, bias=True)
    (W_c): Linear(in_features=1000, out_features=500, bias=True)
    (W_proj): Linear(in_features=500, out_features=256, bias=True)
    (W_s): Linear(in_features=256, out_features=40, bias=True)
  )
)
INFO:train:
* TextNorm epoch *
INFO:train:Model optim lr: 0.001
INFO:train:Epoch   1,       1/1 batches  loss:3.842969,  num_corrects :30,  num_tgts :2712 ,accuracy:1.106195
INFO:train:Train loss: 3.84
INFO:train:Train total_accuracy: 1.11
INFO:eval:correct_norm:0.0, total_norm:434.0, total_nsw:72.0
INFO:eval:precision:0.0, recall:0.0, f1:0.0

INFO:eval:ind:2453 tid:470354589930512384 
input:wolfnsheepclothing140
target:wolfnsheepclothing140
prediction:<s>

INFO:eval:ind:2446 tid:471600545665265664 
input:investissement
target:investissement
prediction:<s>

INFO:eval:ind:2460 tid:472015563670036481 
input:receptionist
target:receptionist
prediction:<s>

INFO:eval:ind:2418 tid:469947163615952896 
input:councillors
target:councillors
prediction:<s>

INFO:eval:ind:2429 tid:469819040219664384 
input:personality
target:personality
prediction:<s>

INFO:train:
* TextNorm epoch *
INFO:train:Model optim lr: 0.001
INFO:train:Epoch   2,       1/1 batches  loss:2.958734,  num_corrects :868,  num_tgts :2712 ,accuracy:32.005900
INFO:train:Train loss: 2.96
INFO:train:Train total_accuracy: 32.01
INFO:eval:correct_norm:0.0, total_norm:434.0, total_nsw:72.0
INFO:eval:precision:0.0, recall:0.0, f1:0.0

INFO:eval:ind:2453 tid:470354589930512384 
input:wolfnsheepclothing140
target:wolfnsheepclothing140
prediction:<s>eeeeeeeeeeeeeeeeeeeeeeeeeeeeeeeeeeeeeeeeeeeeeeee

INFO:eval:ind:2446 tid:471600545665265664 
input:investissement
target:investissement
prediction:<s>eeeeeeeeeeeeeeeeeeeeeeeeeeeeeeeeeeeeeeeeeeeeeeee

INFO:eval:ind:2460 tid:472015563670036481 
input:receptionist
target:receptionist
prediction:<s>eeeeeeeeeeeeeeeeeeeeeeeeeeeeeeeeeeeeeeeeeeeeeeee

INFO:eval:ind:2418 tid:469947163615952896 
input:councillors
target:councillors
prediction:<s><s>eseeeeeeeeeeeeeeeeeeeeeeeeeeeeeeeeeeeeeeeeeeeee

INFO:eval:ind:2429 tid:469819040219664384 
input:personality
target:personality
prediction:<s>eeeeeeeeeeeeeeeeeeeeeeeeeeeeeeeeeeeeeeeeeeeeeeee

INFO:train:
* TextNorm epoch *
INFO:train:Model optim lr: 0.001
INFO:train:Epoch   3,       1/1 batches  loss:2.733573,  num_corrects :680,  num_tgts :2712 ,accuracy:25.073746
INFO:train:Train loss: 2.73
INFO:train:Train total_accuracy: 25.07
INFO:eval:correct_norm:0.0, total_norm:434.0, total_nsw:72.0
INFO:eval:precision:0.0, recall:0.0, f1:0.0

INFO:eval:ind:2453 tid:470354589930512384 
input:wolfnsheepclothing140
target:wolfnsheepclothing140
prediction:naa

INFO:eval:ind:2446 tid:471600545665265664 
input:investissement
target:investissement
prediction:nss

INFO:eval:ind:2460 tid:472015563670036481 
input:receptionist
target:receptionist
prediction:na

INFO:eval:ind:2418 tid:469947163615952896 
input:councillors
target:councillors
prediction:aaa

INFO:eval:ind:2429 tid:469819040219664384 
input:personality
target:personality
prediction:aaa

INFO:train:
* TextNorm epoch *
INFO:train:Model optim lr: 0.001
INFO:train:Epoch   4,       1/1 batches  loss:2.436616,  num_corrects :1016,  num_tgts :2712 ,accuracy:37.463127
INFO:train:Train loss: 2.44
INFO:train:Train total_accuracy: 37.46
INFO:eval:correct_norm:0.0, total_norm:434.0, total_nsw:72.0
INFO:eval:precision:0.0, recall:0.0, f1:0.0

INFO:eval:ind:2453 tid:470354589930512384 
input:wolfnsheepclothing140
target:wolfnsheepclothing140
prediction:<s>

INFO:eval:ind:2446 tid:471600545665265664 
input:investissement
target:investissement
prediction:<s>e

INFO:eval:ind:2460 tid:472015563670036481 
input:receptionist
target:receptionist
prediction:<s>o

INFO:eval:ind:2418 tid:469947163615952896 
input:councillors
target:councillors
prediction:<s>o

INFO:eval:ind:2429 tid:469819040219664384 
input:personality
target:personality
prediction:<s>

INFO:train:
* TextNorm epoch *
INFO:train:Model optim lr: 0.001
INFO:train:Epoch   5,       1/1 batches  loss:2.553963,  num_corrects :949,  num_tgts :2712 ,accuracy:34.992625
INFO:train:Train loss: 2.55
INFO:train:Train total_accuracy: 34.99
INFO:eval:correct_norm:0.0, total_norm:434.0, total_nsw:72.0
INFO:eval:precision:0.0, recall:0.0, f1:0.0

INFO:eval:ind:2453 tid:470354589930512384 
input:wolfnsheepclothing140
target:wolfnsheepclothing140
prediction:<s><s>ee<s><s><s><s><s><s><s><s><s><s><s><s><s><s><s><s><s><s><s><s><s><s><s><s><s><s><s><s><s><s><s><s><s><s><s><s><s><s><s><s><s><s><s><s><s>

INFO:eval:ind:2446 tid:471600545665265664 
input:investissement
target:investissement
prediction:<s>eee<s><s><s><s><s><s><s><s><s><s><s><s><s><s><s><s><s><s><s><s><s><s><s><s><s><s><s><s><s><s><s><s><s><s><s><s><s><s><s><s><s><s><s><s><s>

INFO:eval:ind:2460 tid:472015563670036481 
input:receptionist
target:receptionist
prediction:<s><s>ee<s><s><s><s><s><s><s><s><s><s><s><s><s><s><s><s><s><s><s><s><s><s><s><s><s><s><s><s><s><s><s><s><s><s><s><s><s><s><s><s><s><s><s><s><s>

INFO:eval:ind:2418 tid:469947163615952896 
input:councillors
target:councillors
prediction:<s><s>oo<s><s><s><s><s><s><s><s><s><s><s><s><s><s><s><s><s><s><s><s><s><s><s><s><s><s><s><s><s><s><s><s><s><s><s><s><s><s><s><s><s><s><s><s><s>

INFO:eval:ind:2429 tid:469819040219664384 
input:personality
target:personality
prediction:<s><s>re<s><s><s><s><s><s><s><s><s><s><s><s><s><s><s><s><s><s><s><s><s><s><s><s><s><s><s><s><s><s><s><s><s><s><s><s><s><s><s><s><s><s><s><s><s>

INFO:train:
* TextNorm epoch *
INFO:train:Model optim lr: 0.001
INFO:train:Epoch   6,       1/1 batches  loss:2.750477,  num_corrects :764,  num_tgts :2712 ,accuracy:28.171091
INFO:train:Train loss: 2.75
INFO:train:Train total_accuracy: 28.17
INFO:eval:correct_norm:0.0, total_norm:434.0, total_nsw:72.0
INFO:eval:precision:0.0, recall:0.0, f1:0.0

INFO:eval:ind:2453 tid:470354589930512384 
input:wolfnsheepclothing140
target:wolfnsheepclothing140
prediction:eeeeeeeeeeeeeeeeeee<s><s><s><s><s><s><s><s><s><s><s><s><s><s><s><s><s><s><s><s><s><s><s><s><s><s><s><s><s><s>

INFO:eval:ind:2446 tid:471600545665265664 
input:investissement
target:investissement
prediction:eeeeeeeeeeeeeeeeeee<s><s><s><s><s><s><s><s><s><s><s><s><s><s><s><s><s><s><s><s><s><s><s><s><s><s><s><s><s><s>

INFO:eval:ind:2460 tid:472015563670036481 
input:receptionist
target:receptionist
prediction:ieeeettteetteetteet<s><s><s><s><s><s><s><s><s><s><s><s><s><s><s><s><s><s><s><s><s><s><s><s><s><s><s><s><s><s>

INFO:eval:ind:2418 tid:469947163615952896 
input:councillors
target:councillors
prediction:ooooooooooooooooooo<s><s><s><s><s><s><s><s><s><s><s><s><s><s><s><s><s><s><s><s><s><s><s><s><s><s><s><s><s><s>

INFO:eval:ind:2429 tid:469819040219664384 
input:personality
target:personality
prediction:roeeeeeeeeeeeeeeeee<s><s><s><s><s><s><s><s><s><s><s><s><s><s><s><s><s><s><s><s><s><s><s><s><s><s><s><s><s><s>

INFO:train:
* TextNorm epoch *
INFO:train:Model optim lr: 0.001
INFO:train:Epoch   7,       1/1 batches  loss:2.272792,  num_corrects :954,  num_tgts :2712 ,accuracy:35.176991
INFO:train:Train loss: 2.27
INFO:train:Train total_accuracy: 35.18
INFO:eval:correct_norm:0.0, total_norm:434.0, total_nsw:72.0
INFO:eval:precision:0.0, recall:0.0, f1:0.0

INFO:eval:ind:2453 tid:470354589930512384 
input:wolfnsheepclothing140
target:wolfnsheepclothing140
prediction:ooinnnnnnnnnnnnnnnnnnnnnnnnnnnnnnnnnnnnnnnnnnnnnn

INFO:eval:ind:2446 tid:471600545665265664 
input:investissement
target:investissement
prediction:ieeennnnnnnnnnnnnnnnnnnnnnnnnnnnnnnnnnnnnnnnnnnnn

INFO:eval:ind:2460 tid:472015563670036481 
input:receptionist
target:receptionist
prediction:iiiiitiiitiiitiiitiiitiiitiiitiiitiiitiiitiiitiii

INFO:eval:ind:2418 tid:469947163615952896 
input:councillors
target:councillors
prediction:ooooooooooooooooooooooooooooooooooooooooooooooooo

INFO:eval:ind:2429 tid:469819040219664384 
input:personality
target:personality
prediction:ooi

INFO:train:
* TextNorm epoch *
INFO:train:Model optim lr: 0.001
INFO:train:Epoch   8,       1/1 batches  loss:2.178861,  num_corrects :991,  num_tgts :2712 ,accuracy:36.541298
INFO:train:Train loss: 2.18
INFO:train:Train total_accuracy: 36.54
INFO:eval:correct_norm:0.0, total_norm:421.0, total_nsw:72.0
INFO:eval:precision:0.0, recall:0.0, f1:0.0

INFO:eval:ind:2453 tid:470354589930512384 
input:wolfnsheepclothing140
target:wolfnsheepclothing140
prediction:nn

INFO:eval:ind:2446 tid:471600545665265664 
input:investissement
target:investissement
prediction:sssnnnnn

INFO:eval:ind:2460 tid:472015563670036481 
input:receptionist
target:receptionist
prediction:iii

INFO:eval:ind:2418 tid:469947163615952896 
input:councillors
target:councillors
prediction:ooo

INFO:eval:ind:2429 tid:469819040219664384 
input:personality
target:personality
prediction:a

INFO:train:
* TextNorm epoch *
INFO:train:Model optim lr: 0.001
INFO:train:Epoch   9,       1/1 batches  loss:2.117878,  num_corrects :1085,  num_tgts :2712 ,accuracy:40.007375
INFO:train:Train loss: 2.12
INFO:train:Train total_accuracy: 40.01
INFO:eval:correct_norm:0.0, total_norm:405.0, total_nsw:72.0
INFO:eval:precision:0.0, recall:0.0, f1:0.0

INFO:eval:ind:2453 tid:470354589930512384 
input:wolfnsheepclothing140
target:wolfnsheepclothing140
prediction:n

INFO:eval:ind:2446 tid:471600545665265664 
input:investissement
target:investissement
prediction:sss

INFO:eval:ind:2460 tid:472015563670036481 
input:receptionist
target:receptionist
prediction:ii

INFO:eval:ind:2418 tid:469947163615952896 
input:councillors
target:councillors
prediction:oo

INFO:eval:ind:2429 tid:469819040219664384 
input:personality
target:personality
prediction:a

INFO:train:
* TextNorm epoch *
INFO:train:Model optim lr: 0.001
INFO:train:Epoch  10,       1/1 batches  loss:2.032635,  num_corrects :1027,  num_tgts :2712 ,accuracy:37.868732
INFO:train:Train loss: 2.03
INFO:train:Train total_accuracy: 37.87
INFO:eval:correct_norm:1.0, total_norm:409.0, total_nsw:72.0
INFO:eval:precision:0.00244498777506, recall:0.0138888888889, f1:0.004158004158

INFO:eval:ind:2453 tid:470354589930512384 
input:wolfnsheepclothing140
target:wolfnsheepclothing140
prediction:<s>s

INFO:eval:ind:2446 tid:471600545665265664 
input:investissement
target:investissement
prediction:sss

INFO:eval:ind:2460 tid:472015563670036481 
input:receptionist
target:receptionist
prediction:ii

INFO:eval:ind:2418 tid:469947163615952896 
input:councillors
target:councillors
prediction:ooo

INFO:eval:ind:2429 tid:469819040219664384 
input:personality
target:personality
prediction:<s>s

INFO:train:
* TextNorm epoch *
INFO:train:Model optim lr: 0.001
INFO:train:Epoch  11,       1/1 batches  loss:1.959242,  num_corrects :1152,  num_tgts :2712 ,accuracy:42.477876
INFO:train:Train loss: 1.96
INFO:train:Train total_accuracy: 42.48
INFO:eval:correct_norm:0.0, total_norm:434.0, total_nsw:72.0
INFO:eval:precision:0.0, recall:0.0, f1:0.0

INFO:eval:ind:2453 tid:470354589930512384 
input:wolfnsheepclothing140
target:wolfnsheepclothing140
prediction:<s>see

INFO:eval:ind:2446 tid:471600545665265664 
input:investissement
target:investissement
prediction:<s>ssseess

INFO:eval:ind:2460 tid:472015563670036481 
input:receptionist
target:receptionist
prediction:<s>tte

INFO:eval:ind:2418 tid:469947163615952896 
input:councillors
target:councillors
prediction:<s>ooolllll

INFO:eval:ind:2429 tid:469819040219664384 
input:personality
target:personality
prediction:<s>os

INFO:train:
* TextNorm epoch *
INFO:train:Model optim lr: 0.001
INFO:train:Epoch  12,       1/1 batches  loss:1.890932,  num_corrects :1105,  num_tgts :2712 ,accuracy:40.744838
INFO:train:Train loss: 1.89
INFO:train:Train total_accuracy: 40.74
INFO:eval:correct_norm:0.0, total_norm:434.0, total_nsw:72.0
INFO:eval:precision:0.0, recall:0.0, f1:0.0

INFO:eval:ind:2453 tid:470354589930512384 
input:wolfnsheepclothing140
target:wolfnsheepclothing140
prediction:<s>eeee

INFO:eval:ind:2446 tid:471600545665265664 
input:investissement
target:investissement
prediction:sseeessseesseessesesesseesseessesesesseesseessese

INFO:eval:ind:2460 tid:472015563670036481 
input:receptionist
target:receptionist
prediction:rtttt

INFO:eval:ind:2418 tid:469947163615952896 
input:councillors
target:councillors
prediction:coollllllllllllllllllllllllllllllllllllllllllllll

INFO:eval:ind:2429 tid:469819040219664384 
input:personality
target:personality
prediction:rrree

INFO:train:
* TextNorm epoch *
INFO:train:Model optim lr: 0.001
INFO:train:Epoch  13,       1/1 batches  loss:1.823722,  num_corrects :1092,  num_tgts :2712 ,accuracy:40.265487
INFO:train:Train loss: 1.82
INFO:train:Train total_accuracy: 40.27
INFO:eval:correct_norm:0.0, total_norm:434.0, total_nsw:72.0
INFO:eval:precision:0.0, recall:0.0, f1:0.0

INFO:eval:ind:2453 tid:470354589930512384 
input:wolfnsheepclothing140
target:wolfnsheepclothing140
prediction:oree

INFO:eval:ind:2446 tid:471600545665265664 
input:investissement
target:investissement
prediction:sseeesseesseesseesseesseesseesseesseesseesseessee

INFO:eval:ind:2460 tid:472015563670036481 
input:receptionist
target:receptionist
prediction:rritttt

INFO:eval:ind:2418 tid:469947163615952896 
input:councillors
target:councillors
prediction:ccollllllllllllllllllllllllllllllllllllllllllllll

INFO:eval:ind:2429 tid:469819040219664384 
input:personality
target:personality
prediction:rrrrrl

INFO:train:
* TextNorm epoch *
INFO:train:Model optim lr: 0.001
INFO:train:Epoch  14,       1/1 batches  loss:1.735490,  num_corrects :1121,  num_tgts :2712 ,accuracy:41.334808
INFO:train:Train loss: 1.74
INFO:train:Train total_accuracy: 41.33
INFO:eval:correct_norm:0.0, total_norm:431.0, total_nsw:72.0
INFO:eval:precision:0.0, recall:0.0, f1:0.0

INFO:eval:ind:2453 tid:470354589930512384 
input:wolfnsheepclothing140
target:wolfnsheepclothing140
prediction:wgggg

INFO:eval:ind:2446 tid:471600545665265664 
input:investissement
target:investissement
prediction:isseee

INFO:eval:ind:2460 tid:472015563670036481 
input:receptionist
target:receptionist
prediction:criitt

INFO:eval:ind:2418 tid:469947163615952896 
input:councillors
target:councillors
prediction:ccollllllllllllllllllllllllllllllllllllllllllllll

INFO:eval:ind:2429 tid:469819040219664384 
input:personality
target:personality
prediction:rrrr

INFO:train:
* TextNorm epoch *
INFO:train:Model optim lr: 0.001
INFO:train:Epoch  15,       1/1 batches  loss:1.621186,  num_corrects :1262,  num_tgts :2712 ,accuracy:46.533923
INFO:train:Train loss: 1.62
INFO:train:Train total_accuracy: 46.53
INFO:eval:correct_norm:0.0, total_norm:413.0, total_nsw:72.0
INFO:eval:precision:0.0, recall:0.0, f1:0.0

INFO:eval:ind:2453 tid:470354589930512384 
input:wolfnsheepclothing140
target:wolfnsheepclothing140
prediction:wogg

INFO:eval:ind:2446 tid:471600545665265664 
input:investissement
target:investissement
prediction:isse

INFO:eval:ind:2460 tid:472015563670036481 
input:receptionist
target:receptionist
prediction:cpiit

INFO:eval:ind:2418 tid:469947163615952896 
input:councillors
target:councillors
prediction:ccolll

INFO:eval:ind:2429 tid:469819040219664384 
input:personality
target:personality
prediction:ppr

INFO:train:
* TextNorm epoch *
INFO:train:Model optim lr: 0.001
INFO:train:Epoch  16,       1/1 batches  loss:1.577160,  num_corrects :1301,  num_tgts :2712 ,accuracy:47.971976
INFO:train:Train loss: 1.58
INFO:train:Train total_accuracy: 47.97
INFO:eval:correct_norm:0.0, total_norm:425.0, total_nsw:72.0
INFO:eval:precision:0.0, recall:0.0, f1:0.0

INFO:eval:ind:2453 tid:470354589930512384 
input:wolfnsheepclothing140
target:wolfnsheepclothing140
prediction:oogn

INFO:eval:ind:2446 tid:471600545665265664 
input:investissement
target:investissement
prediction:isse

INFO:eval:ind:2460 tid:472015563670036481 
input:receptionist
target:receptionist
prediction:ccptt

INFO:eval:ind:2418 tid:469947163615952896 
input:councillors
target:councillors
prediction:cccoll

INFO:eval:ind:2429 tid:469819040219664384 
input:personality
target:personality
prediction:pppp

INFO:train:
* TextNorm epoch *
INFO:train:Model optim lr: 0.001
INFO:train:Epoch  17,       1/1 batches  loss:1.529452,  num_corrects :1331,  num_tgts :2712 ,accuracy:49.078171
INFO:train:Train loss: 1.53
INFO:train:Train total_accuracy: 49.08
INFO:eval:correct_norm:0.0, total_norm:411.0, total_nsw:72.0
INFO:eval:precision:0.0, recall:0.0, f1:0.0

INFO:eval:ind:2453 tid:470354589930512384 
input:wolfnsheepclothing140
target:wolfnsheepclothing140
prediction:woonnnggggnggngggnggngggnggngggnggngggnggngggnggn

INFO:eval:ind:2446 tid:471600545665265664 
input:investissement
target:investissement
prediction:ppsssettnes

INFO:eval:ind:2460 tid:472015563670036481 
input:receptionist
target:receptionist
prediction:cccpttsts

INFO:eval:ind:2418 tid:469947163615952896 
input:councillors
target:councillors
prediction:cccclllll

INFO:eval:ind:2429 tid:469819040219664384 
input:personality
target:personality
prediction:pppppo

INFO:train:
* TextNorm epoch *
INFO:train:Model optim lr: 0.001
INFO:train:Epoch  18,       1/1 batches  loss:1.441453,  num_corrects :1409,  num_tgts :2712 ,accuracy:51.954277
INFO:train:Train loss: 1.44
INFO:train:Train total_accuracy: 51.95
INFO:eval:correct_norm:0.0, total_norm:427.0, total_nsw:72.0
INFO:eval:precision:0.0, recall:0.0, f1:0.0

INFO:eval:ind:2453 tid:470354589930512384 
input:wolfnsheepclothing140
target:wolfnsheepclothing140
prediction:woonnnggegngggngennggggnenggggnneggngggnenggggnne

INFO:eval:ind:2446 tid:471600545665265664 
input:investissement
target:investissement
prediction:iiseettsesstensettessstee<s>sstestesstestesstestess

INFO:eval:ind:2460 tid:472015563670036481 
input:receptionist
target:receptionist
prediction:cccppttsssttsstssttsssttsssttsstssttsssttsssttsst

INFO:eval:ind:2418 tid:469947163615952896 
input:councillors
target:councillors
prediction:cccclllllss

INFO:eval:ind:2429 tid:469819040219664384 
input:personality
target:personality
prediction:ppppppppppppppppppppppppppppppppppppppppppppppppp

INFO:train:
* TextNorm epoch *
INFO:train:Model optim lr: 0.001
INFO:train:Epoch  19,       1/1 batches  loss:1.416703,  num_corrects :1396,  num_tgts :2712 ,accuracy:51.474926
INFO:train:Train loss: 1.42
INFO:train:Train total_accuracy: 51.47
INFO:eval:correct_norm:0.0, total_norm:414.0, total_nsw:72.0
INFO:eval:precision:0.0, recall:0.0, f1:0.0

INFO:eval:ind:2453 tid:470354589930512384 
input:wolfnsheepclothing140
target:wolfnsheepclothing140
prediction:wwllnneno

INFO:eval:ind:2446 tid:471600545665265664 
input:investissement
target:investissement
prediction:iieeettseestestee<s>sseteetsseetteesstee<s>sseteetsse

INFO:eval:ind:2460 tid:472015563670036481 
input:receptionist
target:receptionist
prediction:peetttssstsstsstsst<s>ssttssststsstsstsst<s>ssttsssts

INFO:eval:ind:2418 tid:469947163615952896 
input:councillors
target:councillors
prediction:ccclllllss

INFO:eval:ind:2429 tid:469819040219664384 
input:personality
target:personality
prediction:pppppllii

INFO:train:
* TextNorm epoch *
INFO:train:Model optim lr: 0.001
INFO:train:Epoch  20,       1/1 batches  loss:1.323094,  num_corrects :1491,  num_tgts :2712 ,accuracy:54.977876
INFO:train:Train loss: 1.32
INFO:train:Train total_accuracy: 54.98
INFO:eval:correct_norm:0.0, total_norm:397.0, total_nsw:72.0
INFO:eval:precision:0.0, recall:0.0, f1:0.0

INFO:eval:ind:2453 tid:470354589930512384 
input:wolfnsheepclothing140
target:wolfnsheepclothing140
prediction:wwlneno

INFO:eval:ind:2446 tid:471600545665265664 
input:investissement
target:investissement
prediction:nieeettees

INFO:eval:ind:2460 tid:472015563670036481 
input:receptionist
target:receptionist
prediction:reeitts

INFO:eval:ind:2418 tid:469947163615952896 
input:councillors
target:councillors
prediction:coollls

INFO:eval:ind:2429 tid:469819040219664384 
input:personality
target:personality
prediction:ppppllii

INFO:train:
* TextNorm epoch *
INFO:train:Model optim lr: 0.001
INFO:train:Epoch  21,       1/1 batches  loss:1.260665,  num_corrects :1555,  num_tgts :2712 ,accuracy:57.337758
INFO:train:Train loss: 1.26
INFO:train:Train total_accuracy: 57.34
INFO:eval:correct_norm:0.0, total_norm:391.0, total_nsw:72.0
INFO:eval:precision:0.0, recall:0.0, f1:0.0

INFO:eval:ind:2453 tid:470354589930512384 
input:wolfnsheepclothing140
target:wolfnsheepclothing140
prediction:wwonne

INFO:eval:ind:2446 tid:471600545665265664 
input:investissement
target:investissement
prediction:nieette

INFO:eval:ind:2460 tid:472015563670036481 
input:receptionist
target:receptionist
prediction:rreettii

INFO:eval:ind:2418 tid:469947163615952896 
input:councillors
target:councillors
prediction:coollrs

INFO:eval:ind:2429 tid:469819040219664384 
input:personality
target:personality
prediction:pppplii

INFO:train:
* TextNorm epoch *
INFO:train:Model optim lr: 0.001
INFO:train:Epoch  22,       1/1 batches  loss:1.294404,  num_corrects :1524,  num_tgts :2712 ,accuracy:56.194690
INFO:train:Train loss: 1.29
INFO:train:Train total_accuracy: 56.19
INFO:eval:correct_norm:0.0, total_norm:382.0, total_nsw:72.0
INFO:eval:precision:0.0, recall:0.0, f1:0.0

INFO:eval:ind:2453 tid:470354589930512384 
input:wolfnsheepclothing140
target:wolfnsheepclothing140
prediction:wwonnno

INFO:eval:ind:2446 tid:471600545665265664 
input:investissement
target:investissement
prediction:nieette

INFO:eval:ind:2460 tid:472015563670036481 
input:receptionist
target:receptionist
prediction:rrrentii

INFO:eval:ind:2418 tid:469947163615952896 
input:councillors
target:councillors
prediction:cocllrss

INFO:eval:ind:2429 tid:469819040219664384 
input:personality
target:personality
prediction:pprrlni

INFO:train:
* TextNorm epoch *
INFO:train:Model optim lr: 0.001
INFO:train:Epoch  23,       1/1 batches  loss:1.241067,  num_corrects :1569,  num_tgts :2712 ,accuracy:57.853982
INFO:train:Train loss: 1.24
INFO:train:Train total_accuracy: 57.85
INFO:eval:correct_norm:0.0, total_norm:372.0, total_nsw:72.0
INFO:eval:precision:0.0, recall:0.0, f1:0.0

INFO:eval:ind:2453 tid:470354589930512384 
input:wolfnsheepclothing140
target:wolfnsheepclothing140
prediction:wwonnnog

INFO:eval:ind:2446 tid:471600545665265664 
input:investissement
target:investissement
prediction:niietes

INFO:eval:ind:2460 tid:472015563670036481 
input:receptionist
target:receptionist
prediction:crrentiit

INFO:eval:ind:2418 tid:469947163615952896 
input:councillors
target:councillors
prediction:cccolrrss

INFO:eval:ind:2429 tid:469819040219664384 
input:personality
target:personality
prediction:ppprpnlill

INFO:train:
* TextNorm epoch *
INFO:train:Model optim lr: 0.001
INFO:train:Epoch  24,       1/1 batches  loss:1.195352,  num_corrects :1611,  num_tgts :2712 ,accuracy:59.402655
INFO:train:Train loss: 1.20
INFO:train:Train total_accuracy: 59.40
INFO:eval:correct_norm:0.0, total_norm:337.0, total_nsw:72.0
INFO:eval:precision:0.0, recall:0.0, f1:0.0

INFO:eval:ind:2453 tid:470354589930512384 
input:wolfnsheepclothing140
target:wolfnsheepclothing140
prediction:woonnngo

INFO:eval:ind:2446 tid:471600545665265664 
input:investissement
target:investissement
prediction:iistee

INFO:eval:ind:2460 tid:472015563670036481 
input:receptionist
target:receptionist
prediction:crettiinit

INFO:eval:ind:2418 tid:469947163615952896 
input:councillors
target:councillors
prediction:cccollss

INFO:eval:ind:2429 tid:469819040219664384 
input:personality
target:personality
prediction:pppprlnill

INFO:train:
* TextNorm epoch *
INFO:train:Model optim lr: 0.001
INFO:train:Epoch  25,       1/1 batches  loss:1.150289,  num_corrects :1646,  num_tgts :2712 ,accuracy:60.693215
INFO:train:Train loss: 1.15
INFO:train:Train total_accuracy: 60.69
INFO:eval:correct_norm:0.0, total_norm:325.0, total_nsw:72.0
INFO:eval:precision:0.0, recall:0.0, f1:0.0

INFO:eval:ind:2453 tid:470354589930512384 
input:wolfnsheepclothing140
target:wolfnsheepclothing140
prediction:woonhngge

INFO:eval:ind:2446 tid:471600545665265664 
input:investissement
target:investissement
prediction:iisteest

INFO:eval:ind:2460 tid:472015563670036481 
input:receptionist
target:receptionist
prediction:certtiiits

INFO:eval:ind:2418 tid:469947163615952896 
input:councillors
target:councillors
prediction:coclllss

INFO:eval:ind:2429 tid:469819040219664384 
input:personality
target:personality
prediction:ppppllint

INFO:train:
* TextNorm epoch *
INFO:train:Model optim lr: 0.001
INFO:train:Epoch  26,       1/1 batches  loss:1.028746,  num_corrects :1779,  num_tgts :2712 ,accuracy:65.597345
INFO:train:Train loss: 1.03
INFO:train:Train total_accuracy: 65.60
INFO:eval:correct_norm:0.0, total_norm:320.0, total_nsw:72.0
INFO:eval:precision:0.0, recall:0.0, f1:0.0

INFO:eval:ind:2453 tid:470354589930512384 
input:wolfnsheepclothing140
target:wolfnsheepclothing140
prediction:woonnligeggi

INFO:eval:ind:2446 tid:471600545665265664 
input:investissement
target:investissement
prediction:iisetese

INFO:eval:ind:2460 tid:472015563670036481 
input:receptionist
target:receptionist
prediction:reetiiitis

INFO:eval:ind:2418 tid:469947163615952896 
input:councillors
target:councillors
prediction:coolllls

INFO:eval:ind:2429 tid:469819040219664384 
input:personality
target:personality
prediction:ppppllliill

INFO:train:
* TextNorm epoch *
INFO:train:Model optim lr: 0.001
INFO:train:Epoch  27,       1/1 batches  loss:0.976755,  num_corrects :1823,  num_tgts :2712 ,accuracy:67.219764
INFO:train:Train loss: 0.98
INFO:train:Train total_accuracy: 67.22
INFO:eval:correct_norm:0.0, total_norm:414.0, total_nsw:72.0
INFO:eval:precision:0.0, recall:0.0, f1:0.0

INFO:eval:ind:2453 tid:470354589930512384 
input:wolfnsheepclothing140
target:wolfnsheepclothing140
prediction:wo<s><s><s><s><s><s><s><s><s><s><s><s><s><s><s><s><s><s><s><s><s><s><s><s><s><s><s><s><s><s><s><s><s><s><s><s><s><s><s><s><s><s><s><s><s><s><s>

INFO:eval:ind:2446 tid:471600545665265664 
input:investissement
target:investissement
prediction:ii<s><s><s><s><s><s><s><s><s><s><s><s><s><s><s><s><s><s><s><s><s><s><s><s><s><s><s><s><s><s><s><s><s><s><s><s><s><s><s><s><s><s><s><s><s><s><s>

INFO:eval:ind:2460 tid:472015563670036481 
input:receptionist
target:receptionist
prediction:re<s><s><s><s><s><s><s><s><s><s><s><s><s><s><s><s><s><s><s><s><s><s><s><s><s><s><s><s><s><s><s><s><s><s><s><s><s><s><s><s><s><s><s><s><s><s><s>

INFO:eval:ind:2418 tid:469947163615952896 
input:councillors
target:councillors
prediction:co<s><s><s><s><s><s><s><s><s><s><s><s><s><s><s><s><s><s><s><s><s><s><s><s><s><s><s><s><s><s><s><s><s><s><s><s><s><s><s><s><s><s><s><s><s><s><s>

INFO:eval:ind:2429 tid:469819040219664384 
input:personality
target:personality
prediction:pp<s><s><s><s><s><s><s><s><s><s><s><s><s><s><s><s><s><s><s><s><s><s><s><s><s><s><s><s><s><s><s><s><s><s><s><s><s><s><s><s><s><s><s><s><s><s><s>

INFO:train:
* TextNorm epoch *
INFO:train:Model optim lr: 0.001
INFO:train:Epoch  28,       1/1 batches  loss:1.039386,  num_corrects :1749,  num_tgts :2712 ,accuracy:64.491150
INFO:train:Train loss: 1.04
INFO:train:Train total_accuracy: 64.49
INFO:eval:correct_norm:0.0, total_norm:290.0, total_nsw:72.0
INFO:eval:precision:0.0, recall:0.0, f1:0.0

INFO:eval:ind:2453 tid:470354589930512384 
input:wolfnsheepclothing140
target:wolfnsheepclothing140
prediction:woolnnieg

INFO:eval:ind:2446 tid:471600545665265664 
input:investissement
target:investissement
prediction:iissess

INFO:eval:ind:2460 tid:472015563670036481 
input:receptionist
target:receptionist
prediction:rerciitis

INFO:eval:ind:2418 tid:469947163615952896 
input:councillors
target:councillors
prediction:coocllls

INFO:eval:ind:2429 tid:469819040219664384 
input:personality
target:personality
prediction:ppprlllii

INFO:train:
* TextNorm epoch *
INFO:train:Model optim lr: 0.001
INFO:train:Epoch  29,       1/1 batches  loss:0.902183,  num_corrects :1924,  num_tgts :2712 ,accuracy:70.943953
INFO:train:Train loss: 0.90
INFO:train:Train total_accuracy: 70.94
INFO:eval:correct_norm:1.0, total_norm:266.0, total_nsw:72.0
INFO:eval:precision:0.00375939849624, recall:0.0138888888889, f1:0.00591715976331

INFO:eval:ind:2453 tid:470354589930512384 
input:wolfnsheepclothing140
target:wolfnsheepclothing140
prediction:woonnceiogno

INFO:eval:ind:2446 tid:471600545665265664 
input:investissement
target:investissement
prediction:iisssees

INFO:eval:ind:2460 tid:472015563670036481 
input:receptionist
target:receptionist
prediction:errcitiios

INFO:eval:ind:2418 tid:469947163615952896 
input:councillors
target:councillors
prediction:coucllos

INFO:eval:ind:2429 tid:469819040219664384 
input:personality
target:personality
prediction:perralli

INFO:train:
* TextNorm epoch *
INFO:train:Model optim lr: 0.001
INFO:train:Epoch  30,       1/1 batches  loss:0.842927,  num_corrects :1971,  num_tgts :2712 ,accuracy:72.676991
INFO:train:Train loss: 0.84
INFO:train:Train total_accuracy: 72.68
INFO:eval:correct_norm:1.0, total_norm:266.0, total_nsw:72.0
INFO:eval:precision:0.00375939849624, recall:0.0138888888889, f1:0.00591715976331

INFO:eval:ind:2453 tid:470354589930512384 
input:wolfnsheepclothing140
target:wolfnsheepclothing140
prediction:wooncngegogge

INFO:eval:ind:2446 tid:471600545665265664 
input:investissement
target:investissement
prediction:iinsecssetesse

INFO:eval:ind:2460 tid:472015563670036481 
input:receptionist
target:receptionist
prediction:cerctiiotisito

INFO:eval:ind:2418 tid:469947163615952896 
input:councillors
target:councillors
prediction:coucnlool

INFO:eval:ind:2429 tid:469819040219664384 
input:personality
target:personality
prediction:perranlit

INFO:train:
* TextNorm epoch *
INFO:train:Model optim lr: 0.001
INFO:train:Epoch  31,       1/1 batches  loss:0.929655,  num_corrects :1894,  num_tgts :2712 ,accuracy:69.837758
INFO:train:Train loss: 0.93
INFO:train:Train total_accuracy: 69.84
INFO:eval:correct_norm:8.0, total_norm:266.0, total_nsw:72.0
INFO:eval:precision:0.0300751879699, recall:0.111111111111, f1:0.0473372781065

INFO:eval:ind:2453 tid:470354589930512384 
input:wolfnsheepclothing140
target:wolfnsheepclothing140
prediction:woonncegtgeonggegtegongeggte

INFO:eval:ind:2446 tid:471600545665265664 
input:investissement
target:investissement
prediction:iinetsesesteesisetesseetiessetesseetiessetesseeti

INFO:eval:ind:2460 tid:472015563670036481 
input:receptionist
target:receptionist
prediction:cerccitiitoitisteitiotiintoitietiotiintoitietioti

INFO:eval:ind:2418 tid:469947163615952896 
input:councillors
target:councillors
prediction:coucncollo

INFO:eval:ind:2429 tid:469819040219664384 
input:personality
target:personality
prediction:perrantill

INFO:train:
* TextNorm epoch *
INFO:train:Model optim lr: 0.001
INFO:train:Epoch  32,       1/1 batches  loss:0.809234,  num_corrects :1999,  num_tgts :2712 ,accuracy:73.709440
INFO:train:Train loss: 0.81
INFO:train:Train total_accuracy: 73.71
INFO:eval:correct_norm:1.0, total_norm:251.0, total_nsw:72.0
INFO:eval:precision:0.00398406374502, recall:0.0138888888889, f1:0.0061919504644

INFO:eval:ind:2453 tid:470354589930512384 
input:wolfnsheepclothing140
target:wolfnsheepclothing140
prediction:woonneteiggen

INFO:eval:ind:2446 tid:471600545665265664 
input:investissement
target:investissement
prediction:niessteessetes

INFO:eval:ind:2460 tid:472015563670036481 
input:receptionist
target:receptionist
prediction:reectiiito

INFO:eval:ind:2418 tid:469947163615952896 
input:councillors
target:councillors
prediction:councilo

INFO:eval:ind:2429 tid:469819040219664384 
input:personality
target:personality
prediction:perranit

INFO:train:
* TextNorm epoch *
INFO:train:Model optim lr: 0.001
INFO:train:Epoch  33,       1/1 batches  loss:0.755867,  num_corrects :2059,  num_tgts :2712 ,accuracy:75.921829
INFO:train:Train loss: 0.76
INFO:train:Train total_accuracy: 75.92
INFO:eval:correct_norm:10.0, total_norm:230.0, total_nsw:72.0
INFO:eval:precision:0.0434782608696, recall:0.138888888889, f1:0.0662251655629

INFO:eval:ind:2453 tid:470354589930512384 
input:wolfnsheepclothing140
target:wolfnsheepclothing140
prediction:woonneetineognetienogetine

INFO:eval:ind:2446 tid:471600545665265664 
input:investissement
target:investissement
prediction:niesssteesssestessessetsesses

INFO:eval:ind:2460 tid:472015563670036481 
input:receptionist
target:receptionist
prediction:reerciitosi

INFO:eval:ind:2418 tid:469947163615952896 
input:councillors
target:councillors
prediction:counnlol

INFO:eval:ind:2429 tid:469819040219664384 
input:personality
target:personality
prediction:perronalit

INFO:train:
* TextNorm epoch *
INFO:train:Model optim lr: 0.001
INFO:train:Epoch  34,       1/1 batches  loss:0.834851,  num_corrects :1963,  num_tgts :2712 ,accuracy:72.382006
INFO:train:Train loss: 0.83
INFO:train:Train total_accuracy: 72.38
INFO:eval:correct_norm:10.0, total_norm:256.0, total_nsw:72.0
INFO:eval:precision:0.0390625, recall:0.138888888889, f1:0.0609756097561

INFO:eval:ind:2453 tid:470354589930512384 
input:wolfnsheepclothing140
target:wolfnsheepclothing140
prediction:woolnnehitonegnohetinoenggetinoengteinogehnotienn

INFO:eval:ind:2446 tid:471600545665265664 
input:investissement
target:investissement
prediction:niesssssestsessssesstessssesssetsssesssesstesssse

INFO:eval:ind:2460 tid:472015563670036481 
input:receptionist
target:receptionist
prediction:reerciitsositsisst

INFO:eval:ind:2418 tid:469947163615952896 
input:councillors
target:councillors
prediction:counnillss

INFO:eval:ind:2429 tid:469819040219664384 
input:personality
target:personality
prediction:perronaills

INFO:train:
* TextNorm epoch *
INFO:train:Model optim lr: 0.001
INFO:train:Epoch  35,       1/1 batches  loss:0.794858,  num_corrects :2004,  num_tgts :2712 ,accuracy:73.893805
INFO:train:Train loss: 0.79
INFO:train:Train total_accuracy: 73.89
INFO:eval:correct_norm:3.0, total_norm:231.0, total_nsw:72.0
INFO:eval:precision:0.012987012987, recall:0.0416666666667, f1:0.019801980198

INFO:eval:ind:2453 tid:470354589930512384 
input:wolfnsheepclothing140
target:wolfnsheepclothing140
prediction:wolnnhoggent

INFO:eval:ind:2446 tid:471600545665265664 
input:investissement
target:investissement
prediction:niesssssetssmsse

INFO:eval:ind:2460 tid:472015563670036481 
input:receptionist
target:receptionist
prediction:eerepiiotssist

INFO:eval:ind:2418 tid:469947163615952896 
input:councillors
target:councillors
prediction:connclosls

INFO:eval:ind:2429 tid:469819040219664384 
input:personality
target:personality
prediction:peronlityy

INFO:train:
* TextNorm epoch *
INFO:train:Model optim lr: 0.001
INFO:train:Epoch  36,       1/1 batches  loss:0.659956,  num_corrects :2131,  num_tgts :2712 ,accuracy:78.576696
INFO:train:Train loss: 0.66
INFO:train:Train total_accuracy: 78.58
INFO:eval:correct_norm:9.0, total_norm:201.0, total_nsw:72.0
INFO:eval:precision:0.044776119403, recall:0.125, f1:0.0659340659341

INFO:eval:ind:2453 tid:470354589930512384 
input:wolfnsheepclothing140
target:wolfnsheepclothing140
prediction:wolnncoghgotne

INFO:eval:ind:2446 tid:471600545665265664 
input:investissement
target:investissement
prediction:niesstsmestsm

INFO:eval:ind:2460 tid:472015563670036481 
input:receptionist
target:receptionist
prediction:reeccpioitsiotsi

INFO:eval:ind:2418 tid:469947163615952896 
input:councillors
target:councillors
prediction:concciolls

INFO:eval:ind:2429 tid:469819040219664384 
input:personality
target:personality
prediction:perronlatiyy

INFO:train:
* TextNorm epoch *
INFO:train:Model optim lr: 0.001
INFO:train:Epoch  37,       1/1 batches  loss:0.566286,  num_corrects :2244,  num_tgts :2712 ,accuracy:82.743363
INFO:train:Train loss: 0.57
INFO:train:Train total_accuracy: 82.74
INFO:eval:correct_norm:9.0, total_norm:227.0, total_nsw:72.0
INFO:eval:precision:0.0396475770925, recall:0.125, f1:0.0602006688963

INFO:eval:ind:2453 tid:470354589930512384 
input:wolfnsheepclothing140
target:wolfnsheepclothing140
prediction:wolnncctoneggt

INFO:eval:ind:2446 tid:471600545665265664 
input:investissement
target:investissement
prediction:nieetsstemn

INFO:eval:ind:2460 tid:472015563670036481 
input:receptionist
target:receptionist
prediction:recccpiotinot

INFO:eval:ind:2418 tid:469947163615952896 
input:councillors
target:councillors
prediction:councclolis

INFO:eval:ind:2429 tid:469819040219664384 
input:personality
target:personality
prediction:perronatliy

INFO:train:
* TextNorm epoch *
INFO:train:Model optim lr: 0.001
INFO:train:Epoch  38,       1/1 batches  loss:0.699886,  num_corrects :2070,  num_tgts :2712 ,accuracy:76.327434
INFO:train:Train loss: 0.70
INFO:train:Train total_accuracy: 76.33
INFO:eval:correct_norm:0.0, total_norm:413.0, total_nsw:72.0
INFO:eval:precision:0.0, recall:0.0, f1:0.0

INFO:eval:ind:2453 tid:470354589930512384 
input:wolfnsheepclothing140
target:wolfnsheepclothing140
prediction:wo<s><s><s><s><s><s><s><s><s><s><s><s><s><s><s><s><s><s><s><s><s><s><s><s><s><s><s><s><s><s><s><s><s><s><s><s><s><s><s><s><s><s><s><s><s><s><s>

INFO:eval:ind:2446 tid:471600545665265664 
input:investissement
target:investissement
prediction:ni<s><s><s><s><s><s><s><s><s><s><s><s><s><s><s><s><s><s><s><s><s><s><s><s><s><s><s><s><s><s><s><s><s><s><s><s><s><s><s><s><s><s><s><s><s><s><s>

INFO:eval:ind:2460 tid:472015563670036481 
input:receptionist
target:receptionist
prediction:ee<s><s><s><s><s><s><s><s><s><s><s><s><s><s><s><s><s><s><s><s><s><s><s><s><s><s><s><s><s><s><s><s><s><s><s><s><s><s><s><s><s><s><s><s><s><s><s>

INFO:eval:ind:2418 tid:469947163615952896 
input:councillors
target:councillors
prediction:co<s><s><s><s><s><s><s><s><s><s><s><s><s><s><s><s><s><s><s><s><s><s><s><s><s><s><s><s><s><s><s><s><s><s><s><s><s><s><s><s><s><s><s><s><s><s><s>

INFO:eval:ind:2429 tid:469819040219664384 
input:personality
target:personality
prediction:pe<s><s><s><s><s><s><s><s><s><s><s><s><s><s><s><s><s><s><s><s><s><s><s><s><s><s><s><s><s><s><s><s><s><s><s><s><s><s><s><s><s><s><s><s><s><s><s>

INFO:train:
* TextNorm epoch *
INFO:train:Model optim lr: 0.001
INFO:train:Epoch  39,       1/1 batches  loss:0.536900,  num_corrects :2256,  num_tgts :2712 ,accuracy:83.185841
INFO:train:Train loss: 0.54
INFO:train:Train total_accuracy: 83.19
INFO:eval:correct_norm:0.0, total_norm:413.0, total_nsw:72.0
INFO:eval:precision:0.0, recall:0.0, f1:0.0

INFO:eval:ind:2453 tid:470354589930512384 
input:wolfnsheepclothing140
target:wolfnsheepclothing140
prediction:wo<s><s><s><s><s><s><s><s><s><s><s><s><s><s><s><s><s><s><s><s><s><s><s><s><s><s><s><s><s><s><s><s><s><s><s><s><s><s><s><s><s><s><s><s><s><s><s>

INFO:eval:ind:2446 tid:471600545665265664 
input:investissement
target:investissement
prediction:ni<s><s><s><s><s><s><s><s><s><s><s><s><s><s><s><s><s><s><s><s><s><s><s><s><s><s><s><s><s><s><s><s><s><s><s><s><s><s><s><s><s><s><s><s><s><s><s>

INFO:eval:ind:2460 tid:472015563670036481 
input:receptionist
target:receptionist
prediction:ee<s><s><s><s><s><s><s><s><s><s><s><s><s><s><s><s><s><s><s><s><s><s><s><s><s><s><s><s><s><s><s><s><s><s><s><s><s><s><s><s><s><s><s><s><s><s><s>

INFO:eval:ind:2418 tid:469947163615952896 
input:councillors
target:councillors
prediction:co<s><s><s><s><s><s><s><s><s><s><s><s><s><s><s><s><s><s><s><s><s><s><s><s><s><s><s><s><s><s><s><s><s><s><s><s><s><s><s><s><s><s><s><s><s><s><s>

INFO:eval:ind:2429 tid:469819040219664384 
input:personality
target:personality
prediction:pe<s><s><s><s><s><s><s><s><s><s><s><s><s><s><s><s><s><s><s><s><s><s><s><s><s><s><s><s><s><s><s><s><s><s><s><s><s><s><s><s><s><s><s><s><s><s><s>

INFO:train:
* TextNorm epoch *
INFO:train:Model optim lr: 0.001
INFO:train:Epoch  40,       1/1 batches  loss:0.470048,  num_corrects :2304,  num_tgts :2712 ,accuracy:84.955752
INFO:train:Train loss: 0.47
INFO:train:Train total_accuracy: 84.96
INFO:eval:correct_norm:15.0, total_norm:168.0, total_nsw:72.0
INFO:eval:precision:0.0892857142857, recall:0.208333333333, f1:0.125

INFO:eval:ind:2453 tid:470354589930512384 
input:wolfnsheepclothing140
target:wolfnsheepclothing140
prediction:wolfnesctenonelthen000teno0helnten000ethone0ltne0

INFO:eval:ind:2446 tid:471600545665265664 
input:investissement
target:investissement
prediction:ineesstenneetnenset

INFO:eval:ind:2460 tid:472015563670036481 
input:receptionist
target:receptionist
prediction:reeccpionitis

INFO:eval:ind:2418 tid:469947163615952896 
input:councillors
target:councillors
prediction:councillossl

INFO:eval:ind:2429 tid:469819040219664384 
input:personality
target:personality
prediction:perronaliln

INFO:train:
* TextNorm epoch *
INFO:train:Model optim lr: 0.001
INFO:train:Epoch  41,       1/1 batches  loss:0.460610,  num_corrects :2318,  num_tgts :2712 ,accuracy:85.471976
INFO:train:Train loss: 0.46
INFO:train:Train total_accuracy: 85.47
INFO:eval:correct_norm:0.0, total_norm:413.0, total_nsw:72.0
INFO:eval:precision:0.0, recall:0.0, f1:0.0

INFO:eval:ind:2453 tid:470354589930512384 
input:wolfnsheepclothing140
target:wolfnsheepclothing140
prediction:wo<s><s><s><s><s><s><s><s><s><s><s><s><s><s><s><s><s><s><s><s><s><s><s><s><s><s><s><s><s><s><s><s><s><s><s><s><s><s><s><s><s><s><s><s><s><s><s>

INFO:eval:ind:2446 tid:471600545665265664 
input:investissement
target:investissement
prediction:in<s><s><s><s><s><s><s><s><s><s><s><s><s><s><s><s><s><s><s><s><s><s><s><s><s><s><s><s><s><s><s><s><s><s><s><s><s><s><s><s><s><s><s><s><s><s><s>

INFO:eval:ind:2460 tid:472015563670036481 
input:receptionist
target:receptionist
prediction:re<s><s><s><s><s><s><s><s><s><s><s><s><s><s><s><s><s><s><s><s><s><s><s><s><s><s><s><s><s><s><s><s><s><s><s><s><s><s><s><s><s><s><s><s><s><s><s>

INFO:eval:ind:2418 tid:469947163615952896 
input:councillors
target:councillors
prediction:co<s><s><s><s><s><s><s><s><s><s><s><s><s><s><s><s><s><s><s><s><s><s><s><s><s><s><s><s><s><s><s><s><s><s><s><s><s><s><s><s><s><s><s><s><s><s><s>

INFO:eval:ind:2429 tid:469819040219664384 
input:personality
target:personality
prediction:pe<s><s><s><s><s><s><s><s><s><s><s><s><s><s><s><s><s><s><s><s><s><s><s><s><s><s><s><s><s><s><s><s><s><s><s><s><s><s><s><s><s><s><s><s><s><s><s>

INFO:train:
* TextNorm epoch *
INFO:train:Model optim lr: 0.001
INFO:train:Epoch  42,       1/1 batches  loss:0.422410,  num_corrects :2354,  num_tgts :2712 ,accuracy:86.799410
INFO:train:Train loss: 0.42
INFO:train:Train total_accuracy: 86.80
INFO:eval:correct_norm:0.0, total_norm:413.0, total_nsw:72.0
INFO:eval:precision:0.0, recall:0.0, f1:0.0

INFO:eval:ind:2453 tid:470354589930512384 
input:wolfnsheepclothing140
target:wolfnsheepclothing140
prediction:wo<s><s><s><s><s><s><s><s><s><s><s><s><s><s><s><s><s><s><s><s><s><s><s><s><s><s><s><s><s><s><s><s><s><s><s><s><s><s><s><s><s><s><s><s><s><s><s>

INFO:eval:ind:2446 tid:471600545665265664 
input:investissement
target:investissement
prediction:in<s><s><s><s><s><s><s><s><s><s><s><s><s><s><s><s><s><s><s><s><s><s><s><s><s><s><s><s><s><s><s><s><s><s><s><s><s><s><s><s><s><s><s><s><s><s><s>

INFO:eval:ind:2460 tid:472015563670036481 
input:receptionist
target:receptionist
prediction:re<s><s><s><s><s><s><s><s><s><s><s><s><s><s><s><s><s><s><s><s><s><s><s><s><s><s><s><s><s><s><s><s><s><s><s><s><s><s><s><s><s><s><s><s><s><s><s>

INFO:eval:ind:2418 tid:469947163615952896 
input:councillors
target:councillors
prediction:co<s><s><s><s><s><s><s><s><s><s><s><s><s><s><s><s><s><s><s><s><s><s><s><s><s><s><s><s><s><s><s><s><s><s><s><s><s><s><s><s><s><s><s><s><s><s><s>

INFO:eval:ind:2429 tid:469819040219664384 
input:personality
target:personality
prediction:pe<s><s><s><s><s><s><s><s><s><s><s><s><s><s><s><s><s><s><s><s><s><s><s><s><s><s><s><s><s><s><s><s><s><s><s><s><s><s><s><s><s><s><s><s><s><s><s>

INFO:train:
* TextNorm epoch *
INFO:train:Model optim lr: 0.001
INFO:train:Epoch  43,       1/1 batches  loss:0.365712,  num_corrects :2405,  num_tgts :2712 ,accuracy:88.679941
INFO:train:Train loss: 0.37
INFO:train:Train total_accuracy: 88.68
INFO:eval:correct_norm:0.0, total_norm:413.0, total_nsw:72.0
INFO:eval:precision:0.0, recall:0.0, f1:0.0

INFO:eval:ind:2453 tid:470354589930512384 
input:wolfnsheepclothing140
target:wolfnsheepclothing140
prediction:wo<s><s><s><s><s><s><s><s><s><s><s><s><s><s><s><s><s><s><s><s><s><s><s><s><s><s><s><s><s><s><s><s><s><s><s><s><s><s><s><s><s><s><s><s><s><s><s>

INFO:eval:ind:2446 tid:471600545665265664 
input:investissement
target:investissement
prediction:in<s><s><s><s><s><s><s><s><s><s><s><s><s><s><s><s><s><s><s><s><s><s><s><s><s><s><s><s><s><s><s><s><s><s><s><s><s><s><s><s><s><s><s><s><s><s><s>

INFO:eval:ind:2460 tid:472015563670036481 
input:receptionist
target:receptionist
prediction:re<s><s><s><s><s><s><s><s><s><s><s><s><s><s><s><s><s><s><s><s><s><s><s><s><s><s><s><s><s><s><s><s><s><s><s><s><s><s><s><s><s><s><s><s><s><s><s>

INFO:eval:ind:2418 tid:469947163615952896 
input:councillors
target:councillors
prediction:co<s><s><s><s><s><s><s><s><s><s><s><s><s><s><s><s><s><s><s><s><s><s><s><s><s><s><s><s><s><s><s><s><s><s><s><s><s><s><s><s><s><s><s><s><s><s><s>

INFO:eval:ind:2429 tid:469819040219664384 
input:personality
target:personality
prediction:pe<s><s><s><s><s><s><s><s><s><s><s><s><s><s><s><s><s><s><s><s><s><s><s><s><s><s><s><s><s><s><s><s><s><s><s><s><s><s><s><s><s><s><s><s><s><s><s>

INFO:train:
* TextNorm epoch *
INFO:train:Model optim lr: 0.001
INFO:train:Epoch  44,       1/1 batches  loss:0.346396,  num_corrects :2426,  num_tgts :2712 ,accuracy:89.454277
INFO:train:Train loss: 0.35
INFO:train:Train total_accuracy: 89.45
INFO:eval:correct_norm:0.0, total_norm:413.0, total_nsw:72.0
INFO:eval:precision:0.0, recall:0.0, f1:0.0

INFO:eval:ind:2453 tid:470354589930512384 
input:wolfnsheepclothing140
target:wolfnsheepclothing140
prediction:wo<s><s><s><s><s><s><s><s><s><s><s><s><s><s><s><s><s><s><s><s><s><s><s><s><s><s><s><s><s><s><s><s><s><s><s><s><s><s><s><s><s><s><s><s><s><s><s>

INFO:eval:ind:2446 tid:471600545665265664 
input:investissement
target:investissement
prediction:in<s><s><s><s><s><s><s><s><s><s><s><s><s><s><s><s><s><s><s><s><s><s><s><s><s><s><s><s><s><s><s><s><s><s><s><s><s><s><s><s><s><s><s><s><s><s><s>

INFO:eval:ind:2460 tid:472015563670036481 
input:receptionist
target:receptionist
prediction:re<s><s><s><s><s><s><s><s><s><s><s><s><s><s><s><s><s><s><s><s><s><s><s><s><s><s><s><s><s><s><s><s><s><s><s><s><s><s><s><s><s><s><s><s><s><s><s>

INFO:eval:ind:2418 tid:469947163615952896 
input:councillors
target:councillors
prediction:co<s><s><s><s><s><s><s><s><s><s><s><s><s><s><s><s><s><s><s><s><s><s><s><s><s><s><s><s><s><s><s><s><s><s><s><s><s><s><s><s><s><s><s><s><s><s><s>

INFO:eval:ind:2429 tid:469819040219664384 
input:personality
target:personality
prediction:pe<s><s><s><s><s><s><s><s><s><s><s><s><s><s><s><s><s><s><s><s><s><s><s><s><s><s><s><s><s><s><s><s><s><s><s><s><s><s><s><s><s><s><s><s><s><s><s>

INFO:train:
* TextNorm epoch *
INFO:train:Model optim lr: 0.001
INFO:train:Epoch  45,       1/1 batches  loss:0.311054,  num_corrects :2454,  num_tgts :2712 ,accuracy:90.486726
INFO:train:Train loss: 0.31
INFO:train:Train total_accuracy: 90.49
INFO:eval:correct_norm:0.0, total_norm:413.0, total_nsw:72.0
INFO:eval:precision:0.0, recall:0.0, f1:0.0

INFO:eval:ind:2453 tid:470354589930512384 
input:wolfnsheepclothing140
target:wolfnsheepclothing140
prediction:wo<s><s><s><s><s><s><s><s><s><s><s><s><s><s><s><s><s><s><s><s><s><s><s><s><s><s><s><s><s><s><s><s><s><s><s><s><s><s><s><s><s><s><s><s><s><s><s>

INFO:eval:ind:2446 tid:471600545665265664 
input:investissement
target:investissement
prediction:in<s><s><s><s><s><s><s><s><s><s><s><s><s><s><s><s><s><s><s><s><s><s><s><s><s><s><s><s><s><s><s><s><s><s><s><s><s><s><s><s><s><s><s><s><s><s><s>

INFO:eval:ind:2460 tid:472015563670036481 
input:receptionist
target:receptionist
prediction:re<s><s><s><s><s><s><s><s><s><s><s><s><s><s><s><s><s><s><s><s><s><s><s><s><s><s><s><s><s><s><s><s><s><s><s><s><s><s><s><s><s><s><s><s><s><s><s>

INFO:eval:ind:2418 tid:469947163615952896 
input:councillors
target:councillors
prediction:co<s><s><s><s><s><s><s><s><s><s><s><s><s><s><s><s><s><s><s><s><s><s><s><s><s><s><s><s><s><s><s><s><s><s><s><s><s><s><s><s><s><s><s><s><s><s><s>

INFO:eval:ind:2429 tid:469819040219664384 
input:personality
target:personality
prediction:pe<s><s><s><s><s><s><s><s><s><s><s><s><s><s><s><s><s><s><s><s><s><s><s><s><s><s><s><s><s><s><s><s><s><s><s><s><s><s><s><s><s><s><s><s><s><s><s>

INFO:train:
* TextNorm epoch *
INFO:train:Model optim lr: 0.001
INFO:train:Epoch  46,       1/1 batches  loss:0.294843,  num_corrects :2470,  num_tgts :2712 ,accuracy:91.076696
INFO:train:Train loss: 0.29
INFO:train:Train total_accuracy: 91.08
INFO:eval:correct_norm:0.0, total_norm:413.0, total_nsw:72.0
INFO:eval:precision:0.0, recall:0.0, f1:0.0

INFO:eval:ind:2453 tid:470354589930512384 
input:wolfnsheepclothing140
target:wolfnsheepclothing140
prediction:wo<s><s><s><s><s><s><s><s><s><s><s><s><s><s><s><s><s><s><s><s><s><s><s><s><s><s><s><s><s><s><s><s><s><s><s><s><s><s><s><s><s><s><s><s><s><s><s>

INFO:eval:ind:2446 tid:471600545665265664 
input:investissement
target:investissement
prediction:in<s><s><s><s><s><s><s><s><s><s><s><s><s><s><s><s><s><s><s><s><s><s><s><s><s><s><s><s><s><s><s><s><s><s><s><s><s><s><s><s><s><s><s><s><s><s><s>

INFO:eval:ind:2460 tid:472015563670036481 
input:receptionist
target:receptionist
prediction:re<s><s><s><s><s><s><s><s><s><s><s><s><s><s><s><s><s><s><s><s><s><s><s><s><s><s><s><s><s><s><s><s><s><s><s><s><s><s><s><s><s><s><s><s><s><s><s>

INFO:eval:ind:2418 tid:469947163615952896 
input:councillors
target:councillors
prediction:co<s><s><s><s><s><s><s><s><s><s><s><s><s><s><s><s><s><s><s><s><s><s><s><s><s><s><s><s><s><s><s><s><s><s><s><s><s><s><s><s><s><s><s><s><s><s><s>

INFO:eval:ind:2429 tid:469819040219664384 
input:personality
target:personality
prediction:pe<s><s><s><s><s><s><s><s><s><s><s><s><s><s><s><s><s><s><s><s><s><s><s><s><s><s><s><s><s><s><s><s><s><s><s><s><s><s><s><s><s><s><s><s><s><s><s>

INFO:train:
* TextNorm epoch *
INFO:train:Model optim lr: 0.001
INFO:train:Epoch  47,       1/1 batches  loss:0.277842,  num_corrects :2481,  num_tgts :2712 ,accuracy:91.482301
INFO:train:Train loss: 0.28
INFO:train:Train total_accuracy: 91.48
INFO:eval:correct_norm:0.0, total_norm:413.0, total_nsw:72.0
INFO:eval:precision:0.0, recall:0.0, f1:0.0

INFO:eval:ind:2453 tid:470354589930512384 
input:wolfnsheepclothing140
target:wolfnsheepclothing140
prediction:wo<s><s><s><s><s><s><s><s><s><s><s><s><s><s><s><s><s><s><s><s><s><s><s><s><s><s><s><s><s><s><s><s><s><s><s><s><s><s><s><s><s><s><s><s><s><s><s>

INFO:eval:ind:2446 tid:471600545665265664 
input:investissement
target:investissement
prediction:in<s><s><s><s><s><s><s><s><s><s><s><s><s><s><s><s><s><s><s><s><s><s><s><s><s><s><s><s><s><s><s><s><s><s><s><s><s><s><s><s><s><s><s><s><s><s><s>

INFO:eval:ind:2460 tid:472015563670036481 
input:receptionist
target:receptionist
prediction:re<s><s><s><s><s><s><s><s><s><s><s><s><s><s><s><s><s><s><s><s><s><s><s><s><s><s><s><s><s><s><s><s><s><s><s><s><s><s><s><s><s><s><s><s><s><s><s>

INFO:eval:ind:2418 tid:469947163615952896 
input:councillors
target:councillors
prediction:co<s><s><s><s><s><s><s><s><s><s><s><s><s><s><s><s><s><s><s><s><s><s><s><s><s><s><s><s><s><s><s><s><s><s><s><s><s><s><s><s><s><s><s><s><s><s><s>

INFO:eval:ind:2429 tid:469819040219664384 
input:personality
target:personality
prediction:pe<s><s><s><s><s><s><s><s><s><s><s><s><s><s><s><s><s><s><s><s><s><s><s><s><s><s><s><s><s><s><s><s><s><s><s><s><s><s><s><s><s><s><s><s><s><s><s>

INFO:train:
* TextNorm epoch *
INFO:train:Model optim lr: 0.001
INFO:train:Epoch  48,       1/1 batches  loss:0.253725,  num_corrects :2492,  num_tgts :2712 ,accuracy:91.887906
INFO:train:Train loss: 0.25
INFO:train:Train total_accuracy: 91.89
INFO:eval:correct_norm:0.0, total_norm:413.0, total_nsw:72.0
INFO:eval:precision:0.0, recall:0.0, f1:0.0

INFO:eval:ind:2453 tid:470354589930512384 
input:wolfnsheepclothing140
target:wolfnsheepclothing140
prediction:wo<s><s><s><s><s><s><s><s><s><s><s><s><s><s><s><s><s><s><s><s><s><s><s><s><s><s><s><s><s><s><s><s><s><s><s><s><s><s><s><s><s><s><s><s><s><s><s>

INFO:eval:ind:2446 tid:471600545665265664 
input:investissement
target:investissement
prediction:in<s><s><s><s><s><s><s><s><s><s><s><s><s><s><s><s><s><s><s><s><s><s><s><s><s><s><s><s><s><s><s><s><s><s><s><s><s><s><s><s><s><s><s><s><s><s><s>

INFO:eval:ind:2460 tid:472015563670036481 
input:receptionist
target:receptionist
prediction:re<s><s><s><s><s><s><s><s><s><s><s><s><s><s><s><s><s><s><s><s><s><s><s><s><s><s><s><s><s><s><s><s><s><s><s><s><s><s><s><s><s><s><s><s><s><s><s>

INFO:eval:ind:2418 tid:469947163615952896 
input:councillors
target:councillors
prediction:co<s><s><s><s><s><s><s><s><s><s><s><s><s><s><s><s><s><s><s><s><s><s><s><s><s><s><s><s><s><s><s><s><s><s><s><s><s><s><s><s><s><s><s><s><s><s><s>

INFO:eval:ind:2429 tid:469819040219664384 
input:personality
target:personality
prediction:pe<s><s><s><s><s><s><s><s><s><s><s><s><s><s><s><s><s><s><s><s><s><s><s><s><s><s><s><s><s><s><s><s><s><s><s><s><s><s><s><s><s><s><s><s><s><s><s>

INFO:train:
* TextNorm epoch *
INFO:train:Model optim lr: 0.001
INFO:train:Epoch  49,       1/1 batches  loss:0.434223,  num_corrects :2388,  num_tgts :2712 ,accuracy:88.053097
INFO:train:Train loss: 0.43
INFO:train:Train total_accuracy: 88.05
INFO:eval:correct_norm:30.0, total_norm:168.0, total_nsw:72.0
INFO:eval:precision:0.178571428571, recall:0.416666666667, f1:0.25

INFO:eval:ind:2453 tid:470354589930512384 
input:wolfnsheepclothing140
target:wolfnsheepclothing140
prediction:wolfnseecohlpshecpohlsphecpohlsphecpohlsphecpohls

INFO:eval:ind:2446 tid:471600545665265664 
input:investissement
target:investissement
prediction:investisseestense

INFO:eval:ind:2460 tid:472015563670036481 
input:receptionist
target:receptionist
prediction:receptionist

INFO:eval:ind:2418 tid:469947163615952896 
input:councillors
target:councillors
prediction:councilolrs

INFO:eval:ind:2429 tid:469819040219664384 
input:personality
target:personality
prediction:perssoalinty

INFO:train:
* TextNorm epoch *
INFO:train:Model optim lr: 0.001
INFO:train:Epoch  50,       1/1 batches  loss:0.287730,  num_corrects :2437,  num_tgts :2712 ,accuracy:89.859882
INFO:train:Train loss: 0.29
INFO:train:Train total_accuracy: 89.86
INFO:eval:correct_norm:0.0, total_norm:412.0, total_nsw:72.0
INFO:eval:precision:0.0, recall:0.0, f1:0.0

INFO:eval:ind:2453 tid:470354589930512384 
input:wolfnsheepclothing140
target:wolfnsheepclothing140
prediction:wo<s><s><s><s><s><s><s><s><s><s><s><s><s><s><s><s><s><s><s><s><s><s><s><s><s><s><s><s><s><s><s><s><s><s><s><s><s><s><s><s><s><s><s><s><s><s><s>

INFO:eval:ind:2446 tid:471600545665265664 
input:investissement
target:investissement
prediction:in<s><s><s><s><s><s><s><s><s><s><s><s><s><s><s><s><s><s><s><s><s><s><s><s><s><s><s><s><s><s><s><s><s><s><s><s><s><s><s><s><s><s><s><s><s><s><s>

INFO:eval:ind:2460 tid:472015563670036481 
input:receptionist
target:receptionist
prediction:re<s><s><s><s><s><s><s><s><s><s><s><s><s><s><s><s><s><s><s><s><s><s><s><s><s><s><s><s><s><s><s><s><s><s><s><s><s><s><s><s><s><s><s><s><s><s><s>

INFO:eval:ind:2418 tid:469947163615952896 
input:councillors
target:councillors
prediction:co<s><s><s><s><s><s><s><s><s><s><s><s><s><s><s><s><s><s><s><s><s><s><s><s><s><s><s><s><s><s><s><s><s><s><s><s><s><s><s><s><s><s><s><s><s><s><s>

INFO:eval:ind:2429 tid:469819040219664384 
input:personality
target:personality
prediction:pe<s><s><s><s><s><s><s><s><s><s><s><s><s><s><s><s><s><s><s><s><s><s><s><s><s><s><s><s><s><s><s><s><s><s><s><s><s><s><s><s><s><s><s><s><s><s><s>

INFO:train:Save model as spelling_model/model_50_spelling.pt
INFO:main:=======Eval on test set=============
INFO:eval:correct_norm:7.0, total_norm:189.0, total_nsw:70.0
INFO:eval:precision:0.037037037037, recall:0.1, f1:0.0540540540541

INFO:eval:ind:2461 tid:470148142088736768 
input:lailahaillallah
target:lailahaillallah
prediction:lalahalll

INFO:eval:ind:2461 tid:470148142088736768 
input:alhamdulillah
target:alhamdulillah
prediction:alamdull

INFO:eval:ind:2444 tid:471477967164411904 
input:championship
target:championship
prediction:champoish

INFO:eval:ind:2447 tid:471624365134868480 
input:unbelievable
target:unbelievable
prediction:bubeelilgel

INFO:eval:ind:2447 tid:471624365134868480 
input:unbelievzble
target:unbelievable
prediction:bubeelilgel

INFO:eval:Corpus F1 score: 5.41
INFO:eval:Predictions saved to spelling_model/test.pred.char
INFO:main:=======Eval on validation set=============
INFO:eval:correct_norm:0.0, total_norm:412.0, total_nsw:72.0
INFO:eval:precision:0.0, recall:0.0, f1:0.0

INFO:eval:ind:2453 tid:470354589930512384 
input:wolfnsheepclothing140
target:wolfnsheepclothing140
prediction:wo<s><s><s><s><s><s><s><s><s><s><s><s><s><s><s><s><s><s><s><s><s><s><s><s><s><s><s><s><s><s><s><s><s><s><s><s><s><s><s><s><s><s><s><s><s><s><s>

INFO:eval:ind:2446 tid:471600545665265664 
input:investissement
target:investissement
prediction:in<s><s><s><s><s><s><s><s><s><s><s><s><s><s><s><s><s><s><s><s><s><s><s><s><s><s><s><s><s><s><s><s><s><s><s><s><s><s><s><s><s><s><s><s><s><s><s>

INFO:eval:ind:2460 tid:472015563670036481 
input:receptionist
target:receptionist
prediction:re<s><s><s><s><s><s><s><s><s><s><s><s><s><s><s><s><s><s><s><s><s><s><s><s><s><s><s><s><s><s><s><s><s><s><s><s><s><s><s><s><s><s><s><s><s><s><s>

INFO:eval:ind:2418 tid:469947163615952896 
input:councillors
target:councillors
prediction:co<s><s><s><s><s><s><s><s><s><s><s><s><s><s><s><s><s><s><s><s><s><s><s><s><s><s><s><s><s><s><s><s><s><s><s><s><s><s><s><s><s><s><s><s><s><s><s>

INFO:eval:ind:2429 tid:469819040219664384 
input:personality
target:personality
prediction:pe<s><s><s><s><s><s><s><s><s><s><s><s><s><s><s><s><s><s><s><s><s><s><s><s><s><s><s><s><s><s><s><s><s><s><s><s><s><s><s><s><s><s><s><s><s><s><s>

INFO:eval:Corpus F1 score: 0.00
INFO:eval:Predictions saved to spelling_model/valid.pred.char
INFO:main:*** Finished Character model ***

