INFO:model:Building Model
INFO:model:* number of parameters: 4136823
INFO:main:Namespace(attention=True, backward_splits=None, batch_size=32, bias=True, bos=True, brnn=True, char_model=None, correct_unique_mappings=False, cuda=True, data_augm=False, dropout=0.5, emb_size=100, end_epoch=50, eos=True, eval=False, gpu=0, input='word', interactive=False, layers=3, learning_rate_decay=0.05, load_from=None, log_interval=1, logfolder=True, lowercase=True, lr=0.01, max_grad_norm=5.0, max_train_decode_len=68, maxlen=None, noise_ratio=0.4, optim='adam', rnn_size=200, rnn_type='LSTM', save_dir='word_model', save_interval=-1, seed=3435, self_tok=False, share_embeddings=True, share_vocab=True, start_decay_after=15, start_epoch=1, teacher_forcing_ratio=0.6, testdata='dataset/data/test_data.json', tie_decoder_embeddings=True, traindata='dataset/data/train_data.json', valsplit=0, vocab_size=None)
INFO:main:Loading test data from "dataset/data/test_data.json"
INFO:main:Loading training data from "dataset/data/train_data.json"
INFO:main: * Vocabulary size. source = 24423; target = 24423
INFO:main: * Maximum batch size. 32
INFO:main:Seq2Seq(
  (encoder): EncoderRNN(
    (embedding): Embedding(24423, 100, padding_idx=0)
    (rnn): LSTM(100, 100, num_layers=3, dropout=0.5, bidirectional=True)
  )
  (decoder): LuongAttnDecoderRNN(
    (tanh): Tanh()
    (embedding): Embedding(24423, 100, padding_idx=0)
    (rnn): LSTM(100, 200, num_layers=3, dropout=0.5)
    (W_a): Linear(in_features=200, out_features=200, bias=True)
    (W_c): Linear(in_features=400, out_features=200, bias=True)
    (W_proj): Linear(in_features=200, out_features=100, bias=True)
    (W_s): Linear(in_features=100, out_features=24423, bias=True)
  )
)
INFO:train:
* TextNorm epoch *
INFO:train:Model optim lr: 0.01
INFO:train:Epoch   1,       1/411 batches  loss:10.117943,  num_corrects :0,  num_tgts :714 ,accuracy:0.000000
INFO:train:Epoch   1,       2/411 batches  loss:10.013494,  num_corrects :63,  num_tgts :676 ,accuracy:9.319527
INFO:train:Epoch   1,       3/411 batches  loss:9.880599,  num_corrects :31,  num_tgts :725 ,accuracy:4.275862
INFO:train:Epoch   1,       4/411 batches  loss:12.368106,  num_corrects :0,  num_tgts :637 ,accuracy:0.000000
INFO:train:Epoch   1,       5/411 batches  loss:23.654537,  num_corrects :46,  num_tgts :824 ,accuracy:5.582524
INFO:train:Epoch   1,       6/411 batches  loss:25.859644,  num_corrects :0,  num_tgts :828 ,accuracy:0.000000
INFO:train:Epoch   1,       7/411 batches  loss:11.070415,  num_corrects :22,  num_tgts :778 ,accuracy:2.827763
INFO:train:Epoch   1,       8/411 batches  loss:12.989450,  num_corrects :65,  num_tgts :868 ,accuracy:7.488479
INFO:train:Epoch   1,       9/411 batches  loss:11.118194,  num_corrects :62,  num_tgts :849 ,accuracy:7.302709
INFO:train:Epoch   1,      10/411 batches  loss:9.826923,  num_corrects :37,  num_tgts :637 ,accuracy:5.808477
INFO:train:Epoch   1,      11/411 batches  loss:9.787221,  num_corrects :46,  num_tgts :654 ,accuracy:7.033639
INFO:train:Epoch   1,      12/411 batches  loss:9.990754,  num_corrects :71,  num_tgts :753 ,accuracy:9.428951
INFO:train:Epoch   1,      13/411 batches  loss:9.619706,  num_corrects :33,  num_tgts :567 ,accuracy:5.820106
INFO:train:Epoch   1,      14/411 batches  loss:10.284873,  num_corrects :61,  num_tgts :561 ,accuracy:10.873440
INFO:train:Epoch   1,      15/411 batches  loss:9.156747,  num_corrects :62,  num_tgts :540 ,accuracy:11.481481
INFO:train:Epoch   1,      16/411 batches  loss:9.055565,  num_corrects :63,  num_tgts :623 ,accuracy:10.112360
INFO:train:Epoch   1,      17/411 batches  loss:8.747881,  num_corrects :67,  num_tgts :560 ,accuracy:11.964286
INFO:train:Epoch   1,      18/411 batches  loss:8.642080,  num_corrects :78,  num_tgts :628 ,accuracy:12.420382
INFO:train:Epoch   1,      19/411 batches  loss:8.343426,  num_corrects :70,  num_tgts :526 ,accuracy:13.307985
INFO:train:Epoch   1,      20/411 batches  loss:8.138943,  num_corrects :64,  num_tgts :538 ,accuracy:11.895911
INFO:train:Epoch   1,      21/411 batches  loss:8.126719,  num_corrects :68,  num_tgts :585 ,accuracy:11.623932
INFO:train:Epoch   1,      22/411 batches  loss:7.840251,  num_corrects :70,  num_tgts :515 ,accuracy:13.592233
INFO:train:Epoch   1,      23/411 batches  loss:8.184548,  num_corrects :73,  num_tgts :471 ,accuracy:15.498938
INFO:train:Epoch   1,      24/411 batches  loss:7.765293,  num_corrects :77,  num_tgts :568 ,accuracy:13.556338
INFO:train:Epoch   1,      25/411 batches  loss:7.402833,  num_corrects :70,  num_tgts :535 ,accuracy:13.084112
INFO:train:Epoch   1,      26/411 batches  loss:7.297448,  num_corrects :63,  num_tgts :476 ,accuracy:13.235294
INFO:train:Epoch   1,      27/411 batches  loss:7.120442,  num_corrects :78,  num_tgts :529 ,accuracy:14.744802
INFO:train:Epoch   1,      28/411 batches  loss:7.117413,  num_corrects :83,  num_tgts :592 ,accuracy:14.020270
INFO:train:Epoch   1,      29/411 batches  loss:7.521042,  num_corrects :80,  num_tgts :589 ,accuracy:13.582343
INFO:train:Epoch   1,      30/411 batches  loss:6.948973,  num_corrects :94,  num_tgts :550 ,accuracy:17.090909
INFO:train:Epoch   1,      31/411 batches  loss:7.075996,  num_corrects :97,  num_tgts :607 ,accuracy:15.980231
INFO:train:Epoch   1,      32/411 batches  loss:6.248652,  num_corrects :88,  num_tgts :552 ,accuracy:15.942029
INFO:train:Epoch   1,      33/411 batches  loss:6.366743,  num_corrects :89,  num_tgts :486 ,accuracy:18.312757
INFO:train:Epoch   1,      34/411 batches  loss:7.596779,  num_corrects :58,  num_tgts :525 ,accuracy:11.047619
INFO:train:Epoch   1,      35/411 batches  loss:7.531343,  num_corrects :70,  num_tgts :505 ,accuracy:13.861386
INFO:train:Epoch   1,      36/411 batches  loss:7.768401,  num_corrects :78,  num_tgts :735 ,accuracy:10.612245
INFO:train:Epoch   1,      37/411 batches  loss:7.723130,  num_corrects :84,  num_tgts :638 ,accuracy:13.166144
INFO:train:Epoch   1,      38/411 batches  loss:7.400935,  num_corrects :68,  num_tgts :508 ,accuracy:13.385827
INFO:train:Epoch   1,      39/411 batches  loss:7.316036,  num_corrects :78,  num_tgts :507 ,accuracy:15.384615
INFO:train:Epoch   1,      40/411 batches  loss:7.158522,  num_corrects :71,  num_tgts :508 ,accuracy:13.976378
INFO:train:Epoch   1,      41/411 batches  loss:7.319909,  num_corrects :73,  num_tgts :552 ,accuracy:13.224638
INFO:train:Epoch   1,      42/411 batches  loss:7.270601,  num_corrects :86,  num_tgts :652 ,accuracy:13.190184
INFO:train:Epoch   1,      43/411 batches  loss:7.211949,  num_corrects :75,  num_tgts :555 ,accuracy:13.513514
INFO:train:Epoch   1,      44/411 batches  loss:7.132960,  num_corrects :79,  num_tgts :587 ,accuracy:13.458262
INFO:train:Epoch   1,      45/411 batches  loss:7.306098,  num_corrects :83,  num_tgts :669 ,accuracy:12.406577
INFO:train:Epoch   1,      46/411 batches  loss:7.019430,  num_corrects :69,  num_tgts :543 ,accuracy:12.707182
INFO:train:Epoch   1,      47/411 batches  loss:6.939900,  num_corrects :72,  num_tgts :510 ,accuracy:14.117647
INFO:train:Epoch   1,      48/411 batches  loss:7.077347,  num_corrects :84,  num_tgts :592 ,accuracy:14.189189
INFO:train:Epoch   1,      49/411 batches  loss:6.865936,  num_corrects :81,  num_tgts :581 ,accuracy:13.941480
INFO:train:Epoch   1,      50/411 batches  loss:6.841583,  num_corrects :78,  num_tgts :563 ,accuracy:13.854352
INFO:train:Epoch   1,      51/411 batches  loss:6.297285,  num_corrects :79,  num_tgts :424 ,accuracy:18.632075
INFO:train:Epoch   1,      52/411 batches  loss:6.489696,  num_corrects :88,  num_tgts :548 ,accuracy:16.058394
INFO:train:Epoch   1,      53/411 batches  loss:6.674326,  num_corrects :67,  num_tgts :550 ,accuracy:12.181818
INFO:train:Epoch   1,      54/411 batches  loss:6.624878,  num_corrects :64,  num_tgts :529 ,accuracy:12.098299
INFO:train:Epoch   1,      55/411 batches  loss:6.512827,  num_corrects :89,  num_tgts :548 ,accuracy:16.240876
INFO:train:Epoch   1,      56/411 batches  loss:6.823240,  num_corrects :80,  num_tgts :645 ,accuracy:12.403101
INFO:train:Epoch   1,      57/411 batches  loss:6.391546,  num_corrects :75,  num_tgts :530 ,accuracy:14.150943
INFO:train:Epoch   1,      58/411 batches  loss:6.787550,  num_corrects :76,  num_tgts :543 ,accuracy:13.996317
INFO:train:Epoch   1,      59/411 batches  loss:6.591897,  num_corrects :89,  num_tgts :655 ,accuracy:13.587786
INFO:train:Epoch   1,      60/411 batches  loss:6.295706,  num_corrects :84,  num_tgts :603 ,accuracy:13.930348
INFO:train:Epoch   1,      61/411 batches  loss:6.461615,  num_corrects :80,  num_tgts :528 ,accuracy:15.151515
INFO:train:Epoch   1,      62/411 batches  loss:6.522601,  num_corrects :100,  num_tgts :562 ,accuracy:17.793594
INFO:train:Epoch   1,      63/411 batches  loss:6.129178,  num_corrects :86,  num_tgts :568 ,accuracy:15.140845
INFO:train:Epoch   1,      64/411 batches  loss:6.272866,  num_corrects :91,  num_tgts :549 ,accuracy:16.575592
INFO:train:Epoch   1,      65/411 batches  loss:6.140680,  num_corrects :97,  num_tgts :566 ,accuracy:17.137809
INFO:train:Epoch   1,      66/411 batches  loss:6.711740,  num_corrects :90,  num_tgts :639 ,accuracy:14.084507
INFO:train:Epoch   1,      67/411 batches  loss:6.394227,  num_corrects :97,  num_tgts :565 ,accuracy:17.168142
INFO:train:Epoch   1,      68/411 batches  loss:6.512897,  num_corrects :102,  num_tgts :693 ,accuracy:14.718615
INFO:train:Epoch   1,      69/411 batches  loss:6.146938,  num_corrects :93,  num_tgts :508 ,accuracy:18.307087
INFO:train:Epoch   1,      70/411 batches  loss:6.454796,  num_corrects :83,  num_tgts :640 ,accuracy:12.968750
INFO:train:Epoch   1,      71/411 batches  loss:6.540145,  num_corrects :86,  num_tgts :587 ,accuracy:14.650767
INFO:train:Epoch   1,      72/411 batches  loss:5.985102,  num_corrects :78,  num_tgts :528 ,accuracy:14.772727
INFO:train:Epoch   1,      73/411 batches  loss:6.211895,  num_corrects :88,  num_tgts :567 ,accuracy:15.520282
INFO:train:Epoch   1,      74/411 batches  loss:6.206070,  num_corrects :101,  num_tgts :543 ,accuracy:18.600368
INFO:train:Epoch   1,      75/411 batches  loss:6.290690,  num_corrects :102,  num_tgts :623 ,accuracy:16.372392
INFO:train:Epoch   1,      76/411 batches  loss:6.112539,  num_corrects :77,  num_tgts :566 ,accuracy:13.604240
INFO:train:Epoch   1,      77/411 batches  loss:6.315035,  num_corrects :116,  num_tgts :626 ,accuracy:18.530351
INFO:train:Epoch   1,      78/411 batches  loss:6.213785,  num_corrects :105,  num_tgts :492 ,accuracy:21.341463
INFO:train:Epoch   1,      79/411 batches  loss:6.497726,  num_corrects :105,  num_tgts :640 ,accuracy:16.406250
INFO:train:Epoch   1,      80/411 batches  loss:6.072229,  num_corrects :83,  num_tgts :517 ,accuracy:16.054159
INFO:train:Epoch   1,      81/411 batches  loss:6.181308,  num_corrects :80,  num_tgts :602 ,accuracy:13.289037
INFO:train:Epoch   1,      82/411 batches  loss:5.758578,  num_corrects :114,  num_tgts :493 ,accuracy:23.123732
INFO:train:Epoch   1,      83/411 batches  loss:6.301385,  num_corrects :88,  num_tgts :667 ,accuracy:13.193403
INFO:train:Epoch   1,      84/411 batches  loss:5.988486,  num_corrects :107,  num_tgts :526 ,accuracy:20.342205
INFO:train:Epoch   1,      85/411 batches  loss:6.082150,  num_corrects :79,  num_tgts :485 ,accuracy:16.288660
INFO:train:Epoch   1,      86/411 batches  loss:5.962152,  num_corrects :88,  num_tgts :499 ,accuracy:17.635271
INFO:train:Epoch   1,      87/411 batches  loss:5.962923,  num_corrects :88,  num_tgts :510 ,accuracy:17.254902
INFO:train:Epoch   1,      88/411 batches  loss:5.714176,  num_corrects :85,  num_tgts :489 ,accuracy:17.382413
INFO:train:Epoch   1,      89/411 batches  loss:5.681979,  num_corrects :105,  num_tgts :533 ,accuracy:19.699812
INFO:train:Epoch   1,      90/411 batches  loss:5.891501,  num_corrects :93,  num_tgts :525 ,accuracy:17.714286
INFO:train:Epoch   1,      91/411 batches  loss:6.307077,  num_corrects :106,  num_tgts :646 ,accuracy:16.408669
INFO:train:Epoch   1,      92/411 batches  loss:5.968116,  num_corrects :90,  num_tgts :560 ,accuracy:16.071429
INFO:train:Epoch   1,      93/411 batches  loss:6.008574,  num_corrects :97,  num_tgts :537 ,accuracy:18.063315
INFO:train:Epoch   1,      94/411 batches  loss:6.108990,  num_corrects :118,  num_tgts :601 ,accuracy:19.633943
INFO:train:Epoch   1,      95/411 batches  loss:5.839769,  num_corrects :117,  num_tgts :526 ,accuracy:22.243346
INFO:train:Epoch   1,      96/411 batches  loss:5.350200,  num_corrects :115,  num_tgts :484 ,accuracy:23.760331
INFO:train:Epoch   1,      97/411 batches  loss:6.033579,  num_corrects :96,  num_tgts :573 ,accuracy:16.753927
INFO:train:Epoch   1,      98/411 batches  loss:5.792801,  num_corrects :109,  num_tgts :567 ,accuracy:19.223986
INFO:train:Epoch   1,      99/411 batches  loss:5.822779,  num_corrects :112,  num_tgts :559 ,accuracy:20.035778
INFO:train:Epoch   1,     100/411 batches  loss:5.567539,  num_corrects :128,  num_tgts :576 ,accuracy:22.222222
INFO:train:Epoch   1,     101/411 batches  loss:5.905121,  num_corrects :122,  num_tgts :638 ,accuracy:19.122257
INFO:train:Epoch   1,     102/411 batches  loss:5.912194,  num_corrects :96,  num_tgts :633 ,accuracy:15.165877
INFO:train:Epoch   1,     103/411 batches  loss:5.658770,  num_corrects :119,  num_tgts :526 ,accuracy:22.623574
INFO:train:Epoch   1,     104/411 batches  loss:5.728602,  num_corrects :128,  num_tgts :642 ,accuracy:19.937695
INFO:train:Epoch   1,     105/411 batches  loss:5.999407,  num_corrects :126,  num_tgts :664 ,accuracy:18.975904
INFO:train:Epoch   1,     106/411 batches  loss:5.625653,  num_corrects :89,  num_tgts :510 ,accuracy:17.450980
INFO:train:Epoch   1,     107/411 batches  loss:5.712699,  num_corrects :124,  num_tgts :565 ,accuracy:21.946903
INFO:train:Epoch   1,     108/411 batches  loss:5.330583,  num_corrects :114,  num_tgts :488 ,accuracy:23.360656
INFO:train:Epoch   1,     109/411 batches  loss:5.680899,  num_corrects :117,  num_tgts :573 ,accuracy:20.418848
INFO:train:Epoch   1,     110/411 batches  loss:5.773113,  num_corrects :106,  num_tgts :571 ,accuracy:18.563923
INFO:train:Epoch   1,     111/411 batches  loss:5.522888,  num_corrects :104,  num_tgts :556 ,accuracy:18.705036
INFO:train:Epoch   1,     112/411 batches  loss:5.106409,  num_corrects :120,  num_tgts :454 ,accuracy:26.431718
INFO:train:Epoch   1,     113/411 batches  loss:5.656104,  num_corrects :125,  num_tgts :593 ,accuracy:21.079258
INFO:train:Epoch   1,     114/411 batches  loss:5.248279,  num_corrects :139,  num_tgts :576 ,accuracy:24.131944
INFO:train:Epoch   1,     115/411 batches  loss:5.457995,  num_corrects :137,  num_tgts :533 ,accuracy:25.703565
INFO:train:Epoch   1,     116/411 batches  loss:5.445602,  num_corrects :105,  num_tgts :506 ,accuracy:20.750988
INFO:train:Epoch   1,     117/411 batches  loss:5.607859,  num_corrects :122,  num_tgts :590 ,accuracy:20.677966
INFO:train:Epoch   1,     118/411 batches  loss:5.747119,  num_corrects :133,  num_tgts :595 ,accuracy:22.352941
INFO:train:Epoch   1,     119/411 batches  loss:5.600852,  num_corrects :134,  num_tgts :612 ,accuracy:21.895425
INFO:train:Epoch   1,     120/411 batches  loss:5.693266,  num_corrects :125,  num_tgts :666 ,accuracy:18.768769
INFO:train:Epoch   1,     121/411 batches  loss:5.926891,  num_corrects :113,  num_tgts :614 ,accuracy:18.403909
INFO:train:Epoch   1,     122/411 batches  loss:5.720717,  num_corrects :117,  num_tgts :631 ,accuracy:18.541997
INFO:train:Epoch   1,     123/411 batches  loss:5.326997,  num_corrects :116,  num_tgts :481 ,accuracy:24.116424
INFO:train:Epoch   1,     124/411 batches  loss:5.050708,  num_corrects :132,  num_tgts :535 ,accuracy:24.672897
INFO:train:Epoch   1,     125/411 batches  loss:5.281398,  num_corrects :143,  num_tgts :589 ,accuracy:24.278438
INFO:train:Epoch   1,     126/411 batches  loss:5.689945,  num_corrects :144,  num_tgts :614 ,accuracy:23.452769
INFO:train:Epoch   1,     127/411 batches  loss:5.076836,  num_corrects :149,  num_tgts :529 ,accuracy:28.166352
INFO:train:Epoch   1,     128/411 batches  loss:5.012702,  num_corrects :108,  num_tgts :471 ,accuracy:22.929936
INFO:train:Epoch   1,     129/411 batches  loss:5.749866,  num_corrects :122,  num_tgts :507 ,accuracy:24.063116
INFO:train:Epoch   1,     130/411 batches  loss:5.796921,  num_corrects :156,  num_tgts :718 ,accuracy:21.727019
INFO:train:Epoch   1,     131/411 batches  loss:5.675905,  num_corrects :112,  num_tgts :611 ,accuracy:18.330606
INFO:train:Epoch   1,     132/411 batches  loss:5.715234,  num_corrects :135,  num_tgts :631 ,accuracy:21.394612
INFO:train:Epoch   1,     133/411 batches  loss:5.657094,  num_corrects :118,  num_tgts :599 ,accuracy:19.699499
INFO:train:Epoch   1,     134/411 batches  loss:5.530276,  num_corrects :116,  num_tgts :593 ,accuracy:19.561551
INFO:train:Epoch   1,     135/411 batches  loss:5.606740,  num_corrects :160,  num_tgts :674 ,accuracy:23.738872
INFO:train:Epoch   1,     136/411 batches  loss:4.964618,  num_corrects :157,  num_tgts :522 ,accuracy:30.076628
INFO:train:Epoch   1,     137/411 batches  loss:5.493036,  num_corrects :138,  num_tgts :581 ,accuracy:23.752151
INFO:train:Epoch   1,     138/411 batches  loss:6.217626,  num_corrects :151,  num_tgts :749 ,accuracy:20.160214
INFO:train:Epoch   1,     139/411 batches  loss:6.346874,  num_corrects :148,  num_tgts :795 ,accuracy:18.616352
INFO:train:Epoch   1,     140/411 batches  loss:6.539855,  num_corrects :153,  num_tgts :895 ,accuracy:17.094972
INFO:train:Epoch   1,     141/411 batches  loss:6.637161,  num_corrects :165,  num_tgts :897 ,accuracy:18.394649
INFO:train:Epoch   1,     142/411 batches  loss:6.581166,  num_corrects :183,  num_tgts :971 ,accuracy:18.846550
INFO:train:Epoch   1,     143/411 batches  loss:6.516986,  num_corrects :139,  num_tgts :895 ,accuracy:15.530726
INFO:train:Epoch   1,     144/411 batches  loss:6.449002,  num_corrects :137,  num_tgts :797 ,accuracy:17.189460
INFO:train:Epoch   1,     145/411 batches  loss:6.504778,  num_corrects :147,  num_tgts :908 ,accuracy:16.189427
INFO:train:Epoch   1,     146/411 batches  loss:6.531276,  num_corrects :145,  num_tgts :908 ,accuracy:15.969163
INFO:train:Epoch   1,     147/411 batches  loss:6.594719,  num_corrects :159,  num_tgts :986 ,accuracy:16.125761
INFO:train:Epoch   1,     148/411 batches  loss:6.362701,  num_corrects :192,  num_tgts :913 ,accuracy:21.029573
INFO:train:Epoch   1,     149/411 batches  loss:6.406760,  num_corrects :166,  num_tgts :933 ,accuracy:17.792069
INFO:train:Epoch   1,     150/411 batches  loss:6.112129,  num_corrects :164,  num_tgts :867 ,accuracy:18.915802
INFO:train:Epoch   1,     151/411 batches  loss:6.020524,  num_corrects :180,  num_tgts :840 ,accuracy:21.428571
INFO:train:Epoch   1,     152/411 batches  loss:5.949067,  num_corrects :169,  num_tgts :820 ,accuracy:20.609756
INFO:train:Epoch   1,     153/411 batches  loss:6.037942,  num_corrects :208,  num_tgts :952 ,accuracy:21.848739
INFO:train:Epoch   1,     154/411 batches  loss:5.797008,  num_corrects :182,  num_tgts :896 ,accuracy:20.312500
INFO:train:Epoch   1,     155/411 batches  loss:5.820323,  num_corrects :226,  num_tgts :948 ,accuracy:23.839662
INFO:train:Epoch   1,     156/411 batches  loss:5.666679,  num_corrects :212,  num_tgts :902 ,accuracy:23.503326
INFO:train:Epoch   1,     157/411 batches  loss:5.659523,  num_corrects :225,  num_tgts :924 ,accuracy:24.350649
INFO:train:Epoch   1,     158/411 batches  loss:5.949018,  num_corrects :199,  num_tgts :867 ,accuracy:22.952710
INFO:train:Epoch   1,     159/411 batches  loss:7.276491,  num_corrects :141,  num_tgts :870 ,accuracy:16.206897
INFO:train:Epoch   1,     160/411 batches  loss:6.042317,  num_corrects :171,  num_tgts :780 ,accuracy:21.923077
INFO:train:Epoch   1,     161/411 batches  loss:6.541679,  num_corrects :165,  num_tgts :900 ,accuracy:18.333333
INFO:train:Epoch   1,     162/411 batches  loss:6.280165,  num_corrects :165,  num_tgts :897 ,accuracy:18.394649
INFO:train:Epoch   1,     163/411 batches  loss:5.787442,  num_corrects :176,  num_tgts :729 ,accuracy:24.142661
INFO:train:Epoch   1,     164/411 batches  loss:6.243018,  num_corrects :160,  num_tgts :850 ,accuracy:18.823529
INFO:train:Epoch   1,     165/411 batches  loss:6.431445,  num_corrects :165,  num_tgts :964 ,accuracy:17.116183
INFO:train:Epoch   1,     166/411 batches  loss:6.700180,  num_corrects :150,  num_tgts :1029 ,accuracy:14.577259
INFO:train:Epoch   1,     167/411 batches  loss:6.088077,  num_corrects :176,  num_tgts :878 ,accuracy:20.045558
INFO:train:Epoch   1,     168/411 batches  loss:6.156396,  num_corrects :143,  num_tgts :830 ,accuracy:17.228916
INFO:train:Epoch   1,     169/411 batches  loss:6.145996,  num_corrects :153,  num_tgts :907 ,accuracy:16.868798
INFO:train:Epoch   1,     170/411 batches  loss:6.169368,  num_corrects :140,  num_tgts :896 ,accuracy:15.625000
INFO:train:Epoch   1,     171/411 batches  loss:6.247113,  num_corrects :156,  num_tgts :844 ,accuracy:18.483412
INFO:train:Epoch   1,     172/411 batches  loss:5.958142,  num_corrects :180,  num_tgts :845 ,accuracy:21.301775
INFO:train:Epoch   1,     173/411 batches  loss:6.064859,  num_corrects :193,  num_tgts :970 ,accuracy:19.896907
INFO:train:Epoch   1,     174/411 batches  loss:6.008474,  num_corrects :173,  num_tgts :863 ,accuracy:20.046350
INFO:train:Epoch   1,     175/411 batches  loss:5.773336,  num_corrects :193,  num_tgts :893 ,accuracy:21.612542
INFO:train:Epoch   1,     176/411 batches  loss:5.797465,  num_corrects :175,  num_tgts :819 ,accuracy:21.367521
INFO:train:Epoch   1,     177/411 batches  loss:6.022172,  num_corrects :180,  num_tgts :924 ,accuracy:19.480519
INFO:train:Epoch   1,     178/411 batches  loss:5.608280,  num_corrects :204,  num_tgts :835 ,accuracy:24.431138
INFO:train:Epoch   1,     179/411 batches  loss:5.677145,  num_corrects :213,  num_tgts :859 ,accuracy:24.796275
INFO:train:Epoch   1,     180/411 batches  loss:5.930068,  num_corrects :215,  num_tgts :938 ,accuracy:22.921109
INFO:train:Epoch   1,     181/411 batches  loss:5.675712,  num_corrects :170,  num_tgts :853 ,accuracy:19.929660
INFO:train:Epoch   1,     182/411 batches  loss:5.225594,  num_corrects :228,  num_tgts :812 ,accuracy:28.078818
INFO:train:Epoch   1,     183/411 batches  loss:5.459487,  num_corrects :236,  num_tgts :863 ,accuracy:27.346466
INFO:train:Epoch   1,     184/411 batches  loss:5.396898,  num_corrects :191,  num_tgts :809 ,accuracy:23.609394
INFO:train:Epoch   1,     185/411 batches  loss:5.835642,  num_corrects :209,  num_tgts :920 ,accuracy:22.717391
INFO:train:Epoch   1,     186/411 batches  loss:5.685001,  num_corrects :204,  num_tgts :871 ,accuracy:23.421355
INFO:train:Epoch   1,     187/411 batches  loss:5.445529,  num_corrects :210,  num_tgts :851 ,accuracy:24.676851
INFO:train:Epoch   1,     188/411 batches  loss:5.321189,  num_corrects :226,  num_tgts :891 ,accuracy:25.364759
INFO:train:Epoch   1,     189/411 batches  loss:4.976891,  num_corrects :244,  num_tgts :844 ,accuracy:28.909953
INFO:train:Epoch   1,     190/411 batches  loss:5.683663,  num_corrects :215,  num_tgts :939 ,accuracy:22.896699
INFO:train:Epoch   1,     191/411 batches  loss:5.175526,  num_corrects :236,  num_tgts :836 ,accuracy:28.229665
INFO:train:Epoch   1,     192/411 batches  loss:5.521584,  num_corrects :254,  num_tgts :952 ,accuracy:26.680672
INFO:train:Epoch   1,     193/411 batches  loss:5.079063,  num_corrects :225,  num_tgts :830 ,accuracy:27.108434
INFO:train:Epoch   1,     194/411 batches  loss:5.627192,  num_corrects :190,  num_tgts :844 ,accuracy:22.511848
INFO:train:Epoch   1,     195/411 batches  loss:5.872889,  num_corrects :204,  num_tgts :943 ,accuracy:21.633086
INFO:train:Epoch   1,     196/411 batches  loss:5.098952,  num_corrects :275,  num_tgts :951 ,accuracy:28.916930
INFO:train:Epoch   1,     197/411 batches  loss:5.547195,  num_corrects :239,  num_tgts :1031 ,accuracy:23.181377
INFO:train:Epoch   1,     198/411 batches  loss:4.855265,  num_corrects :223,  num_tgts :739 ,accuracy:30.175913
INFO:train:Epoch   1,     199/411 batches  loss:4.807649,  num_corrects :252,  num_tgts :795 ,accuracy:31.698113
INFO:train:Epoch   1,     200/411 batches  loss:5.378983,  num_corrects :227,  num_tgts :883 ,accuracy:25.707814
INFO:train:Epoch   1,     201/411 batches  loss:5.178535,  num_corrects :188,  num_tgts :777 ,accuracy:24.195624
INFO:train:Epoch   1,     202/411 batches  loss:5.205471,  num_corrects :205,  num_tgts :836 ,accuracy:24.521531
INFO:train:Epoch   1,     203/411 batches  loss:5.162613,  num_corrects :251,  num_tgts :890 ,accuracy:28.202247
INFO:train:Epoch   1,     204/411 batches  loss:5.229918,  num_corrects :253,  num_tgts :911 ,accuracy:27.771679
INFO:train:Epoch   1,     205/411 batches  loss:4.926538,  num_corrects :247,  num_tgts :846 ,accuracy:29.196217
INFO:train:Epoch   1,     206/411 batches  loss:5.115364,  num_corrects :271,  num_tgts :952 ,accuracy:28.466387
INFO:train:Epoch   1,     207/411 batches  loss:5.058566,  num_corrects :241,  num_tgts :828 ,accuracy:29.106280
INFO:train:Epoch   1,     208/411 batches  loss:5.119514,  num_corrects :223,  num_tgts :880 ,accuracy:25.340909
INFO:train:Epoch   1,     209/411 batches  loss:5.030369,  num_corrects :267,  num_tgts :891 ,accuracy:29.966330
INFO:train:Epoch   1,     210/411 batches  loss:5.012106,  num_corrects :246,  num_tgts :878 ,accuracy:28.018223
INFO:train:Epoch   1,     211/411 batches  loss:4.814470,  num_corrects :291,  num_tgts :943 ,accuracy:30.858961
INFO:train:Epoch   1,     212/411 batches  loss:5.349674,  num_corrects :232,  num_tgts :893 ,accuracy:25.979843
INFO:train:Epoch   1,     213/411 batches  loss:5.021407,  num_corrects :251,  num_tgts :814 ,accuracy:30.835381
INFO:train:Epoch   1,     214/411 batches  loss:4.515446,  num_corrects :307,  num_tgts :866 ,accuracy:35.450346
INFO:train:Epoch   1,     215/411 batches  loss:4.768847,  num_corrects :265,  num_tgts :841 ,accuracy:31.510107
INFO:train:Epoch   1,     216/411 batches  loss:5.023284,  num_corrects :280,  num_tgts :935 ,accuracy:29.946524
INFO:train:Epoch   1,     217/411 batches  loss:5.097673,  num_corrects :231,  num_tgts :896 ,accuracy:25.781250
INFO:train:Epoch   1,     218/411 batches  loss:4.549252,  num_corrects :268,  num_tgts :873 ,accuracy:30.698740
INFO:train:Epoch   1,     219/411 batches  loss:4.636820,  num_corrects :236,  num_tgts :774 ,accuracy:30.490956
INFO:train:Epoch   1,     220/411 batches  loss:4.862897,  num_corrects :290,  num_tgts :851 ,accuracy:34.077556
INFO:train:Epoch   1,     221/411 batches  loss:4.544330,  num_corrects :286,  num_tgts :861 ,accuracy:33.217189
INFO:train:Epoch   1,     222/411 batches  loss:5.249411,  num_corrects :241,  num_tgts :957 ,accuracy:25.182863
INFO:train:Epoch   1,     223/411 batches  loss:4.341349,  num_corrects :291,  num_tgts :846 ,accuracy:34.397163
INFO:train:Epoch   1,     224/411 batches  loss:4.531214,  num_corrects :269,  num_tgts :816 ,accuracy:32.965686
INFO:train:Epoch   1,     225/411 batches  loss:5.009687,  num_corrects :308,  num_tgts :917 ,accuracy:33.587786
INFO:train:Epoch   1,     226/411 batches  loss:4.986747,  num_corrects :253,  num_tgts :909 ,accuracy:27.832783
INFO:train:Epoch   1,     227/411 batches  loss:4.254725,  num_corrects :295,  num_tgts :773 ,accuracy:38.163001
INFO:train:Epoch   1,     228/411 batches  loss:4.725913,  num_corrects :310,  num_tgts :929 ,accuracy:33.369214
INFO:train:Epoch   1,     229/411 batches  loss:4.552014,  num_corrects :297,  num_tgts :831 ,accuracy:35.740072
INFO:train:Epoch   1,     230/411 batches  loss:5.160724,  num_corrects :254,  num_tgts :965 ,accuracy:26.321244
INFO:train:Epoch   1,     231/411 batches  loss:4.112705,  num_corrects :294,  num_tgts :807 ,accuracy:36.431227
INFO:train:Epoch   1,     232/411 batches  loss:4.297587,  num_corrects :296,  num_tgts :785 ,accuracy:37.707006
INFO:train:Epoch   1,     233/411 batches  loss:5.353725,  num_corrects :255,  num_tgts :892 ,accuracy:28.587444
INFO:train:Epoch   1,     234/411 batches  loss:4.790706,  num_corrects :344,  num_tgts :1007 ,accuracy:34.160874
INFO:train:Epoch   1,     235/411 batches  loss:6.140702,  num_corrects :205,  num_tgts :929 ,accuracy:22.066738
INFO:train:Epoch   1,     236/411 batches  loss:5.258959,  num_corrects :260,  num_tgts :933 ,accuracy:27.867095
INFO:train:Epoch   1,     237/411 batches  loss:5.794176,  num_corrects :187,  num_tgts :818 ,accuracy:22.860636
INFO:train:Epoch   1,     238/411 batches  loss:5.435212,  num_corrects :207,  num_tgts :885 ,accuracy:23.389831
INFO:train:Epoch   1,     239/411 batches  loss:4.601122,  num_corrects :299,  num_tgts :900 ,accuracy:33.222222
INFO:train:Epoch   1,     240/411 batches  loss:5.239680,  num_corrects :228,  num_tgts :888 ,accuracy:25.675676
INFO:train:Epoch   1,     241/411 batches  loss:4.600420,  num_corrects :285,  num_tgts :908 ,accuracy:31.387665
INFO:train:Epoch   1,     242/411 batches  loss:4.757159,  num_corrects :236,  num_tgts :773 ,accuracy:30.530401
INFO:train:Epoch   1,     243/411 batches  loss:4.842015,  num_corrects :291,  num_tgts :927 ,accuracy:31.391586
INFO:train:Epoch   1,     244/411 batches  loss:4.862429,  num_corrects :255,  num_tgts :871 ,accuracy:29.276693
INFO:train:Epoch   1,     245/411 batches  loss:4.665467,  num_corrects :296,  num_tgts :904 ,accuracy:32.743363
INFO:train:Epoch   1,     246/411 batches  loss:4.287819,  num_corrects :334,  num_tgts :909 ,accuracy:36.743674
INFO:train:Epoch   1,     247/411 batches  loss:4.667715,  num_corrects :294,  num_tgts :880 ,accuracy:33.409091
INFO:train:Epoch   1,     248/411 batches  loss:4.458038,  num_corrects :304,  num_tgts :807 ,accuracy:37.670384
INFO:train:Epoch   1,     249/411 batches  loss:4.249994,  num_corrects :317,  num_tgts :815 ,accuracy:38.895706
INFO:train:Epoch   1,     250/411 batches  loss:4.609624,  num_corrects :289,  num_tgts :857 ,accuracy:33.722287
INFO:train:Epoch   1,     251/411 batches  loss:4.141310,  num_corrects :358,  num_tgts :898 ,accuracy:39.866370
INFO:train:Epoch   1,     252/411 batches  loss:4.309361,  num_corrects :304,  num_tgts :908 ,accuracy:33.480176
INFO:train:Epoch   1,     253/411 batches  loss:4.311550,  num_corrects :353,  num_tgts :965 ,accuracy:36.580311
INFO:train:Epoch   1,     254/411 batches  loss:4.413525,  num_corrects :336,  num_tgts :921 ,accuracy:36.482085
INFO:train:Epoch   1,     255/411 batches  loss:4.148255,  num_corrects :321,  num_tgts :883 ,accuracy:36.353341
INFO:train:Epoch   1,     256/411 batches  loss:4.207922,  num_corrects :335,  num_tgts :906 ,accuracy:36.975717
INFO:train:Epoch   1,     257/411 batches  loss:3.983434,  num_corrects :393,  num_tgts :928 ,accuracy:42.349138
INFO:train:Epoch   1,     258/411 batches  loss:4.066381,  num_corrects :371,  num_tgts :947 ,accuracy:39.176346
INFO:train:Epoch   1,     259/411 batches  loss:4.260946,  num_corrects :318,  num_tgts :875 ,accuracy:36.342857
INFO:train:Epoch   1,     260/411 batches  loss:4.033460,  num_corrects :359,  num_tgts :938 ,accuracy:38.272921
INFO:train:Epoch   1,     261/411 batches  loss:4.667845,  num_corrects :329,  num_tgts :984 ,accuracy:33.434959
INFO:train:Epoch   1,     262/411 batches  loss:3.611737,  num_corrects :372,  num_tgts :819 ,accuracy:45.421245
INFO:train:Epoch   1,     263/411 batches  loss:5.186209,  num_corrects :257,  num_tgts :889 ,accuracy:28.908886
INFO:train:Epoch   1,     264/411 batches  loss:4.503855,  num_corrects :306,  num_tgts :864 ,accuracy:35.416667
INFO:train:Epoch   1,     265/411 batches  loss:4.772357,  num_corrects :241,  num_tgts :777 ,accuracy:31.016731
INFO:train:Epoch   1,     266/411 batches  loss:4.824936,  num_corrects :252,  num_tgts :817 ,accuracy:30.844553
INFO:train:Epoch   1,     267/411 batches  loss:3.873897,  num_corrects :343,  num_tgts :854 ,accuracy:40.163934
INFO:train:Epoch   1,     268/411 batches  loss:4.736790,  num_corrects :280,  num_tgts :918 ,accuracy:30.501089
INFO:train:Epoch   1,     269/411 batches  loss:4.094370,  num_corrects :373,  num_tgts :938 ,accuracy:39.765458
INFO:train:Epoch   1,     270/411 batches  loss:3.900604,  num_corrects :346,  num_tgts :847 ,accuracy:40.850059
INFO:train:Epoch   1,     271/411 batches  loss:3.687953,  num_corrects :337,  num_tgts :753 ,accuracy:44.754316
INFO:train:Epoch   1,     272/411 batches  loss:4.290456,  num_corrects :321,  num_tgts :839 ,accuracy:38.259833
INFO:train:Epoch   1,     273/411 batches  loss:3.440489,  num_corrects :367,  num_tgts :819 ,accuracy:44.810745
INFO:train:Epoch   1,     274/411 batches  loss:3.922077,  num_corrects :347,  num_tgts :897 ,accuracy:38.684504
INFO:train:Epoch   1,     275/411 batches  loss:3.850925,  num_corrects :390,  num_tgts :920 ,accuracy:42.391304
INFO:train:Epoch   1,     276/411 batches  loss:4.037890,  num_corrects :402,  num_tgts :1031 ,accuracy:38.991271
INFO:train:Epoch   1,     277/411 batches  loss:3.164888,  num_corrects :385,  num_tgts :790 ,accuracy:48.734177
INFO:train:Epoch   1,     278/411 batches  loss:3.799439,  num_corrects :394,  num_tgts :947 ,accuracy:41.605069
INFO:train:Epoch   1,     279/411 batches  loss:3.498054,  num_corrects :388,  num_tgts :839 ,accuracy:46.245530
INFO:train:Epoch   1,     280/411 batches  loss:3.344067,  num_corrects :348,  num_tgts :748 ,accuracy:46.524064
INFO:train:Epoch   1,     281/411 batches  loss:3.213335,  num_corrects :331,  num_tgts :671 ,accuracy:49.329359
INFO:train:Epoch   1,     282/411 batches  loss:3.685100,  num_corrects :311,  num_tgts :689 ,accuracy:45.137881
INFO:train:Epoch   1,     283/411 batches  loss:3.139679,  num_corrects :389,  num_tgts :744 ,accuracy:52.284946
INFO:train:Epoch   1,     284/411 batches  loss:3.684204,  num_corrects :371,  num_tgts :873 ,accuracy:42.497136
INFO:train:Epoch   1,     285/411 batches  loss:3.029432,  num_corrects :366,  num_tgts :716 ,accuracy:51.117318
INFO:train:Epoch   1,     286/411 batches  loss:2.745374,  num_corrects :410,  num_tgts :718 ,accuracy:57.103064
INFO:train:Epoch   1,     287/411 batches  loss:3.375207,  num_corrects :359,  num_tgts :728 ,accuracy:49.313187
INFO:train:Epoch   1,     288/411 batches  loss:3.034835,  num_corrects :359,  num_tgts :712 ,accuracy:50.421348
INFO:train:Epoch   1,     289/411 batches  loss:3.694763,  num_corrects :340,  num_tgts :743 ,accuracy:45.760431
INFO:train:Epoch   1,     290/411 batches  loss:3.471341,  num_corrects :437,  num_tgts :865 ,accuracy:50.520231
INFO:train:Epoch   1,     291/411 batches  loss:2.784618,  num_corrects :368,  num_tgts :675 ,accuracy:54.518519
INFO:train:Epoch   1,     292/411 batches  loss:2.465027,  num_corrects :395,  num_tgts :675 ,accuracy:58.518519
INFO:train:Epoch   1,     293/411 batches  loss:2.936654,  num_corrects :374,  num_tgts :696 ,accuracy:53.735632
INFO:train:Epoch   1,     294/411 batches  loss:3.959511,  num_corrects :306,  num_tgts :730 ,accuracy:41.917808
INFO:train:Epoch   1,     295/411 batches  loss:3.446412,  num_corrects :363,  num_tgts :763 ,accuracy:47.575360
INFO:train:Epoch   1,     296/411 batches  loss:4.812817,  num_corrects :279,  num_tgts :765 ,accuracy:36.470588
INFO:train:Epoch   1,     297/411 batches  loss:2.759025,  num_corrects :404,  num_tgts :748 ,accuracy:54.010695
INFO:train:Epoch   1,     298/411 batches  loss:7.189768,  num_corrects :175,  num_tgts :757 ,accuracy:23.117569
INFO:train:Epoch   1,     299/411 batches  loss:6.376096,  num_corrects :228,  num_tgts :794 ,accuracy:28.715365
INFO:train:Epoch   1,     300/411 batches  loss:3.291052,  num_corrects :361,  num_tgts :727 ,accuracy:49.656121
INFO:train:Epoch   1,     301/411 batches  loss:8.081639,  num_corrects :118,  num_tgts :650 ,accuracy:18.153846
INFO:train:Epoch   1,     302/411 batches  loss:7.402671,  num_corrects :140,  num_tgts :724 ,accuracy:19.337017
INFO:train:Epoch   1,     303/411 batches  loss:5.302431,  num_corrects :202,  num_tgts :589 ,accuracy:34.295416
INFO:train:Epoch   1,     304/411 batches  loss:5.472147,  num_corrects :218,  num_tgts :899 ,accuracy:24.249166
INFO:train:Epoch   1,     305/411 batches  loss:6.419741,  num_corrects :132,  num_tgts :688 ,accuracy:19.186047
INFO:train:Epoch   1,     306/411 batches  loss:6.516542,  num_corrects :120,  num_tgts :764 ,accuracy:15.706806
INFO:train:Epoch   1,     307/411 batches  loss:5.758584,  num_corrects :168,  num_tgts :708 ,accuracy:23.728814
INFO:train:Epoch   1,     308/411 batches  loss:5.723628,  num_corrects :153,  num_tgts :801 ,accuracy:19.101124
INFO:train:Epoch   1,     309/411 batches  loss:5.833055,  num_corrects :140,  num_tgts :816 ,accuracy:17.156863
INFO:train:Epoch   1,     310/411 batches  loss:5.554533,  num_corrects :161,  num_tgts :693 ,accuracy:23.232323
INFO:train:Epoch   1,     311/411 batches  loss:5.814716,  num_corrects :179,  num_tgts :829 ,accuracy:21.592280
INFO:train:Epoch   1,     312/411 batches  loss:5.284819,  num_corrects :178,  num_tgts :658 ,accuracy:27.051672
INFO:train:Epoch   1,     313/411 batches  loss:5.220179,  num_corrects :149,  num_tgts :683 ,accuracy:21.815520
INFO:train:Epoch   1,     314/411 batches  loss:5.213143,  num_corrects :216,  num_tgts :772 ,accuracy:27.979275
INFO:train:Epoch   1,     315/411 batches  loss:4.657447,  num_corrects :243,  num_tgts :805 ,accuracy:30.186335
INFO:train:Epoch   1,     316/411 batches  loss:4.493403,  num_corrects :243,  num_tgts :694 ,accuracy:35.014409
INFO:train:Epoch   1,     317/411 batches  loss:4.796666,  num_corrects :285,  num_tgts :945 ,accuracy:30.158730
INFO:train:Epoch   1,     318/411 batches  loss:4.203469,  num_corrects :261,  num_tgts :743 ,accuracy:35.127860
INFO:train:Epoch   1,     319/411 batches  loss:3.903117,  num_corrects :297,  num_tgts :754 ,accuracy:39.389920
INFO:train:Epoch   1,     320/411 batches  loss:3.475934,  num_corrects :287,  num_tgts :626 ,accuracy:45.846645
INFO:train:Epoch   1,     321/411 batches  loss:4.211150,  num_corrects :305,  num_tgts :743 ,accuracy:41.049798
INFO:train:Epoch   1,     322/411 batches  loss:4.238158,  num_corrects :328,  num_tgts :856 ,accuracy:38.317757
INFO:train:Epoch   1,     323/411 batches  loss:4.082447,  num_corrects :285,  num_tgts :679 ,accuracy:41.973490
INFO:train:Epoch   1,     324/411 batches  loss:3.745196,  num_corrects :319,  num_tgts :732 ,accuracy:43.579235
INFO:train:Epoch   1,     325/411 batches  loss:2.916401,  num_corrects :298,  num_tgts :589 ,accuracy:50.594228
INFO:train:Epoch   1,     326/411 batches  loss:3.620081,  num_corrects :321,  num_tgts :689 ,accuracy:46.589260
INFO:train:Epoch   1,     327/411 batches  loss:3.162263,  num_corrects :371,  num_tgts :732 ,accuracy:50.683060
INFO:train:Epoch   1,     328/411 batches  loss:3.486567,  num_corrects :339,  num_tgts :739 ,accuracy:45.872801
INFO:train:Epoch   1,     329/411 batches  loss:3.344253,  num_corrects :378,  num_tgts :759 ,accuracy:49.802372
INFO:train:Epoch   1,     330/411 batches  loss:3.844656,  num_corrects :336,  num_tgts :812 ,accuracy:41.379310
INFO:train:Epoch   1,     331/411 batches  loss:3.426883,  num_corrects :346,  num_tgts :773 ,accuracy:44.760673
INFO:train:Epoch   1,     332/411 batches  loss:3.429659,  num_corrects :363,  num_tgts :727 ,accuracy:49.931224
INFO:train:Epoch   1,     333/411 batches  loss:3.248245,  num_corrects :333,  num_tgts :683 ,accuracy:48.755490
INFO:train:Epoch   1,     334/411 batches  loss:2.859175,  num_corrects :389,  num_tgts :716 ,accuracy:54.329609
INFO:train:Epoch   1,     335/411 batches  loss:3.735827,  num_corrects :302,  num_tgts :621 ,accuracy:48.631240
INFO:train:Epoch   1,     336/411 batches  loss:3.265470,  num_corrects :390,  num_tgts :766 ,accuracy:50.913838
INFO:train:Epoch   1,     337/411 batches  loss:4.830495,  num_corrects :276,  num_tgts :847 ,accuracy:32.585596
INFO:train:Epoch   1,     338/411 batches  loss:4.543929,  num_corrects :263,  num_tgts :724 ,accuracy:36.325967
INFO:train:Epoch   1,     339/411 batches  loss:2.660188,  num_corrects :353,  num_tgts :636 ,accuracy:55.503145
INFO:train:Epoch   1,     340/411 batches  loss:3.865654,  num_corrects :320,  num_tgts :752 ,accuracy:42.553191
INFO:train:Epoch   1,     341/411 batches  loss:3.617501,  num_corrects :365,  num_tgts :801 ,accuracy:45.568040
INFO:train:Epoch   1,     342/411 batches  loss:3.524966,  num_corrects :329,  num_tgts :689 ,accuracy:47.750363
INFO:train:Epoch   1,     343/411 batches  loss:3.841692,  num_corrects :368,  num_tgts :847 ,accuracy:43.447462
INFO:train:Epoch   1,     344/411 batches  loss:2.543496,  num_corrects :402,  num_tgts :673 ,accuracy:59.732541
INFO:train:Epoch   1,     345/411 batches  loss:3.525174,  num_corrects :396,  num_tgts :836 ,accuracy:47.368421
INFO:train:Epoch   1,     346/411 batches  loss:2.771070,  num_corrects :422,  num_tgts :752 ,accuracy:56.117021
INFO:train:Epoch   1,     347/411 batches  loss:3.061265,  num_corrects :449,  num_tgts :818 ,accuracy:54.889976
INFO:train:Epoch   1,     348/411 batches  loss:2.756712,  num_corrects :457,  num_tgts :804 ,accuracy:56.840796
INFO:train:Epoch   1,     349/411 batches  loss:2.228602,  num_corrects :403,  num_tgts :652 ,accuracy:61.809816
INFO:train:Epoch   1,     350/411 batches  loss:2.821441,  num_corrects :471,  num_tgts :838 ,accuracy:56.205251
INFO:train:Epoch   1,     351/411 batches  loss:2.548220,  num_corrects :411,  num_tgts :668 ,accuracy:61.526946
INFO:train:Epoch   1,     352/411 batches  loss:2.554797,  num_corrects :465,  num_tgts :785 ,accuracy:59.235669
INFO:train:Epoch   1,     353/411 batches  loss:2.572259,  num_corrects :467,  num_tgts :799 ,accuracy:58.448060
INFO:train:Epoch   1,     354/411 batches  loss:3.132064,  num_corrects :440,  num_tgts :813 ,accuracy:54.120541
INFO:train:Epoch   1,     355/411 batches  loss:2.327333,  num_corrects :442,  num_tgts :713 ,accuracy:61.991585
INFO:train:Epoch   1,     356/411 batches  loss:4.896455,  num_corrects :378,  num_tgts :891 ,accuracy:42.424242
INFO:train:Epoch   1,     357/411 batches  loss:4.148323,  num_corrects :342,  num_tgts :730 ,accuracy:46.849315
INFO:train:Epoch   1,     358/411 batches  loss:2.556683,  num_corrects :490,  num_tgts :827 ,accuracy:59.250302
INFO:train:Epoch   1,     359/411 batches  loss:5.895709,  num_corrects :268,  num_tgts :771 ,accuracy:34.760052
INFO:train:Epoch   1,     360/411 batches  loss:6.668630,  num_corrects :255,  num_tgts :886 ,accuracy:28.781038
INFO:train:Epoch   1,     361/411 batches  loss:3.353998,  num_corrects :379,  num_tgts :710 ,accuracy:53.380282
INFO:train:Epoch   1,     362/411 batches  loss:5.250579,  num_corrects :279,  num_tgts :792 ,accuracy:35.227273
INFO:train:Epoch   1,     363/411 batches  loss:6.484230,  num_corrects :242,  num_tgts :870 ,accuracy:27.816092
INFO:train:Epoch   1,     364/411 batches  loss:4.008598,  num_corrects :320,  num_tgts :715 ,accuracy:44.755245
INFO:train:Epoch   1,     365/411 batches  loss:2.945796,  num_corrects :380,  num_tgts :728 ,accuracy:52.197802
INFO:train:Epoch   1,     366/411 batches  loss:3.277913,  num_corrects :323,  num_tgts :687 ,accuracy:47.016012
INFO:train:Epoch   1,     367/411 batches  loss:3.113820,  num_corrects :416,  num_tgts :796 ,accuracy:52.261307
INFO:train:Epoch   1,     368/411 batches  loss:3.319665,  num_corrects :352,  num_tgts :699 ,accuracy:50.357654
INFO:train:Epoch   1,     369/411 batches  loss:3.517570,  num_corrects :344,  num_tgts :734 ,accuracy:46.866485
INFO:train:Epoch   1,     370/411 batches  loss:2.543411,  num_corrects :405,  num_tgts :662 ,accuracy:61.178248
INFO:train:Epoch   1,     371/411 batches  loss:2.776715,  num_corrects :382,  num_tgts :699 ,accuracy:54.649499
INFO:train:Epoch   1,     372/411 batches  loss:3.023018,  num_corrects :408,  num_tgts :784 ,accuracy:52.040816
INFO:train:Epoch   1,     373/411 batches  loss:3.194722,  num_corrects :432,  num_tgts :842 ,accuracy:51.306413
INFO:train:Epoch   1,     374/411 batches  loss:3.278427,  num_corrects :418,  num_tgts :768 ,accuracy:54.427083
INFO:train:Epoch   1,     375/411 batches  loss:2.655045,  num_corrects :415,  num_tgts :714 ,accuracy:58.123249
INFO:train:Epoch   1,     376/411 batches  loss:2.551086,  num_corrects :458,  num_tgts :750 ,accuracy:61.066667
INFO:train:Epoch   1,     377/411 batches  loss:2.848817,  num_corrects :483,  num_tgts :859 ,accuracy:56.228172
INFO:train:Epoch   1,     378/411 batches  loss:2.788633,  num_corrects :400,  num_tgts :717 ,accuracy:55.788006
INFO:train:Epoch   1,     379/411 batches  loss:2.140790,  num_corrects :472,  num_tgts :734 ,accuracy:64.305177
INFO:train:Epoch   1,     380/411 batches  loss:3.017357,  num_corrects :395,  num_tgts :736 ,accuracy:53.668478
INFO:train:Epoch   1,     381/411 batches  loss:2.365438,  num_corrects :479,  num_tgts :802 ,accuracy:59.725686
INFO:train:Epoch   1,     382/411 batches  loss:3.217896,  num_corrects :415,  num_tgts :761 ,accuracy:54.533509
INFO:train:Epoch   1,     383/411 batches  loss:3.146544,  num_corrects :392,  num_tgts :763 ,accuracy:51.376147
INFO:train:Epoch   1,     384/411 batches  loss:1.690799,  num_corrects :433,  num_tgts :607 ,accuracy:71.334432
INFO:train:Epoch   1,     385/411 batches  loss:2.201746,  num_corrects :401,  num_tgts :639 ,accuracy:62.754304
INFO:train:Epoch   1,     386/411 batches  loss:2.575768,  num_corrects :525,  num_tgts :867 ,accuracy:60.553633
INFO:train:Epoch   1,     387/411 batches  loss:1.766519,  num_corrects :518,  num_tgts :750 ,accuracy:69.066667
INFO:train:Epoch   1,     388/411 batches  loss:2.365179,  num_corrects :481,  num_tgts :747 ,accuracy:64.390897
INFO:train:Epoch   1,     389/411 batches  loss:2.082673,  num_corrects :507,  num_tgts :761 ,accuracy:66.622865
INFO:train:Epoch   1,     390/411 batches  loss:1.831103,  num_corrects :468,  num_tgts :666 ,accuracy:70.270270
INFO:train:Epoch   1,     391/411 batches  loss:2.221662,  num_corrects :447,  num_tgts :714 ,accuracy:62.605042
INFO:train:Epoch   1,     392/411 batches  loss:2.637478,  num_corrects :496,  num_tgts :850 ,accuracy:58.352941
INFO:train:Epoch   1,     393/411 batches  loss:1.691822,  num_corrects :497,  num_tgts :701 ,accuracy:70.898716
INFO:model:Building Model
INFO:model:* number of parameters: 4136823
INFO:main:Namespace(attention=True, backward_splits=None, batch_size=32, bias=True, bos=True, brnn=True, char_model=None, correct_unique_mappings=False, cuda=True, data_augm=False, dropout=0.5, emb_size=100, end_epoch=50, eos=True, eval=False, gpu=0, input='word', interactive=False, layers=3, learning_rate_decay=0.05, load_from=None, log_interval=1, logfolder=True, lowercase=True, lr=0.01, max_grad_norm=5.0, max_train_decode_len=68, maxlen=None, noise_ratio=0.4, optim='adam', rnn_size=200, rnn_type='LSTM', save_dir='word_model', save_interval=-1, seed=3435, self_tok=False, share_embeddings=True, share_vocab=True, start_decay_after=15, start_epoch=1, teacher_forcing_ratio=0.6, testdata='dataset/data/test_data.json', tie_decoder_embeddings=True, traindata='dataset/data/train_data.json', valsplit=0, vocab_size=None)
INFO:main:Loading test data from "dataset/data/test_data.json"
INFO:main:Loading training data from "dataset/data/train_data.json"
INFO:main: * Vocabulary size. source = 24423; target = 24423
INFO:main: * Maximum batch size. 32
INFO:main:Seq2Seq(
  (encoder): EncoderRNN(
    (embedding): Embedding(24423, 100, padding_idx=0)
    (rnn): LSTM(100, 100, num_layers=3, dropout=0.5, bidirectional=True)
  )
  (decoder): LuongAttnDecoderRNN(
    (tanh): Tanh()
    (embedding): Embedding(24423, 100, padding_idx=0)
    (rnn): LSTM(100, 200, num_layers=3, dropout=0.5)
    (W_a): Linear(in_features=200, out_features=200, bias=True)
    (W_c): Linear(in_features=400, out_features=200, bias=True)
    (W_proj): Linear(in_features=200, out_features=100, bias=True)
    (W_s): Linear(in_features=100, out_features=24423, bias=True)
  )
)
INFO:train:
* TextNorm epoch *
INFO:train:Model optim lr: 0.01
INFO:train:Epoch   1,       1/411 batches  loss:10.117943,  num_corrects :0,  num_tgts :714 ,accuracy:0.000000
INFO:train:Epoch   1,       2/411 batches  loss:10.013494,  num_corrects :63,  num_tgts :676 ,accuracy:9.319527
INFO:train:Epoch   1,       3/411 batches  loss:9.880599,  num_corrects :31,  num_tgts :725 ,accuracy:4.275862
INFO:train:Epoch   1,       4/411 batches  loss:12.368106,  num_corrects :0,  num_tgts :637 ,accuracy:0.000000
INFO:train:Epoch   1,       5/411 batches  loss:23.654537,  num_corrects :46,  num_tgts :824 ,accuracy:5.582524
INFO:train:Epoch   1,       6/411 batches  loss:25.859644,  num_corrects :0,  num_tgts :828 ,accuracy:0.000000
INFO:train:Epoch   1,       7/411 batches  loss:11.070415,  num_corrects :22,  num_tgts :778 ,accuracy:2.827763
INFO:train:Epoch   1,       8/411 batches  loss:12.989450,  num_corrects :65,  num_tgts :868 ,accuracy:7.488479
INFO:train:Epoch   1,       9/411 batches  loss:11.118194,  num_corrects :62,  num_tgts :849 ,accuracy:7.302709
INFO:train:Epoch   1,      10/411 batches  loss:9.826923,  num_corrects :37,  num_tgts :637 ,accuracy:5.808477
INFO:train:Epoch   1,      11/411 batches  loss:9.787221,  num_corrects :46,  num_tgts :654 ,accuracy:7.033639
INFO:train:Epoch   1,      12/411 batches  loss:9.990754,  num_corrects :71,  num_tgts :753 ,accuracy:9.428951
INFO:train:Epoch   1,      13/411 batches  loss:9.619706,  num_corrects :33,  num_tgts :567 ,accuracy:5.820106
INFO:train:Epoch   1,      14/411 batches  loss:10.284873,  num_corrects :61,  num_tgts :561 ,accuracy:10.873440
INFO:train:Epoch   1,      15/411 batches  loss:9.156747,  num_corrects :62,  num_tgts :540 ,accuracy:11.481481
INFO:train:Epoch   1,      16/411 batches  loss:9.055565,  num_corrects :63,  num_tgts :623 ,accuracy:10.112360
INFO:train:Epoch   1,      17/411 batches  loss:8.747881,  num_corrects :67,  num_tgts :560 ,accuracy:11.964286
INFO:train:Epoch   1,      18/411 batches  loss:8.642080,  num_corrects :78,  num_tgts :628 ,accuracy:12.420382
INFO:train:Epoch   1,      19/411 batches  loss:8.343426,  num_corrects :70,  num_tgts :526 ,accuracy:13.307985
INFO:train:Epoch   1,      20/411 batches  loss:8.138943,  num_corrects :64,  num_tgts :538 ,accuracy:11.895911
INFO:train:Epoch   1,      21/411 batches  loss:8.126719,  num_corrects :68,  num_tgts :585 ,accuracy:11.623932
INFO:train:Epoch   1,      22/411 batches  loss:7.840251,  num_corrects :70,  num_tgts :515 ,accuracy:13.592233
INFO:train:Epoch   1,      23/411 batches  loss:8.184548,  num_corrects :73,  num_tgts :471 ,accuracy:15.498938
INFO:train:Epoch   1,      24/411 batches  loss:7.765293,  num_corrects :77,  num_tgts :568 ,accuracy:13.556338
INFO:train:Epoch   1,      25/411 batches  loss:7.402833,  num_corrects :70,  num_tgts :535 ,accuracy:13.084112
INFO:train:Epoch   1,      26/411 batches  loss:7.297448,  num_corrects :63,  num_tgts :476 ,accuracy:13.235294
INFO:train:Epoch   1,      27/411 batches  loss:7.120442,  num_corrects :78,  num_tgts :529 ,accuracy:14.744802
INFO:train:Epoch   1,      28/411 batches  loss:7.117413,  num_corrects :83,  num_tgts :592 ,accuracy:14.020270
INFO:train:Epoch   1,      29/411 batches  loss:7.521042,  num_corrects :80,  num_tgts :589 ,accuracy:13.582343
INFO:train:Epoch   1,      30/411 batches  loss:6.948973,  num_corrects :94,  num_tgts :550 ,accuracy:17.090909
INFO:train:Epoch   1,      31/411 batches  loss:7.075996,  num_corrects :97,  num_tgts :607 ,accuracy:15.980231
INFO:train:Epoch   1,      32/411 batches  loss:6.248652,  num_corrects :88,  num_tgts :552 ,accuracy:15.942029
INFO:train:Epoch   1,      33/411 batches  loss:6.366743,  num_corrects :89,  num_tgts :486 ,accuracy:18.312757
INFO:train:Epoch   1,      34/411 batches  loss:7.596779,  num_corrects :58,  num_tgts :525 ,accuracy:11.047619
INFO:train:Epoch   1,      35/411 batches  loss:7.531343,  num_corrects :70,  num_tgts :505 ,accuracy:13.861386
INFO:train:Epoch   1,      36/411 batches  loss:7.768401,  num_corrects :78,  num_tgts :735 ,accuracy:10.612245
INFO:train:Epoch   1,      37/411 batches  loss:7.723130,  num_corrects :84,  num_tgts :638 ,accuracy:13.166144
INFO:train:Epoch   1,      38/411 batches  loss:7.400935,  num_corrects :68,  num_tgts :508 ,accuracy:13.385827
INFO:train:Epoch   1,      39/411 batches  loss:7.316036,  num_corrects :78,  num_tgts :507 ,accuracy:15.384615
INFO:train:Epoch   1,      40/411 batches  loss:7.158522,  num_corrects :71,  num_tgts :508 ,accuracy:13.976378
INFO:train:Epoch   1,      41/411 batches  loss:7.319909,  num_corrects :73,  num_tgts :552 ,accuracy:13.224638
INFO:train:Epoch   1,      42/411 batches  loss:7.270601,  num_corrects :86,  num_tgts :652 ,accuracy:13.190184
INFO:train:Epoch   1,      43/411 batches  loss:7.211949,  num_corrects :75,  num_tgts :555 ,accuracy:13.513514
INFO:train:Epoch   1,      44/411 batches  loss:7.132960,  num_corrects :79,  num_tgts :587 ,accuracy:13.458262
INFO:train:Epoch   1,      45/411 batches  loss:7.306098,  num_corrects :83,  num_tgts :669 ,accuracy:12.406577
INFO:train:Epoch   1,      46/411 batches  loss:7.019430,  num_corrects :69,  num_tgts :543 ,accuracy:12.707182
INFO:train:Epoch   1,      47/411 batches  loss:6.939900,  num_corrects :72,  num_tgts :510 ,accuracy:14.117647
INFO:train:Epoch   1,      48/411 batches  loss:7.077347,  num_corrects :84,  num_tgts :592 ,accuracy:14.189189
INFO:train:Epoch   1,      49/411 batches  loss:6.865936,  num_corrects :81,  num_tgts :581 ,accuracy:13.941480
INFO:train:Epoch   1,      50/411 batches  loss:6.841583,  num_corrects :78,  num_tgts :563 ,accuracy:13.854352
INFO:train:Epoch   1,      51/411 batches  loss:6.297285,  num_corrects :79,  num_tgts :424 ,accuracy:18.632075
INFO:train:Epoch   1,      52/411 batches  loss:6.489696,  num_corrects :88,  num_tgts :548 ,accuracy:16.058394
INFO:train:Epoch   1,      53/411 batches  loss:6.674326,  num_corrects :67,  num_tgts :550 ,accuracy:12.181818
INFO:train:Epoch   1,      54/411 batches  loss:6.624878,  num_corrects :64,  num_tgts :529 ,accuracy:12.098299
INFO:train:Epoch   1,      55/411 batches  loss:6.512827,  num_corrects :89,  num_tgts :548 ,accuracy:16.240876
INFO:train:Epoch   1,      56/411 batches  loss:6.823240,  num_corrects :80,  num_tgts :645 ,accuracy:12.403101
INFO:train:Epoch   1,      57/411 batches  loss:6.391546,  num_corrects :75,  num_tgts :530 ,accuracy:14.150943
INFO:train:Epoch   1,      58/411 batches  loss:6.787550,  num_corrects :76,  num_tgts :543 ,accuracy:13.996317
INFO:train:Epoch   1,      59/411 batches  loss:6.591897,  num_corrects :89,  num_tgts :655 ,accuracy:13.587786
INFO:train:Epoch   1,      60/411 batches  loss:6.295706,  num_corrects :84,  num_tgts :603 ,accuracy:13.930348
INFO:train:Epoch   1,      61/411 batches  loss:6.461615,  num_corrects :80,  num_tgts :528 ,accuracy:15.151515
INFO:train:Epoch   1,      62/411 batches  loss:6.522601,  num_corrects :100,  num_tgts :562 ,accuracy:17.793594
INFO:train:Epoch   1,      63/411 batches  loss:6.129178,  num_corrects :86,  num_tgts :568 ,accuracy:15.140845
INFO:train:Epoch   1,      64/411 batches  loss:6.272866,  num_corrects :91,  num_tgts :549 ,accuracy:16.575592
INFO:train:Epoch   1,      65/411 batches  loss:6.140680,  num_corrects :97,  num_tgts :566 ,accuracy:17.137809
INFO:train:Epoch   1,      66/411 batches  loss:6.711740,  num_corrects :90,  num_tgts :639 ,accuracy:14.084507
INFO:train:Epoch   1,      67/411 batches  loss:6.394227,  num_corrects :97,  num_tgts :565 ,accuracy:17.168142
INFO:train:Epoch   1,      68/411 batches  loss:6.512897,  num_corrects :102,  num_tgts :693 ,accuracy:14.718615
INFO:train:Epoch   1,      69/411 batches  loss:6.146938,  num_corrects :93,  num_tgts :508 ,accuracy:18.307087
INFO:train:Epoch   1,      70/411 batches  loss:6.454796,  num_corrects :83,  num_tgts :640 ,accuracy:12.968750
INFO:train:Epoch   1,      71/411 batches  loss:6.540145,  num_corrects :86,  num_tgts :587 ,accuracy:14.650767
INFO:train:Epoch   1,      72/411 batches  loss:5.985102,  num_corrects :78,  num_tgts :528 ,accuracy:14.772727
INFO:train:Epoch   1,      73/411 batches  loss:6.211895,  num_corrects :88,  num_tgts :567 ,accuracy:15.520282
INFO:train:Epoch   1,      74/411 batches  loss:6.206070,  num_corrects :101,  num_tgts :543 ,accuracy:18.600368
INFO:train:Epoch   1,      75/411 batches  loss:6.290690,  num_corrects :102,  num_tgts :623 ,accuracy:16.372392
INFO:train:Epoch   1,      76/411 batches  loss:6.112539,  num_corrects :77,  num_tgts :566 ,accuracy:13.604240
INFO:train:Epoch   1,      77/411 batches  loss:6.315035,  num_corrects :116,  num_tgts :626 ,accuracy:18.530351
INFO:train:Epoch   1,      78/411 batches  loss:6.213785,  num_corrects :105,  num_tgts :492 ,accuracy:21.341463
INFO:train:Epoch   1,      79/411 batches  loss:6.497726,  num_corrects :105,  num_tgts :640 ,accuracy:16.406250
INFO:train:Epoch   1,      80/411 batches  loss:6.072229,  num_corrects :83,  num_tgts :517 ,accuracy:16.054159
INFO:train:Epoch   1,      81/411 batches  loss:6.181308,  num_corrects :80,  num_tgts :602 ,accuracy:13.289037
INFO:train:Epoch   1,      82/411 batches  loss:5.758578,  num_corrects :114,  num_tgts :493 ,accuracy:23.123732
INFO:train:Epoch   1,      83/411 batches  loss:6.301385,  num_corrects :88,  num_tgts :667 ,accuracy:13.193403
INFO:train:Epoch   1,      84/411 batches  loss:5.988486,  num_corrects :107,  num_tgts :526 ,accuracy:20.342205
INFO:train:Epoch   1,      85/411 batches  loss:6.082150,  num_corrects :79,  num_tgts :485 ,accuracy:16.288660
INFO:train:Epoch   1,      86/411 batches  loss:5.962152,  num_corrects :88,  num_tgts :499 ,accuracy:17.635271
INFO:train:Epoch   1,      87/411 batches  loss:5.962923,  num_corrects :88,  num_tgts :510 ,accuracy:17.254902
INFO:train:Epoch   1,      88/411 batches  loss:5.714176,  num_corrects :85,  num_tgts :489 ,accuracy:17.382413
INFO:train:Epoch   1,      89/411 batches  loss:5.681979,  num_corrects :105,  num_tgts :533 ,accuracy:19.699812
INFO:train:Epoch   1,      90/411 batches  loss:5.891501,  num_corrects :93,  num_tgts :525 ,accuracy:17.714286
INFO:train:Epoch   1,      91/411 batches  loss:6.307077,  num_corrects :106,  num_tgts :646 ,accuracy:16.408669
INFO:train:Epoch   1,      92/411 batches  loss:5.968116,  num_corrects :90,  num_tgts :560 ,accuracy:16.071429
INFO:train:Epoch   1,      93/411 batches  loss:6.008574,  num_corrects :97,  num_tgts :537 ,accuracy:18.063315
INFO:train:Epoch   1,      94/411 batches  loss:6.108990,  num_corrects :118,  num_tgts :601 ,accuracy:19.633943
INFO:train:Epoch   1,      95/411 batches  loss:5.839769,  num_corrects :117,  num_tgts :526 ,accuracy:22.243346
INFO:train:Epoch   1,      96/411 batches  loss:5.350200,  num_corrects :115,  num_tgts :484 ,accuracy:23.760331
INFO:train:Epoch   1,      97/411 batches  loss:6.033579,  num_corrects :96,  num_tgts :573 ,accuracy:16.753927
INFO:train:Epoch   1,      98/411 batches  loss:5.792801,  num_corrects :109,  num_tgts :567 ,accuracy:19.223986
INFO:train:Epoch   1,      99/411 batches  loss:5.822779,  num_corrects :112,  num_tgts :559 ,accuracy:20.035778
INFO:train:Epoch   1,     100/411 batches  loss:5.567539,  num_corrects :128,  num_tgts :576 ,accuracy:22.222222
INFO:train:Epoch   1,     101/411 batches  loss:5.905121,  num_corrects :122,  num_tgts :638 ,accuracy:19.122257
INFO:train:Epoch   1,     102/411 batches  loss:5.912194,  num_corrects :96,  num_tgts :633 ,accuracy:15.165877
INFO:train:Epoch   1,     103/411 batches  loss:5.658770,  num_corrects :119,  num_tgts :526 ,accuracy:22.623574
INFO:train:Epoch   1,     104/411 batches  loss:5.728602,  num_corrects :128,  num_tgts :642 ,accuracy:19.937695
INFO:train:Epoch   1,     105/411 batches  loss:5.999407,  num_corrects :126,  num_tgts :664 ,accuracy:18.975904
INFO:train:Epoch   1,     106/411 batches  loss:5.625653,  num_corrects :89,  num_tgts :510 ,accuracy:17.450980
INFO:train:Epoch   1,     107/411 batches  loss:5.712699,  num_corrects :124,  num_tgts :565 ,accuracy:21.946903
INFO:train:Epoch   1,     108/411 batches  loss:5.330583,  num_corrects :114,  num_tgts :488 ,accuracy:23.360656
INFO:train:Epoch   1,     109/411 batches  loss:5.680899,  num_corrects :117,  num_tgts :573 ,accuracy:20.418848
INFO:train:Epoch   1,     110/411 batches  loss:5.773113,  num_corrects :106,  num_tgts :571 ,accuracy:18.563923
INFO:train:Epoch   1,     111/411 batches  loss:5.522888,  num_corrects :104,  num_tgts :556 ,accuracy:18.705036
INFO:train:Epoch   1,     112/411 batches  loss:5.106409,  num_corrects :120,  num_tgts :454 ,accuracy:26.431718
INFO:train:Epoch   1,     113/411 batches  loss:5.656104,  num_corrects :125,  num_tgts :593 ,accuracy:21.079258
INFO:train:Epoch   1,     114/411 batches  loss:5.248279,  num_corrects :139,  num_tgts :576 ,accuracy:24.131944
INFO:train:Epoch   1,     115/411 batches  loss:5.457995,  num_corrects :137,  num_tgts :533 ,accuracy:25.703565
INFO:train:Epoch   1,     116/411 batches  loss:5.445602,  num_corrects :105,  num_tgts :506 ,accuracy:20.750988
INFO:train:Epoch   1,     117/411 batches  loss:5.607859,  num_corrects :122,  num_tgts :590 ,accuracy:20.677966
INFO:train:Epoch   1,     118/411 batches  loss:5.747119,  num_corrects :133,  num_tgts :595 ,accuracy:22.352941
INFO:train:Epoch   1,     119/411 batches  loss:5.600852,  num_corrects :134,  num_tgts :612 ,accuracy:21.895425
INFO:train:Epoch   1,     120/411 batches  loss:5.693266,  num_corrects :125,  num_tgts :666 ,accuracy:18.768769
INFO:train:Epoch   1,     121/411 batches  loss:5.926891,  num_corrects :113,  num_tgts :614 ,accuracy:18.403909
INFO:train:Epoch   1,     122/411 batches  loss:5.720717,  num_corrects :117,  num_tgts :631 ,accuracy:18.541997
INFO:train:Epoch   1,     123/411 batches  loss:5.326997,  num_corrects :116,  num_tgts :481 ,accuracy:24.116424
INFO:train:Epoch   1,     124/411 batches  loss:5.050708,  num_corrects :132,  num_tgts :535 ,accuracy:24.672897
INFO:train:Epoch   1,     125/411 batches  loss:5.281398,  num_corrects :143,  num_tgts :589 ,accuracy:24.278438
INFO:train:Epoch   1,     126/411 batches  loss:5.689945,  num_corrects :144,  num_tgts :614 ,accuracy:23.452769
INFO:train:Epoch   1,     127/411 batches  loss:5.076836,  num_corrects :149,  num_tgts :529 ,accuracy:28.166352
INFO:train:Epoch   1,     128/411 batches  loss:5.012702,  num_corrects :108,  num_tgts :471 ,accuracy:22.929936
INFO:train:Epoch   1,     129/411 batches  loss:5.749866,  num_corrects :122,  num_tgts :507 ,accuracy:24.063116
INFO:train:Epoch   1,     130/411 batches  loss:5.796921,  num_corrects :156,  num_tgts :718 ,accuracy:21.727019
INFO:train:Epoch   1,     131/411 batches  loss:5.675905,  num_corrects :112,  num_tgts :611 ,accuracy:18.330606
INFO:train:Epoch   1,     132/411 batches  loss:5.715234,  num_corrects :135,  num_tgts :631 ,accuracy:21.394612
INFO:train:Epoch   1,     133/411 batches  loss:5.657094,  num_corrects :118,  num_tgts :599 ,accuracy:19.699499
INFO:train:Epoch   1,     134/411 batches  loss:5.530276,  num_corrects :116,  num_tgts :593 ,accuracy:19.561551
INFO:train:Epoch   1,     135/411 batches  loss:5.606740,  num_corrects :160,  num_tgts :674 ,accuracy:23.738872
INFO:train:Epoch   1,     136/411 batches  loss:4.964618,  num_corrects :157,  num_tgts :522 ,accuracy:30.076628
INFO:train:Epoch   1,     137/411 batches  loss:5.493036,  num_corrects :138,  num_tgts :581 ,accuracy:23.752151
INFO:train:Epoch   1,     138/411 batches  loss:6.217626,  num_corrects :151,  num_tgts :749 ,accuracy:20.160214
INFO:train:Epoch   1,     139/411 batches  loss:6.346874,  num_corrects :148,  num_tgts :795 ,accuracy:18.616352
INFO:train:Epoch   1,     140/411 batches  loss:6.539855,  num_corrects :153,  num_tgts :895 ,accuracy:17.094972
INFO:train:Epoch   1,     141/411 batches  loss:6.637161,  num_corrects :165,  num_tgts :897 ,accuracy:18.394649
INFO:train:Epoch   1,     142/411 batches  loss:6.581166,  num_corrects :183,  num_tgts :971 ,accuracy:18.846550
INFO:train:Epoch   1,     143/411 batches  loss:6.516986,  num_corrects :139,  num_tgts :895 ,accuracy:15.530726
INFO:train:Epoch   1,     144/411 batches  loss:6.449002,  num_corrects :137,  num_tgts :797 ,accuracy:17.189460
INFO:train:Epoch   1,     145/411 batches  loss:6.504778,  num_corrects :147,  num_tgts :908 ,accuracy:16.189427
INFO:train:Epoch   1,     146/411 batches  loss:6.531276,  num_corrects :145,  num_tgts :908 ,accuracy:15.969163
INFO:train:Epoch   1,     147/411 batches  loss:6.594719,  num_corrects :159,  num_tgts :986 ,accuracy:16.125761
INFO:train:Epoch   1,     148/411 batches  loss:6.362701,  num_corrects :192,  num_tgts :913 ,accuracy:21.029573
INFO:train:Epoch   1,     149/411 batches  loss:6.406760,  num_corrects :166,  num_tgts :933 ,accuracy:17.792069
INFO:train:Epoch   1,     150/411 batches  loss:6.112129,  num_corrects :164,  num_tgts :867 ,accuracy:18.915802
INFO:train:Epoch   1,     151/411 batches  loss:6.020524,  num_corrects :180,  num_tgts :840 ,accuracy:21.428571
INFO:train:Epoch   1,     152/411 batches  loss:5.949067,  num_corrects :169,  num_tgts :820 ,accuracy:20.609756
INFO:train:Epoch   1,     153/411 batches  loss:6.037942,  num_corrects :208,  num_tgts :952 ,accuracy:21.848739
INFO:train:Epoch   1,     154/411 batches  loss:5.797008,  num_corrects :182,  num_tgts :896 ,accuracy:20.312500
INFO:train:Epoch   1,     155/411 batches  loss:5.820323,  num_corrects :226,  num_tgts :948 ,accuracy:23.839662
INFO:train:Epoch   1,     156/411 batches  loss:5.666679,  num_corrects :212,  num_tgts :902 ,accuracy:23.503326
INFO:train:Epoch   1,     157/411 batches  loss:5.659523,  num_corrects :225,  num_tgts :924 ,accuracy:24.350649
INFO:train:Epoch   1,     158/411 batches  loss:5.949018,  num_corrects :199,  num_tgts :867 ,accuracy:22.952710
INFO:train:Epoch   1,     159/411 batches  loss:7.276491,  num_corrects :141,  num_tgts :870 ,accuracy:16.206897
INFO:train:Epoch   1,     160/411 batches  loss:6.042317,  num_corrects :171,  num_tgts :780 ,accuracy:21.923077
INFO:train:Epoch   1,     161/411 batches  loss:6.541679,  num_corrects :165,  num_tgts :900 ,accuracy:18.333333
INFO:train:Epoch   1,     162/411 batches  loss:6.280165,  num_corrects :165,  num_tgts :897 ,accuracy:18.394649
INFO:train:Epoch   1,     163/411 batches  loss:5.787442,  num_corrects :176,  num_tgts :729 ,accuracy:24.142661
INFO:train:Epoch   1,     164/411 batches  loss:6.243018,  num_corrects :160,  num_tgts :850 ,accuracy:18.823529
INFO:train:Epoch   1,     165/411 batches  loss:6.431445,  num_corrects :165,  num_tgts :964 ,accuracy:17.116183
INFO:train:Epoch   1,     166/411 batches  loss:6.700180,  num_corrects :150,  num_tgts :1029 ,accuracy:14.577259
INFO:train:Epoch   1,     167/411 batches  loss:6.088077,  num_corrects :176,  num_tgts :878 ,accuracy:20.045558
INFO:train:Epoch   1,     168/411 batches  loss:6.156396,  num_corrects :143,  num_tgts :830 ,accuracy:17.228916
INFO:train:Epoch   1,     169/411 batches  loss:6.145996,  num_corrects :153,  num_tgts :907 ,accuracy:16.868798
INFO:train:Epoch   1,     170/411 batches  loss:6.169368,  num_corrects :140,  num_tgts :896 ,accuracy:15.625000
INFO:train:Epoch   1,     171/411 batches  loss:6.247113,  num_corrects :156,  num_tgts :844 ,accuracy:18.483412
INFO:train:Epoch   1,     172/411 batches  loss:5.958142,  num_corrects :180,  num_tgts :845 ,accuracy:21.301775
INFO:train:Epoch   1,     173/411 batches  loss:6.064859,  num_corrects :193,  num_tgts :970 ,accuracy:19.896907
INFO:train:Epoch   1,     174/411 batches  loss:6.008474,  num_corrects :173,  num_tgts :863 ,accuracy:20.046350
INFO:train:Epoch   1,     175/411 batches  loss:5.773336,  num_corrects :193,  num_tgts :893 ,accuracy:21.612542
INFO:train:Epoch   1,     176/411 batches  loss:5.797465,  num_corrects :175,  num_tgts :819 ,accuracy:21.367521
INFO:train:Epoch   1,     177/411 batches  loss:6.022172,  num_corrects :180,  num_tgts :924 ,accuracy:19.480519
INFO:train:Epoch   1,     178/411 batches  loss:5.608280,  num_corrects :204,  num_tgts :835 ,accuracy:24.431138
INFO:train:Epoch   1,     179/411 batches  loss:5.677145,  num_corrects :213,  num_tgts :859 ,accuracy:24.796275
INFO:train:Epoch   1,     180/411 batches  loss:5.930068,  num_corrects :215,  num_tgts :938 ,accuracy:22.921109
INFO:train:Epoch   1,     181/411 batches  loss:5.675712,  num_corrects :170,  num_tgts :853 ,accuracy:19.929660
INFO:train:Epoch   1,     182/411 batches  loss:5.225594,  num_corrects :228,  num_tgts :812 ,accuracy:28.078818
INFO:train:Epoch   1,     183/411 batches  loss:5.459487,  num_corrects :236,  num_tgts :863 ,accuracy:27.346466
INFO:train:Epoch   1,     184/411 batches  loss:5.396898,  num_corrects :191,  num_tgts :809 ,accuracy:23.609394
INFO:train:Epoch   1,     185/411 batches  loss:5.835642,  num_corrects :209,  num_tgts :920 ,accuracy:22.717391
INFO:train:Epoch   1,     186/411 batches  loss:5.685001,  num_corrects :204,  num_tgts :871 ,accuracy:23.421355
INFO:train:Epoch   1,     187/411 batches  loss:5.445529,  num_corrects :210,  num_tgts :851 ,accuracy:24.676851
INFO:train:Epoch   1,     188/411 batches  loss:5.321189,  num_corrects :226,  num_tgts :891 ,accuracy:25.364759
INFO:train:Epoch   1,     189/411 batches  loss:4.976891,  num_corrects :244,  num_tgts :844 ,accuracy:28.909953
INFO:train:Epoch   1,     190/411 batches  loss:5.683663,  num_corrects :215,  num_tgts :939 ,accuracy:22.896699
INFO:train:Epoch   1,     191/411 batches  loss:5.175526,  num_corrects :236,  num_tgts :836 ,accuracy:28.229665
INFO:train:Epoch   1,     192/411 batches  loss:5.521584,  num_corrects :254,  num_tgts :952 ,accuracy:26.680672
INFO:train:Epoch   1,     193/411 batches  loss:5.079063,  num_corrects :225,  num_tgts :830 ,accuracy:27.108434
INFO:train:Epoch   1,     194/411 batches  loss:5.627192,  num_corrects :190,  num_tgts :844 ,accuracy:22.511848
INFO:train:Epoch   1,     195/411 batches  loss:5.872889,  num_corrects :204,  num_tgts :943 ,accuracy:21.633086
INFO:train:Epoch   1,     196/411 batches  loss:5.098952,  num_corrects :275,  num_tgts :951 ,accuracy:28.916930
INFO:train:Epoch   1,     197/411 batches  loss:5.547195,  num_corrects :239,  num_tgts :1031 ,accuracy:23.181377
INFO:train:Epoch   1,     198/411 batches  loss:4.855265,  num_corrects :223,  num_tgts :739 ,accuracy:30.175913
INFO:train:Epoch   1,     199/411 batches  loss:4.807649,  num_corrects :252,  num_tgts :795 ,accuracy:31.698113
INFO:train:Epoch   1,     200/411 batches  loss:5.378983,  num_corrects :227,  num_tgts :883 ,accuracy:25.707814
INFO:train:Epoch   1,     201/411 batches  loss:5.178535,  num_corrects :188,  num_tgts :777 ,accuracy:24.195624
INFO:train:Epoch   1,     202/411 batches  loss:5.205471,  num_corrects :205,  num_tgts :836 ,accuracy:24.521531
INFO:train:Epoch   1,     203/411 batches  loss:5.162613,  num_corrects :251,  num_tgts :890 ,accuracy:28.202247
INFO:train:Epoch   1,     204/411 batches  loss:5.229918,  num_corrects :253,  num_tgts :911 ,accuracy:27.771679
INFO:train:Epoch   1,     205/411 batches  loss:4.926538,  num_corrects :247,  num_tgts :846 ,accuracy:29.196217
INFO:train:Epoch   1,     206/411 batches  loss:5.115364,  num_corrects :271,  num_tgts :952 ,accuracy:28.466387
INFO:train:Epoch   1,     207/411 batches  loss:5.058566,  num_corrects :241,  num_tgts :828 ,accuracy:29.106280
INFO:train:Epoch   1,     208/411 batches  loss:5.119514,  num_corrects :223,  num_tgts :880 ,accuracy:25.340909
INFO:train:Epoch   1,     209/411 batches  loss:5.030369,  num_corrects :267,  num_tgts :891 ,accuracy:29.966330
INFO:train:Epoch   1,     210/411 batches  loss:5.012106,  num_corrects :246,  num_tgts :878 ,accuracy:28.018223
INFO:train:Epoch   1,     211/411 batches  loss:4.814470,  num_corrects :291,  num_tgts :943 ,accuracy:30.858961
INFO:train:Epoch   1,     212/411 batches  loss:5.349674,  num_corrects :232,  num_tgts :893 ,accuracy:25.979843
INFO:train:Epoch   1,     213/411 batches  loss:5.021407,  num_corrects :251,  num_tgts :814 ,accuracy:30.835381
INFO:train:Epoch   1,     214/411 batches  loss:4.515446,  num_corrects :307,  num_tgts :866 ,accuracy:35.450346
INFO:train:Epoch   1,     215/411 batches  loss:4.768847,  num_corrects :265,  num_tgts :841 ,accuracy:31.510107
INFO:train:Epoch   1,     216/411 batches  loss:5.023284,  num_corrects :280,  num_tgts :935 ,accuracy:29.946524
INFO:train:Epoch   1,     217/411 batches  loss:5.097673,  num_corrects :231,  num_tgts :896 ,accuracy:25.781250
INFO:train:Epoch   1,     218/411 batches  loss:4.549252,  num_corrects :268,  num_tgts :873 ,accuracy:30.698740
INFO:train:Epoch   1,     219/411 batches  loss:4.636820,  num_corrects :236,  num_tgts :774 ,accuracy:30.490956
INFO:train:Epoch   1,     220/411 batches  loss:4.862897,  num_corrects :290,  num_tgts :851 ,accuracy:34.077556
INFO:train:Epoch   1,     221/411 batches  loss:4.544330,  num_corrects :286,  num_tgts :861 ,accuracy:33.217189
INFO:train:Epoch   1,     222/411 batches  loss:5.249411,  num_corrects :241,  num_tgts :957 ,accuracy:25.182863
INFO:train:Epoch   1,     223/411 batches  loss:4.341349,  num_corrects :291,  num_tgts :846 ,accuracy:34.397163
INFO:train:Epoch   1,     224/411 batches  loss:4.531214,  num_corrects :269,  num_tgts :816 ,accuracy:32.965686
INFO:train:Epoch   1,     225/411 batches  loss:5.009687,  num_corrects :308,  num_tgts :917 ,accuracy:33.587786
INFO:train:Epoch   1,     226/411 batches  loss:4.986747,  num_corrects :253,  num_tgts :909 ,accuracy:27.832783
INFO:train:Epoch   1,     227/411 batches  loss:4.254725,  num_corrects :295,  num_tgts :773 ,accuracy:38.163001
INFO:train:Epoch   1,     228/411 batches  loss:4.725913,  num_corrects :310,  num_tgts :929 ,accuracy:33.369214
INFO:train:Epoch   1,     229/411 batches  loss:4.552014,  num_corrects :297,  num_tgts :831 ,accuracy:35.740072
INFO:train:Epoch   1,     230/411 batches  loss:5.160724,  num_corrects :254,  num_tgts :965 ,accuracy:26.321244
INFO:train:Epoch   1,     231/411 batches  loss:4.112705,  num_corrects :294,  num_tgts :807 ,accuracy:36.431227
INFO:train:Epoch   1,     232/411 batches  loss:4.297587,  num_corrects :296,  num_tgts :785 ,accuracy:37.707006
INFO:train:Epoch   1,     233/411 batches  loss:5.353725,  num_corrects :255,  num_tgts :892 ,accuracy:28.587444
INFO:train:Epoch   1,     234/411 batches  loss:4.790706,  num_corrects :344,  num_tgts :1007 ,accuracy:34.160874
INFO:train:Epoch   1,     235/411 batches  loss:6.140702,  num_corrects :205,  num_tgts :929 ,accuracy:22.066738
INFO:train:Epoch   1,     236/411 batches  loss:5.258959,  num_corrects :260,  num_tgts :933 ,accuracy:27.867095
INFO:train:Epoch   1,     237/411 batches  loss:5.794176,  num_corrects :187,  num_tgts :818 ,accuracy:22.860636
INFO:train:Epoch   1,     238/411 batches  loss:5.435212,  num_corrects :207,  num_tgts :885 ,accuracy:23.389831
INFO:train:Epoch   1,     239/411 batches  loss:4.601122,  num_corrects :299,  num_tgts :900 ,accuracy:33.222222
INFO:train:Epoch   1,     240/411 batches  loss:5.239680,  num_corrects :228,  num_tgts :888 ,accuracy:25.675676
INFO:train:Epoch   1,     241/411 batches  loss:4.600420,  num_corrects :285,  num_tgts :908 ,accuracy:31.387665
INFO:train:Epoch   1,     242/411 batches  loss:4.757159,  num_corrects :236,  num_tgts :773 ,accuracy:30.530401
INFO:train:Epoch   1,     243/411 batches  loss:4.842015,  num_corrects :291,  num_tgts :927 ,accuracy:31.391586
INFO:train:Epoch   1,     244/411 batches  loss:4.862429,  num_corrects :255,  num_tgts :871 ,accuracy:29.276693
INFO:train:Epoch   1,     245/411 batches  loss:4.665467,  num_corrects :296,  num_tgts :904 ,accuracy:32.743363
INFO:train:Epoch   1,     246/411 batches  loss:4.287819,  num_corrects :334,  num_tgts :909 ,accuracy:36.743674
INFO:train:Epoch   1,     247/411 batches  loss:4.667715,  num_corrects :294,  num_tgts :880 ,accuracy:33.409091
INFO:train:Epoch   1,     248/411 batches  loss:4.458038,  num_corrects :304,  num_tgts :807 ,accuracy:37.670384
INFO:train:Epoch   1,     249/411 batches  loss:4.249994,  num_corrects :317,  num_tgts :815 ,accuracy:38.895706
INFO:train:Epoch   1,     250/411 batches  loss:4.609624,  num_corrects :289,  num_tgts :857 ,accuracy:33.722287
INFO:train:Epoch   1,     251/411 batches  loss:4.141310,  num_corrects :358,  num_tgts :898 ,accuracy:39.866370
INFO:train:Epoch   1,     252/411 batches  loss:4.309361,  num_corrects :304,  num_tgts :908 ,accuracy:33.480176
INFO:train:Epoch   1,     253/411 batches  loss:4.311550,  num_corrects :353,  num_tgts :965 ,accuracy:36.580311
INFO:train:Epoch   1,     254/411 batches  loss:4.413525,  num_corrects :336,  num_tgts :921 ,accuracy:36.482085
INFO:train:Epoch   1,     255/411 batches  loss:4.148255,  num_corrects :321,  num_tgts :883 ,accuracy:36.353341
INFO:train:Epoch   1,     256/411 batches  loss:4.207922,  num_corrects :335,  num_tgts :906 ,accuracy:36.975717
INFO:train:Epoch   1,     257/411 batches  loss:3.983434,  num_corrects :393,  num_tgts :928 ,accuracy:42.349138
INFO:train:Epoch   1,     258/411 batches  loss:4.066381,  num_corrects :371,  num_tgts :947 ,accuracy:39.176346
INFO:train:Epoch   1,     259/411 batches  loss:4.260946,  num_corrects :318,  num_tgts :875 ,accuracy:36.342857
INFO:train:Epoch   1,     260/411 batches  loss:4.033460,  num_corrects :359,  num_tgts :938 ,accuracy:38.272921
INFO:train:Epoch   1,     261/411 batches  loss:4.667845,  num_corrects :329,  num_tgts :984 ,accuracy:33.434959
INFO:train:Epoch   1,     262/411 batches  loss:3.611737,  num_corrects :372,  num_tgts :819 ,accuracy:45.421245
INFO:train:Epoch   1,     263/411 batches  loss:5.186209,  num_corrects :257,  num_tgts :889 ,accuracy:28.908886
INFO:train:Epoch   1,     264/411 batches  loss:4.503855,  num_corrects :306,  num_tgts :864 ,accuracy:35.416667
INFO:train:Epoch   1,     265/411 batches  loss:4.772357,  num_corrects :241,  num_tgts :777 ,accuracy:31.016731
INFO:train:Epoch   1,     266/411 batches  loss:4.824936,  num_corrects :252,  num_tgts :817 ,accuracy:30.844553
INFO:train:Epoch   1,     267/411 batches  loss:3.873897,  num_corrects :343,  num_tgts :854 ,accuracy:40.163934
INFO:train:Epoch   1,     268/411 batches  loss:4.736790,  num_corrects :280,  num_tgts :918 ,accuracy:30.501089
INFO:train:Epoch   1,     269/411 batches  loss:4.094370,  num_corrects :373,  num_tgts :938 ,accuracy:39.765458
INFO:train:Epoch   1,     270/411 batches  loss:3.900604,  num_corrects :346,  num_tgts :847 ,accuracy:40.850059
INFO:train:Epoch   1,     271/411 batches  loss:3.687953,  num_corrects :337,  num_tgts :753 ,accuracy:44.754316
INFO:train:Epoch   1,     272/411 batches  loss:4.290456,  num_corrects :321,  num_tgts :839 ,accuracy:38.259833
INFO:train:Epoch   1,     273/411 batches  loss:3.440489,  num_corrects :367,  num_tgts :819 ,accuracy:44.810745
INFO:train:Epoch   1,     274/411 batches  loss:3.922077,  num_corrects :347,  num_tgts :897 ,accuracy:38.684504
INFO:train:Epoch   1,     275/411 batches  loss:3.850925,  num_corrects :390,  num_tgts :920 ,accuracy:42.391304
INFO:train:Epoch   1,     276/411 batches  loss:4.037890,  num_corrects :402,  num_tgts :1031 ,accuracy:38.991271
INFO:train:Epoch   1,     277/411 batches  loss:3.164888,  num_corrects :385,  num_tgts :790 ,accuracy:48.734177
INFO:train:Epoch   1,     278/411 batches  loss:3.799439,  num_corrects :394,  num_tgts :947 ,accuracy:41.605069
INFO:train:Epoch   1,     279/411 batches  loss:3.498054,  num_corrects :388,  num_tgts :839 ,accuracy:46.245530
INFO:train:Epoch   1,     280/411 batches  loss:3.344067,  num_corrects :348,  num_tgts :748 ,accuracy:46.524064
INFO:train:Epoch   1,     281/411 batches  loss:3.213335,  num_corrects :331,  num_tgts :671 ,accuracy:49.329359
INFO:train:Epoch   1,     282/411 batches  loss:3.685100,  num_corrects :311,  num_tgts :689 ,accuracy:45.137881
INFO:train:Epoch   1,     283/411 batches  loss:3.139679,  num_corrects :389,  num_tgts :744 ,accuracy:52.284946
INFO:train:Epoch   1,     284/411 batches  loss:3.684204,  num_corrects :371,  num_tgts :873 ,accuracy:42.497136
INFO:train:Epoch   1,     285/411 batches  loss:3.029432,  num_corrects :366,  num_tgts :716 ,accuracy:51.117318
INFO:train:Epoch   1,     286/411 batches  loss:2.745374,  num_corrects :410,  num_tgts :718 ,accuracy:57.103064
INFO:train:Epoch   1,     287/411 batches  loss:3.375207,  num_corrects :359,  num_tgts :728 ,accuracy:49.313187
INFO:train:Epoch   1,     288/411 batches  loss:3.034835,  num_corrects :359,  num_tgts :712 ,accuracy:50.421348
INFO:train:Epoch   1,     289/411 batches  loss:3.694763,  num_corrects :340,  num_tgts :743 ,accuracy:45.760431
INFO:train:Epoch   1,     290/411 batches  loss:3.471341,  num_corrects :437,  num_tgts :865 ,accuracy:50.520231
INFO:train:Epoch   1,     291/411 batches  loss:2.784618,  num_corrects :368,  num_tgts :675 ,accuracy:54.518519
INFO:train:Epoch   1,     292/411 batches  loss:2.465027,  num_corrects :395,  num_tgts :675 ,accuracy:58.518519
INFO:train:Epoch   1,     293/411 batches  loss:2.936654,  num_corrects :374,  num_tgts :696 ,accuracy:53.735632
INFO:train:Epoch   1,     294/411 batches  loss:3.959511,  num_corrects :306,  num_tgts :730 ,accuracy:41.917808
INFO:train:Epoch   1,     295/411 batches  loss:3.446412,  num_corrects :363,  num_tgts :763 ,accuracy:47.575360
INFO:train:Epoch   1,     296/411 batches  loss:4.812817,  num_corrects :279,  num_tgts :765 ,accuracy:36.470588
INFO:train:Epoch   1,     297/411 batches  loss:2.759025,  num_corrects :404,  num_tgts :748 ,accuracy:54.010695
INFO:train:Epoch   1,     298/411 batches  loss:7.189768,  num_corrects :175,  num_tgts :757 ,accuracy:23.117569
INFO:train:Epoch   1,     299/411 batches  loss:6.376096,  num_corrects :228,  num_tgts :794 ,accuracy:28.715365
INFO:train:Epoch   1,     300/411 batches  loss:3.291052,  num_corrects :361,  num_tgts :727 ,accuracy:49.656121
INFO:train:Epoch   1,     301/411 batches  loss:8.081639,  num_corrects :118,  num_tgts :650 ,accuracy:18.153846
INFO:train:Epoch   1,     302/411 batches  loss:7.402671,  num_corrects :140,  num_tgts :724 ,accuracy:19.337017
INFO:train:Epoch   1,     303/411 batches  loss:5.302431,  num_corrects :202,  num_tgts :589 ,accuracy:34.295416
INFO:train:Epoch   1,     304/411 batches  loss:5.472147,  num_corrects :218,  num_tgts :899 ,accuracy:24.249166
INFO:train:Epoch   1,     305/411 batches  loss:6.419741,  num_corrects :132,  num_tgts :688 ,accuracy:19.186047
INFO:train:Epoch   1,     306/411 batches  loss:6.516542,  num_corrects :120,  num_tgts :764 ,accuracy:15.706806
INFO:train:Epoch   1,     307/411 batches  loss:5.758584,  num_corrects :168,  num_tgts :708 ,accuracy:23.728814
INFO:train:Epoch   1,     308/411 batches  loss:5.723628,  num_corrects :153,  num_tgts :801 ,accuracy:19.101124
INFO:train:Epoch   1,     309/411 batches  loss:5.833055,  num_corrects :140,  num_tgts :816 ,accuracy:17.156863
INFO:train:Epoch   1,     310/411 batches  loss:5.554533,  num_corrects :161,  num_tgts :693 ,accuracy:23.232323
INFO:train:Epoch   1,     311/411 batches  loss:5.814716,  num_corrects :179,  num_tgts :829 ,accuracy:21.592280
INFO:train:Epoch   1,     312/411 batches  loss:5.284819,  num_corrects :178,  num_tgts :658 ,accuracy:27.051672
INFO:train:Epoch   1,     313/411 batches  loss:5.220179,  num_corrects :149,  num_tgts :683 ,accuracy:21.815520
INFO:train:Epoch   1,     314/411 batches  loss:5.213143,  num_corrects :216,  num_tgts :772 ,accuracy:27.979275
INFO:train:Epoch   1,     315/411 batches  loss:4.657447,  num_corrects :243,  num_tgts :805 ,accuracy:30.186335
INFO:train:Epoch   1,     316/411 batches  loss:4.493403,  num_corrects :243,  num_tgts :694 ,accuracy:35.014409
INFO:train:Epoch   1,     317/411 batches  loss:4.796666,  num_corrects :285,  num_tgts :945 ,accuracy:30.158730
INFO:train:Epoch   1,     318/411 batches  loss:4.203469,  num_corrects :261,  num_tgts :743 ,accuracy:35.127860
INFO:train:Epoch   1,     319/411 batches  loss:3.903117,  num_corrects :297,  num_tgts :754 ,accuracy:39.389920
INFO:train:Epoch   1,     320/411 batches  loss:3.475934,  num_corrects :287,  num_tgts :626 ,accuracy:45.846645
INFO:train:Epoch   1,     321/411 batches  loss:4.211150,  num_corrects :305,  num_tgts :743 ,accuracy:41.049798
INFO:train:Epoch   1,     322/411 batches  loss:4.238158,  num_corrects :328,  num_tgts :856 ,accuracy:38.317757
INFO:train:Epoch   1,     323/411 batches  loss:4.082447,  num_corrects :285,  num_tgts :679 ,accuracy:41.973490
INFO:train:Epoch   1,     324/411 batches  loss:3.745196,  num_corrects :319,  num_tgts :732 ,accuracy:43.579235
INFO:train:Epoch   1,     325/411 batches  loss:2.916401,  num_corrects :298,  num_tgts :589 ,accuracy:50.594228
INFO:train:Epoch   1,     326/411 batches  loss:3.620081,  num_corrects :321,  num_tgts :689 ,accuracy:46.589260
INFO:train:Epoch   1,     327/411 batches  loss:3.162263,  num_corrects :371,  num_tgts :732 ,accuracy:50.683060
INFO:train:Epoch   1,     328/411 batches  loss:3.486567,  num_corrects :339,  num_tgts :739 ,accuracy:45.872801
INFO:train:Epoch   1,     329/411 batches  loss:3.344253,  num_corrects :378,  num_tgts :759 ,accuracy:49.802372
INFO:train:Epoch   1,     330/411 batches  loss:3.844656,  num_corrects :336,  num_tgts :812 ,accuracy:41.379310
INFO:train:Epoch   1,     331/411 batches  loss:3.426883,  num_corrects :346,  num_tgts :773 ,accuracy:44.760673
INFO:train:Epoch   1,     332/411 batches  loss:3.429659,  num_corrects :363,  num_tgts :727 ,accuracy:49.931224
INFO:train:Epoch   1,     333/411 batches  loss:3.248245,  num_corrects :333,  num_tgts :683 ,accuracy:48.755490
INFO:train:Epoch   1,     334/411 batches  loss:2.859175,  num_corrects :389,  num_tgts :716 ,accuracy:54.329609
INFO:train:Epoch   1,     335/411 batches  loss:3.735827,  num_corrects :302,  num_tgts :621 ,accuracy:48.631240
INFO:train:Epoch   1,     336/411 batches  loss:3.265470,  num_corrects :390,  num_tgts :766 ,accuracy:50.913838
INFO:train:Epoch   1,     337/411 batches  loss:4.830495,  num_corrects :276,  num_tgts :847 ,accuracy:32.585596
INFO:train:Epoch   1,     338/411 batches  loss:4.543929,  num_corrects :263,  num_tgts :724 ,accuracy:36.325967
INFO:train:Epoch   1,     339/411 batches  loss:2.660188,  num_corrects :353,  num_tgts :636 ,accuracy:55.503145
INFO:train:Epoch   1,     340/411 batches  loss:3.865654,  num_corrects :320,  num_tgts :752 ,accuracy:42.553191
INFO:train:Epoch   1,     341/411 batches  loss:3.617501,  num_corrects :365,  num_tgts :801 ,accuracy:45.568040
INFO:train:Epoch   1,     342/411 batches  loss:3.524966,  num_corrects :329,  num_tgts :689 ,accuracy:47.750363
INFO:train:Epoch   1,     343/411 batches  loss:3.841692,  num_corrects :368,  num_tgts :847 ,accuracy:43.447462
INFO:train:Epoch   1,     344/411 batches  loss:2.543496,  num_corrects :402,  num_tgts :673 ,accuracy:59.732541
INFO:train:Epoch   1,     345/411 batches  loss:3.525174,  num_corrects :396,  num_tgts :836 ,accuracy:47.368421
INFO:train:Epoch   1,     346/411 batches  loss:2.771070,  num_corrects :422,  num_tgts :752 ,accuracy:56.117021
INFO:train:Epoch   1,     347/411 batches  loss:3.061265,  num_corrects :449,  num_tgts :818 ,accuracy:54.889976
INFO:train:Epoch   1,     348/411 batches  loss:2.756712,  num_corrects :457,  num_tgts :804 ,accuracy:56.840796
INFO:train:Epoch   1,     349/411 batches  loss:2.228602,  num_corrects :403,  num_tgts :652 ,accuracy:61.809816
INFO:train:Epoch   1,     350/411 batches  loss:2.821441,  num_corrects :471,  num_tgts :838 ,accuracy:56.205251
INFO:train:Epoch   1,     351/411 batches  loss:2.548220,  num_corrects :411,  num_tgts :668 ,accuracy:61.526946
INFO:train:Epoch   1,     352/411 batches  loss:2.554797,  num_corrects :465,  num_tgts :785 ,accuracy:59.235669
INFO:train:Epoch   1,     353/411 batches  loss:2.572259,  num_corrects :467,  num_tgts :799 ,accuracy:58.448060
INFO:train:Epoch   1,     354/411 batches  loss:3.132064,  num_corrects :440,  num_tgts :813 ,accuracy:54.120541
INFO:train:Epoch   1,     355/411 batches  loss:2.327333,  num_corrects :442,  num_tgts :713 ,accuracy:61.991585
INFO:train:Epoch   1,     356/411 batches  loss:4.896455,  num_corrects :378,  num_tgts :891 ,accuracy:42.424242
INFO:train:Epoch   1,     357/411 batches  loss:4.148323,  num_corrects :342,  num_tgts :730 ,accuracy:46.849315
INFO:train:Epoch   1,     358/411 batches  loss:2.556683,  num_corrects :490,  num_tgts :827 ,accuracy:59.250302
INFO:train:Epoch   1,     359/411 batches  loss:5.895709,  num_corrects :268,  num_tgts :771 ,accuracy:34.760052
INFO:train:Epoch   1,     360/411 batches  loss:6.668630,  num_corrects :255,  num_tgts :886 ,accuracy:28.781038
INFO:train:Epoch   1,     361/411 batches  loss:3.353998,  num_corrects :379,  num_tgts :710 ,accuracy:53.380282
INFO:train:Epoch   1,     362/411 batches  loss:5.250579,  num_corrects :279,  num_tgts :792 ,accuracy:35.227273
INFO:train:Epoch   1,     363/411 batches  loss:6.484230,  num_corrects :242,  num_tgts :870 ,accuracy:27.816092
INFO:train:Epoch   1,     364/411 batches  loss:4.008598,  num_corrects :320,  num_tgts :715 ,accuracy:44.755245
INFO:train:Epoch   1,     365/411 batches  loss:2.945796,  num_corrects :380,  num_tgts :728 ,accuracy:52.197802
INFO:train:Epoch   1,     366/411 batches  loss:3.277913,  num_corrects :323,  num_tgts :687 ,accuracy:47.016012
INFO:train:Epoch   1,     367/411 batches  loss:3.113820,  num_corrects :416,  num_tgts :796 ,accuracy:52.261307
INFO:train:Epoch   1,     368/411 batches  loss:3.319665,  num_corrects :352,  num_tgts :699 ,accuracy:50.357654
INFO:train:Epoch   1,     369/411 batches  loss:3.517570,  num_corrects :344,  num_tgts :734 ,accuracy:46.866485
INFO:train:Epoch   1,     370/411 batches  loss:2.543411,  num_corrects :405,  num_tgts :662 ,accuracy:61.178248
INFO:train:Epoch   1,     371/411 batches  loss:2.776715,  num_corrects :382,  num_tgts :699 ,accuracy:54.649499
INFO:train:Epoch   1,     372/411 batches  loss:3.023018,  num_corrects :408,  num_tgts :784 ,accuracy:52.040816
INFO:train:Epoch   1,     373/411 batches  loss:3.194722,  num_corrects :432,  num_tgts :842 ,accuracy:51.306413
INFO:train:Epoch   1,     374/411 batches  loss:3.278427,  num_corrects :418,  num_tgts :768 ,accuracy:54.427083
INFO:train:Epoch   1,     375/411 batches  loss:2.655045,  num_corrects :415,  num_tgts :714 ,accuracy:58.123249
INFO:train:Epoch   1,     376/411 batches  loss:2.551086,  num_corrects :458,  num_tgts :750 ,accuracy:61.066667
INFO:train:Epoch   1,     377/411 batches  loss:2.848817,  num_corrects :483,  num_tgts :859 ,accuracy:56.228172
INFO:train:Epoch   1,     378/411 batches  loss:2.788633,  num_corrects :400,  num_tgts :717 ,accuracy:55.788006
INFO:train:Epoch   1,     379/411 batches  loss:2.140790,  num_corrects :472,  num_tgts :734 ,accuracy:64.305177
INFO:train:Epoch   1,     380/411 batches  loss:3.017357,  num_corrects :395,  num_tgts :736 ,accuracy:53.668478
INFO:train:Epoch   1,     381/411 batches  loss:2.365438,  num_corrects :479,  num_tgts :802 ,accuracy:59.725686
INFO:train:Epoch   1,     382/411 batches  loss:3.217896,  num_corrects :415,  num_tgts :761 ,accuracy:54.533509
INFO:train:Epoch   1,     383/411 batches  loss:3.146544,  num_corrects :392,  num_tgts :763 ,accuracy:51.376147
INFO:train:Epoch   1,     384/411 batches  loss:1.690799,  num_corrects :433,  num_tgts :607 ,accuracy:71.334432
INFO:train:Epoch   1,     385/411 batches  loss:2.201746,  num_corrects :401,  num_tgts :639 ,accuracy:62.754304
INFO:train:Epoch   1,     386/411 batches  loss:2.575768,  num_corrects :525,  num_tgts :867 ,accuracy:60.553633
INFO:train:Epoch   1,     387/411 batches  loss:1.766519,  num_corrects :518,  num_tgts :750 ,accuracy:69.066667
INFO:train:Epoch   1,     388/411 batches  loss:2.365179,  num_corrects :481,  num_tgts :747 ,accuracy:64.390897
INFO:train:Epoch   1,     389/411 batches  loss:2.082673,  num_corrects :507,  num_tgts :761 ,accuracy:66.622865
INFO:train:Epoch   1,     390/411 batches  loss:1.831103,  num_corrects :468,  num_tgts :666 ,accuracy:70.270270
INFO:train:Epoch   1,     391/411 batches  loss:2.221662,  num_corrects :447,  num_tgts :714 ,accuracy:62.605042
INFO:train:Epoch   1,     392/411 batches  loss:2.637478,  num_corrects :496,  num_tgts :850 ,accuracy:58.352941
INFO:train:Epoch   1,     393/411 batches  loss:1.691822,  num_corrects :497,  num_tgts :701 ,accuracy:70.898716
